#
# A fatal error has been detected by the Java Runtime Environment:
#
#  SIGSEGV (0xb) at pc=0x00007eff48531b56, pid=5515, tid=5554
#
# JRE version: OpenJDK Runtime Environment (11.0.20+8) (build 11.0.20+8-post-Ubuntu-1ubuntu120.04)
# Java VM: OpenJDK 64-Bit Server VM (11.0.20+8-post-Ubuntu-1ubuntu120.04, mixed mode, sharing, tiered, compressed oops, g1 gc, linux-amd64)
# Problematic frame:
# C  [libnvwgf2umx.so+0x2ca0b56]
#
# No core dump will be written. Core dumps have been disabled. To enable core dumping, try "ulimit -c unlimited" before starting Java again
#
# If you would like to submit a bug report, please visit:
#   https://bugs.launchpad.net/ubuntu/+source/openjdk-lts
#

---------------  S U M M A R Y ------------

Command Line: pong.Renderer

Host: Intel(R) Core(TM) i5-7400 CPU @ 3.00GHz, 4 cores, 7G, Ubuntu 20.04.6 LTS
Time: Thu Oct 26 02:00:06 2023 -03 elapsed time: 6.813615 seconds (0d 0h 0m 6s)

---------------  T H R E A D  ---------------

Current thread is native thread

Stack: [0x00007eff45092000,0x00007eff45891000],  sp=0x00007eff4588fe40,  free space=8183k
Native frames: (J=compiled Java code, A=aot compiled Java code, j=interpreted, Vv=VM code, C=native code)
C  [libnvwgf2umx.so+0x2ca0b56]


siginfo: si_signo: 11 (SIGSEGV), si_code: 1 (SEGV_MAPERR), si_addr: 0x00007eff74101000

Register to memory mapping:

RAX=
[error occurred during error reporting (printing register info), id 0xb, SIGSEGV (0xb) at pc=0x00007efff0725b6c]

Registers:
RAX=0x0000000000000005, RBX=0x00007eff54161650, RCX=0x00007eff54162501, RDX=0x00007eff4588fe50
RSP=0x00007eff4588fe40, RBP=0x0000000000000000, RSI=0x00007eff54161650, RDI=0x00007eff540e7c00
R8 =0x00007eff540e7c00, R9 =0x00007ffc7cfe8080, R10=0x0000000000306fcc, R11=0x0000000000000002
R12=0x00007eff4588fea7, R13=0x0000000000000000, R14=0x00007eff74101000, R15=0x0000000000000000
RIP=0x00007eff48531b56, EFLAGS=0x0000000000010246, CSGSFS=0x002b000000000033, ERR=0x0000000000000004
  TRAPNO=0x000000000000000e

Top of Stack: (sp=0x00007eff4588fe40)
0x00007eff4588fe40:   00007eff540e7c00 541625010008c5b1
0x00007eff4588fe50:   00007eff540e7d08 00007eff4588fe50
0x00007eff4588fe60:   00007eff4588fea7 00007eff540e7c00
0x00007eff4588fe70:   00007eff54161650 00007eff4588fea7 

Instructions: (pc=0x00007eff48531b56)
0x00007eff48531a56:   8d 7c 24 30 e8 61 da 8b fe 4c 89 ff e8 59 da 8b
0x00007eff48531a66:   fe 48 8b 44 24 38 48 81 c4 88 00 00 00 5b 41 5c
0x00007eff48531a76:   41 5d 41 5e 41 5f 5d c3 eb 0a eb 37 eb 35 eb 44
0x00007eff48531a86:   eb 02 eb 2f 48 89 c3 48 8d 7c 24 30 e8 29 da 8b
0x00007eff48531a96:   fe eb 23 eb 1e 48 89 c3 48 8d 7c 24 30 e8 18 da
0x00007eff48531aa6:   8b fe eb 03 48 89 c3 48 8d 7c 24 48 e8 09 da 8b
0x00007eff48531ab6:   fe eb 03 48 89 c3 48 8d 7c 24 40 e8 fa d9 8b fe
0x00007eff48531ac6:   eb 05 eb 00 48 89 c3 48 8b 7c 24 38 e8 e9 d9 8b
0x00007eff48531ad6:   fe 48 89 df e8 91 0e 75 fe cc 55 41 57 41 56 41
0x00007eff48531ae6:   55 41 54 53 48 83 ec 28 f6 47 28 10 0f 84 53 01
0x00007eff48531af6:   00 00 48 89 f3 8b 46 10 85 c0 0f 84 45 01 00 00
0x00007eff48531b06:   49 89 d4 49 89 f8 4c 8b 73 28 b1 01 89 4c 24 0c
0x00007eff48531b16:   45 31 ff 48 8d 54 24 10 45 31 ed 4c 89 64 24 20
0x00007eff48531b26:   48 89 3c 24 48 89 54 24 18 eb 25 90 90 90 90 90
0x00007eff48531b36:   90 90 90 90 90 90 90 90 90 90 8b 43 10 49 83 c5
0x00007eff48531b46:   01 89 c1 41 83 c7 01 49 39 cd 0f 83 f5 00 00 00
0x00007eff48531b56:   43 8b 0c ae 0f b7 c9 42 3b 8c ab 4c 04 00 00 74
0x00007eff48531b66:   dc 42 89 8c ab 4c 04 00 00 8b 4b 0c 85 c9 74 cd
0x00007eff48531b76:   31 ed eb 1e 8b 73 04 4c 89 c7 44 89 ea 89 e9 e8
0x00007eff48531b86:   96 3b 03 00 4c 8b 04 24 83 c5 01 8b 4b 0c 39 cd
0x00007eff48531b96:   73 a8 41 0f af cf 01 e9 41 0f b6 84 0e 80 90 00
0x00007eff48531ba6:   00 24 7f 8d 50 e0 80 fa 14 77 dd 48 8b 93 50 08
0x00007eff48531bb6:   00 00 3a 04 0a 74 d1 88 04 0a 41 c6 04 24 01 41
0x00007eff48531bc6:   80 78 2d 00 75 ae f6 44 24 0c 01 75 09 41 f6 40
0x00007eff48531bd6:   28 20 75 b4 eb 33 4c 8d 64 24 10 4c 89 e7 4c 89
0x00007eff48531be6:   c6 48 89 da e8 01 2a 03 00 48 8b 3c 24 4c 89 e6
0x00007eff48531bf6:   e8 75 e0 ff ff 4c 89 e7 e8 bd d8 8b fe c7 44 24
0x00007eff48531c06:   0c 00 00 00 00 4c 8b 04 24 8b 53 04 45 0f b6 48
0x00007eff48531c16:   2c 4c 8d 64 24 10 4c 89 e7 4c 89 c6 44 89 e9 41
0x00007eff48531c26:   89 e8 e8 e3 29 03 00 48 8b 3c 24 4c 89 e6 e8 37
0x00007eff48531c36:   e0 ff ff 4c 89 e7 e8 7f d8 8b fe 4c 8b 64 24 20
0x00007eff48531c46:   e9 3f ff ff ff 48 83 c4 28 5b 41 5c 41 5d 41 5e 


Stack slot to memory mapping:
stack at sp + 0 slots: 
[error occurred during error reporting (inspecting top of stack), id 0xb, SIGSEGV (0xb) at pc=0x00007efff0725b6c]


---------------  P R O C E S S  ---------------

VM state:at safepoint (shutting down)

VM Mutex/Monitor currently owned by a thread:  ([mutex/lock_event])
[0x00007effe8012f80] Threads_lock - owner thread: 0x00007effe810c800

Heap address: 0x0000000084400000, size: 1980 MB, Compressed Oops mode: 32-bit
Narrow klass base: 0x0000000800000000, Narrow klass shift: 3
Compressed class space size: 1073741824 Address: 0x0000000840000000

Heap:
 garbage-first heap   total 129024K, used 14753K [0x0000000084400000, 0x0000000100000000)
  region size 1024K, 15 young (15360K), 2 survivors (2048K)
 Metaspace       used 11839K, capacity 12110K, committed 12416K, reserved 1060864K
  class space    used 948K, capacity 1093K, committed 1152K, reserved 1048576K
Heap Regions: E=young(eden), S=young(survivor), O=old, HS=humongous(starts), HC=humongous(continues), CS=collection set, F=free, A=archive, TAMS=top-at-mark-start (previous, next)
|   0|0x0000000084400000, 0x0000000084400000, 0x0000000084500000|  0%| F|  |TAMS 0x0000000084400000, 0x0000000084400000| Untracked 
|   1|0x0000000084500000, 0x0000000084500000, 0x0000000084600000|  0%| F|  |TAMS 0x0000000084500000, 0x0000000084500000| Untracked 
|   2|0x0000000084600000, 0x0000000084600000, 0x0000000084700000|  0%| F|  |TAMS 0x0000000084600000, 0x0000000084600000| Untracked 
|   3|0x0000000084700000, 0x0000000084700000, 0x0000000084800000|  0%| F|  |TAMS 0x0000000084700000, 0x0000000084700000| Untracked 
|   4|0x0000000084800000, 0x0000000084800000, 0x0000000084900000|  0%| F|  |TAMS 0x0000000084800000, 0x0000000084800000| Untracked 
|   5|0x0000000084900000, 0x0000000084900000, 0x0000000084a00000|  0%| F|  |TAMS 0x0000000084900000, 0x0000000084900000| Untracked 
|   6|0x0000000084a00000, 0x0000000084a00000, 0x0000000084b00000|  0%| F|  |TAMS 0x0000000084a00000, 0x0000000084a00000| Untracked 
|   7|0x0000000084b00000, 0x0000000084b00000, 0x0000000084c00000|  0%| F|  |TAMS 0x0000000084b00000, 0x0000000084b00000| Untracked 
|   8|0x0000000084c00000, 0x0000000084c00000, 0x0000000084d00000|  0%| F|  |TAMS 0x0000000084c00000, 0x0000000084c00000| Untracked 
|   9|0x0000000084d00000, 0x0000000084d00000, 0x0000000084e00000|  0%| F|  |TAMS 0x0000000084d00000, 0x0000000084d00000| Untracked 
|  10|0x0000000084e00000, 0x0000000084e00000, 0x0000000084f00000|  0%| F|  |TAMS 0x0000000084e00000, 0x0000000084e00000| Untracked 
|  11|0x0000000084f00000, 0x0000000084f00000, 0x0000000085000000|  0%| F|  |TAMS 0x0000000084f00000, 0x0000000084f00000| Untracked 
|  12|0x0000000085000000, 0x0000000085000000, 0x0000000085100000|  0%| F|  |TAMS 0x0000000085000000, 0x0000000085000000| Untracked 
|  13|0x0000000085100000, 0x0000000085100000, 0x0000000085200000|  0%| F|  |TAMS 0x0000000085100000, 0x0000000085100000| Untracked 
|  14|0x0000000085200000, 0x0000000085200000, 0x0000000085300000|  0%| F|  |TAMS 0x0000000085200000, 0x0000000085200000| Untracked 
|  15|0x0000000085300000, 0x0000000085300000, 0x0000000085400000|  0%| F|  |TAMS 0x0000000085300000, 0x0000000085300000| Untracked 
|  16|0x0000000085400000, 0x0000000085400000, 0x0000000085500000|  0%| F|  |TAMS 0x0000000085400000, 0x0000000085400000| Untracked 
|  17|0x0000000085500000, 0x0000000085500000, 0x0000000085600000|  0%| F|  |TAMS 0x0000000085500000, 0x0000000085500000| Untracked 
|  18|0x0000000085600000, 0x0000000085600000, 0x0000000085700000|  0%| F|  |TAMS 0x0000000085600000, 0x0000000085600000| Untracked 
|  19|0x0000000085700000, 0x0000000085700000, 0x0000000085800000|  0%| F|  |TAMS 0x0000000085700000, 0x0000000085700000| Untracked 
|  20|0x0000000085800000, 0x0000000085800000, 0x0000000085900000|  0%| F|  |TAMS 0x0000000085800000, 0x0000000085800000| Untracked 
|  21|0x0000000085900000, 0x0000000085900000, 0x0000000085a00000|  0%| F|  |TAMS 0x0000000085900000, 0x0000000085900000| Untracked 
|  22|0x0000000085a00000, 0x0000000085a00000, 0x0000000085b00000|  0%| F|  |TAMS 0x0000000085a00000, 0x0000000085a00000| Untracked 
|  23|0x0000000085b00000, 0x0000000085b00000, 0x0000000085c00000|  0%| F|  |TAMS 0x0000000085b00000, 0x0000000085b00000| Untracked 
|  24|0x0000000085c00000, 0x0000000085c00000, 0x0000000085d00000|  0%| F|  |TAMS 0x0000000085c00000, 0x0000000085c00000| Untracked 
|  25|0x0000000085d00000, 0x0000000085d00000, 0x0000000085e00000|  0%| F|  |TAMS 0x0000000085d00000, 0x0000000085d00000| Untracked 
|  26|0x0000000085e00000, 0x0000000085e00000, 0x0000000085f00000|  0%| F|  |TAMS 0x0000000085e00000, 0x0000000085e00000| Untracked 
|  27|0x0000000085f00000, 0x0000000085f00000, 0x0000000086000000|  0%| F|  |TAMS 0x0000000085f00000, 0x0000000085f00000| Untracked 
|  28|0x0000000086000000, 0x0000000086000000, 0x0000000086100000|  0%| F|  |TAMS 0x0000000086000000, 0x0000000086000000| Untracked 
|  29|0x0000000086100000, 0x0000000086100000, 0x0000000086200000|  0%| F|  |TAMS 0x0000000086100000, 0x0000000086100000| Untracked 
|  30|0x0000000086200000, 0x0000000086200000, 0x0000000086300000|  0%| F|  |TAMS 0x0000000086200000, 0x0000000086200000| Untracked 
|  31|0x0000000086300000, 0x0000000086300000, 0x0000000086400000|  0%| F|  |TAMS 0x0000000086300000, 0x0000000086300000| Untracked 
|  32|0x0000000086400000, 0x0000000086400000, 0x0000000086500000|  0%| F|  |TAMS 0x0000000086400000, 0x0000000086400000| Untracked 
|  33|0x0000000086500000, 0x0000000086500000, 0x0000000086600000|  0%| F|  |TAMS 0x0000000086500000, 0x0000000086500000| Untracked 
|  34|0x0000000086600000, 0x0000000086600000, 0x0000000086700000|  0%| F|  |TAMS 0x0000000086600000, 0x0000000086600000| Untracked 
|  35|0x0000000086700000, 0x0000000086700000, 0x0000000086800000|  0%| F|  |TAMS 0x0000000086700000, 0x0000000086700000| Untracked 
|  36|0x0000000086800000, 0x0000000086800000, 0x0000000086900000|  0%| F|  |TAMS 0x0000000086800000, 0x0000000086800000| Untracked 
|  37|0x0000000086900000, 0x0000000086900000, 0x0000000086a00000|  0%| F|  |TAMS 0x0000000086900000, 0x0000000086900000| Untracked 
|  38|0x0000000086a00000, 0x0000000086a00000, 0x0000000086b00000|  0%| F|  |TAMS 0x0000000086a00000, 0x0000000086a00000| Untracked 
|  39|0x0000000086b00000, 0x0000000086b00000, 0x0000000086c00000|  0%| F|  |TAMS 0x0000000086b00000, 0x0000000086b00000| Untracked 
|  40|0x0000000086c00000, 0x0000000086c00000, 0x0000000086d00000|  0%| F|  |TAMS 0x0000000086c00000, 0x0000000086c00000| Untracked 
|  41|0x0000000086d00000, 0x0000000086d00000, 0x0000000086e00000|  0%| F|  |TAMS 0x0000000086d00000, 0x0000000086d00000| Untracked 
|  42|0x0000000086e00000, 0x0000000086e00000, 0x0000000086f00000|  0%| F|  |TAMS 0x0000000086e00000, 0x0000000086e00000| Untracked 
|  43|0x0000000086f00000, 0x0000000086f00000, 0x0000000087000000|  0%| F|  |TAMS 0x0000000086f00000, 0x0000000086f00000| Untracked 
|  44|0x0000000087000000, 0x0000000087000000, 0x0000000087100000|  0%| F|  |TAMS 0x0000000087000000, 0x0000000087000000| Untracked 
|  45|0x0000000087100000, 0x0000000087100000, 0x0000000087200000|  0%| F|  |TAMS 0x0000000087100000, 0x0000000087100000| Untracked 
|  46|0x0000000087200000, 0x0000000087200000, 0x0000000087300000|  0%| F|  |TAMS 0x0000000087200000, 0x0000000087200000| Untracked 
|  47|0x0000000087300000, 0x0000000087300000, 0x0000000087400000|  0%| F|  |TAMS 0x0000000087300000, 0x0000000087300000| Untracked 
|  48|0x0000000087400000, 0x0000000087400000, 0x0000000087500000|  0%| F|  |TAMS 0x0000000087400000, 0x0000000087400000| Untracked 
|  49|0x0000000087500000, 0x0000000087500000, 0x0000000087600000|  0%| F|  |TAMS 0x0000000087500000, 0x0000000087500000| Untracked 
|  50|0x0000000087600000, 0x0000000087600000, 0x0000000087700000|  0%| F|  |TAMS 0x0000000087600000, 0x0000000087600000| Untracked 
|  51|0x0000000087700000, 0x0000000087700000, 0x0000000087800000|  0%| F|  |TAMS 0x0000000087700000, 0x0000000087700000| Untracked 
|  52|0x0000000087800000, 0x0000000087800000, 0x0000000087900000|  0%| F|  |TAMS 0x0000000087800000, 0x0000000087800000| Untracked 
|  53|0x0000000087900000, 0x0000000087900000, 0x0000000087a00000|  0%| F|  |TAMS 0x0000000087900000, 0x0000000087900000| Untracked 
|  54|0x0000000087a00000, 0x0000000087a00000, 0x0000000087b00000|  0%| F|  |TAMS 0x0000000087a00000, 0x0000000087a00000| Untracked 
|  55|0x0000000087b00000, 0x0000000087b00000, 0x0000000087c00000|  0%| F|  |TAMS 0x0000000087b00000, 0x0000000087b00000| Untracked 
|  56|0x0000000087c00000, 0x0000000087c00000, 0x0000000087d00000|  0%| F|  |TAMS 0x0000000087c00000, 0x0000000087c00000| Untracked 
|  57|0x0000000087d00000, 0x0000000087d00000, 0x0000000087e00000|  0%| F|  |TAMS 0x0000000087d00000, 0x0000000087d00000| Untracked 
|  58|0x0000000087e00000, 0x0000000087e00000, 0x0000000087f00000|  0%| F|  |TAMS 0x0000000087e00000, 0x0000000087e00000| Untracked 
|  59|0x0000000087f00000, 0x0000000087f00000, 0x0000000088000000|  0%| F|  |TAMS 0x0000000087f00000, 0x0000000087f00000| Untracked 
|  60|0x0000000088000000, 0x0000000088000000, 0x0000000088100000|  0%| F|  |TAMS 0x0000000088000000, 0x0000000088000000| Untracked 
|  61|0x0000000088100000, 0x0000000088100000, 0x0000000088200000|  0%| F|  |TAMS 0x0000000088100000, 0x0000000088100000| Untracked 
|  62|0x0000000088200000, 0x0000000088200000, 0x0000000088300000|  0%| F|  |TAMS 0x0000000088200000, 0x0000000088200000| Untracked 
|  63|0x0000000088300000, 0x0000000088300000, 0x0000000088400000|  0%| F|  |TAMS 0x0000000088300000, 0x0000000088300000| Untracked 
|  64|0x0000000088400000, 0x0000000088400000, 0x0000000088500000|  0%| F|  |TAMS 0x0000000088400000, 0x0000000088400000| Untracked 
|  65|0x0000000088500000, 0x0000000088500000, 0x0000000088600000|  0%| F|  |TAMS 0x0000000088500000, 0x0000000088500000| Untracked 
|  66|0x0000000088600000, 0x0000000088600000, 0x0000000088700000|  0%| F|  |TAMS 0x0000000088600000, 0x0000000088600000| Untracked 
|  67|0x0000000088700000, 0x0000000088700000, 0x0000000088800000|  0%| F|  |TAMS 0x0000000088700000, 0x0000000088700000| Untracked 
|  68|0x0000000088800000, 0x0000000088800000, 0x0000000088900000|  0%| F|  |TAMS 0x0000000088800000, 0x0000000088800000| Untracked 
|  69|0x0000000088900000, 0x0000000088900000, 0x0000000088a00000|  0%| F|  |TAMS 0x0000000088900000, 0x0000000088900000| Untracked 
|  70|0x0000000088a00000, 0x0000000088a00000, 0x0000000088b00000|  0%| F|  |TAMS 0x0000000088a00000, 0x0000000088a00000| Untracked 
|  71|0x0000000088b00000, 0x0000000088b00000, 0x0000000088c00000|  0%| F|  |TAMS 0x0000000088b00000, 0x0000000088b00000| Untracked 
|  72|0x0000000088c00000, 0x0000000088c00000, 0x0000000088d00000|  0%| F|  |TAMS 0x0000000088c00000, 0x0000000088c00000| Untracked 
|  73|0x0000000088d00000, 0x0000000088d00000, 0x0000000088e00000|  0%| F|  |TAMS 0x0000000088d00000, 0x0000000088d00000| Untracked 
|  74|0x0000000088e00000, 0x0000000088e00000, 0x0000000088f00000|  0%| F|  |TAMS 0x0000000088e00000, 0x0000000088e00000| Untracked 
|  75|0x0000000088f00000, 0x0000000088f00000, 0x0000000089000000|  0%| F|  |TAMS 0x0000000088f00000, 0x0000000088f00000| Untracked 
|  76|0x0000000089000000, 0x0000000089000000, 0x0000000089100000|  0%| F|  |TAMS 0x0000000089000000, 0x0000000089000000| Untracked 
|  77|0x0000000089100000, 0x0000000089100000, 0x0000000089200000|  0%| F|  |TAMS 0x0000000089100000, 0x0000000089100000| Untracked 
|  78|0x0000000089200000, 0x0000000089200000, 0x0000000089300000|  0%| F|  |TAMS 0x0000000089200000, 0x0000000089200000| Untracked 
|  79|0x0000000089300000, 0x0000000089300000, 0x0000000089400000|  0%| F|  |TAMS 0x0000000089300000, 0x0000000089300000| Untracked 
|  80|0x0000000089400000, 0x0000000089400000, 0x0000000089500000|  0%| F|  |TAMS 0x0000000089400000, 0x0000000089400000| Untracked 
|  81|0x0000000089500000, 0x0000000089500000, 0x0000000089600000|  0%| F|  |TAMS 0x0000000089500000, 0x0000000089500000| Untracked 
|  82|0x0000000089600000, 0x0000000089600000, 0x0000000089700000|  0%| F|  |TAMS 0x0000000089600000, 0x0000000089600000| Untracked 
|  83|0x0000000089700000, 0x0000000089700000, 0x0000000089800000|  0%| F|  |TAMS 0x0000000089700000, 0x0000000089700000| Untracked 
|  84|0x0000000089800000, 0x0000000089800000, 0x0000000089900000|  0%| F|  |TAMS 0x0000000089800000, 0x0000000089800000| Untracked 
|  85|0x0000000089900000, 0x0000000089900000, 0x0000000089a00000|  0%| F|  |TAMS 0x0000000089900000, 0x0000000089900000| Untracked 
|  86|0x0000000089a00000, 0x0000000089a00000, 0x0000000089b00000|  0%| F|  |TAMS 0x0000000089a00000, 0x0000000089a00000| Untracked 
|  87|0x0000000089b00000, 0x0000000089b00000, 0x0000000089c00000|  0%| F|  |TAMS 0x0000000089b00000, 0x0000000089b00000| Untracked 
|  88|0x0000000089c00000, 0x0000000089c00000, 0x0000000089d00000|  0%| F|  |TAMS 0x0000000089c00000, 0x0000000089c00000| Untracked 
|  89|0x0000000089d00000, 0x0000000089d00000, 0x0000000089e00000|  0%| F|  |TAMS 0x0000000089d00000, 0x0000000089d00000| Untracked 
|  90|0x0000000089e00000, 0x0000000089e00000, 0x0000000089f00000|  0%| F|  |TAMS 0x0000000089e00000, 0x0000000089e00000| Untracked 
|  91|0x0000000089f00000, 0x0000000089f00000, 0x000000008a000000|  0%| F|  |TAMS 0x0000000089f00000, 0x0000000089f00000| Untracked 
|  92|0x000000008a000000, 0x000000008a000000, 0x000000008a100000|  0%| F|  |TAMS 0x000000008a000000, 0x000000008a000000| Untracked 
|  93|0x000000008a100000, 0x000000008a100000, 0x000000008a200000|  0%| F|  |TAMS 0x000000008a100000, 0x000000008a100000| Untracked 
|  94|0x000000008a200000, 0x000000008a200000, 0x000000008a300000|  0%| F|  |TAMS 0x000000008a200000, 0x000000008a200000| Untracked 
|  95|0x000000008a300000, 0x000000008a300000, 0x000000008a400000|  0%| F|  |TAMS 0x000000008a300000, 0x000000008a300000| Untracked 
|  96|0x000000008a400000, 0x000000008a400000, 0x000000008a500000|  0%| F|  |TAMS 0x000000008a400000, 0x000000008a400000| Untracked 
|  97|0x000000008a500000, 0x000000008a500000, 0x000000008a600000|  0%| F|  |TAMS 0x000000008a500000, 0x000000008a500000| Untracked 
|  98|0x000000008a600000, 0x000000008a600000, 0x000000008a700000|  0%| F|  |TAMS 0x000000008a600000, 0x000000008a600000| Untracked 
|  99|0x000000008a700000, 0x000000008a700000, 0x000000008a800000|  0%| F|  |TAMS 0x000000008a700000, 0x000000008a700000| Untracked 
| 100|0x000000008a800000, 0x000000008a800000, 0x000000008a900000|  0%| F|  |TAMS 0x000000008a800000, 0x000000008a800000| Untracked 
| 101|0x000000008a900000, 0x000000008a900000, 0x000000008aa00000|  0%| F|  |TAMS 0x000000008a900000, 0x000000008a900000| Untracked 
| 102|0x000000008aa00000, 0x000000008aa00000, 0x000000008ab00000|  0%| F|  |TAMS 0x000000008aa00000, 0x000000008aa00000| Untracked 
| 103|0x000000008ab00000, 0x000000008ab00000, 0x000000008ac00000|  0%| F|  |TAMS 0x000000008ab00000, 0x000000008ab00000| Untracked 
| 104|0x000000008ac00000, 0x000000008ac00000, 0x000000008ad00000|  0%| F|  |TAMS 0x000000008ac00000, 0x000000008ac00000| Untracked 
| 105|0x000000008ad00000, 0x000000008ad00000, 0x000000008ae00000|  0%| F|  |TAMS 0x000000008ad00000, 0x000000008ad00000| Untracked 
| 106|0x000000008ae00000, 0x000000008ae00000, 0x000000008af00000|  0%| F|  |TAMS 0x000000008ae00000, 0x000000008ae00000| Untracked 
| 107|0x000000008af00000, 0x000000008af00000, 0x000000008b000000|  0%| F|  |TAMS 0x000000008af00000, 0x000000008af00000| Untracked 
| 108|0x000000008b000000, 0x000000008b0b44f8, 0x000000008b100000| 70%| S|CS|TAMS 0x000000008b000000, 0x000000008b000000| Complete 
| 109|0x000000008b100000, 0x000000008b200000, 0x000000008b200000|100%| S|CS|TAMS 0x000000008b100000, 0x000000008b100000| Complete 
| 110|0x000000008b200000, 0x000000008b200000, 0x000000008b300000|  0%| F|  |TAMS 0x000000008b200000, 0x000000008b200000| Untracked 
| 111|0x000000008b300000, 0x000000008b400000, 0x000000008b400000|100%| E|  |TAMS 0x000000008b300000, 0x000000008b300000| Complete 
| 112|0x000000008b400000, 0x000000008b500000, 0x000000008b500000|100%| E|CS|TAMS 0x000000008b400000, 0x000000008b400000| Complete 
| 113|0x000000008b500000, 0x000000008b600000, 0x000000008b600000|100%| E|CS|TAMS 0x000000008b500000, 0x000000008b500000| Complete 
| 114|0x000000008b600000, 0x000000008b700000, 0x000000008b700000|100%| E|CS|TAMS 0x000000008b600000, 0x000000008b600000| Complete 
| 115|0x000000008b700000, 0x000000008b800000, 0x000000008b800000|100%| E|CS|TAMS 0x000000008b700000, 0x000000008b700000| Complete 
| 116|0x000000008b800000, 0x000000008b900000, 0x000000008b900000|100%| E|CS|TAMS 0x000000008b800000, 0x000000008b800000| Complete 
| 117|0x000000008b900000, 0x000000008ba00000, 0x000000008ba00000|100%| E|CS|TAMS 0x000000008b900000, 0x000000008b900000| Complete 
| 118|0x000000008ba00000, 0x000000008bb00000, 0x000000008bb00000|100%| E|CS|TAMS 0x000000008ba00000, 0x000000008ba00000| Complete 
| 119|0x000000008bb00000, 0x000000008bc00000, 0x000000008bc00000|100%| E|CS|TAMS 0x000000008bb00000, 0x000000008bb00000| Complete 
| 120|0x000000008bc00000, 0x000000008bd00000, 0x000000008bd00000|100%| E|CS|TAMS 0x000000008bc00000, 0x000000008bc00000| Complete 
| 121|0x000000008bd00000, 0x000000008be00000, 0x000000008be00000|100%| E|CS|TAMS 0x000000008bd00000, 0x000000008bd00000| Complete 
| 122|0x000000008be00000, 0x000000008bf00000, 0x000000008bf00000|100%| E|CS|TAMS 0x000000008be00000, 0x000000008be00000| Complete 
| 123|0x000000008bf00000, 0x000000008c000000, 0x000000008c000000|100%| E|CS|TAMS 0x000000008bf00000, 0x000000008bf00000| Complete 
|1978|0x00000000ffe00000, 0x00000000ffe48000, 0x00000000fff00000| 28%|OA|  |TAMS 0x00000000ffe00000, 0x00000000ffe00000| Untracked 
|1979|0x00000000fff00000, 0x00000000fff6c000, 0x0000000100000000| 42%|CA|  |TAMS 0x00000000fff00000, 0x00000000fff00000| Untracked 

Card table byte_map: [0x00007effee582000,0x00007effee960000] _byte_map_base: 0x00007effee160000

Marking Bits (Prev, Next): (CMBitMap*) 0x00007effe80567f8, (CMBitMap*) 0x00007effe8056830
 Prev Bits: [0x00007effec2b4000, 0x00007effee1a4000)
 Next Bits: [0x00007effca110000, 0x00007effcc000000)

Polling page: 0x00007effef44f000

Metaspace:

Usage:
  Non-class:     10.76 MB capacity,    10.64 MB ( 99%) used,    97.94 KB ( <1%) free+waste,    28.69 KB ( <1%) overhead. 
      Class:      1.07 MB capacity,   948.88 KB ( 87%) used,   130.24 KB ( 12%) free+waste,    13.88 KB (  1%) overhead. 
       Both:     11.83 MB capacity,    11.56 MB ( 98%) used,   228.18 KB (  2%) free+waste,    42.56 KB ( <1%) overhead. 

Virtual space:
  Non-class space:       12.00 MB reserved,      11.00 MB ( 92%) committed 
      Class space:        1.00 GB reserved,       1.12 MB ( <1%) committed 
             Both:        1.01 GB reserved,      12.12 MB (  1%) committed 

Chunk freelists:
   Non-Class:  239.00 KB
       Class:  27.00 KB
        Both:  266.00 KB

MaxMetaspaceSize: unlimited
CompressedClassSpaceSize: 1.00 GB
Initial GC threshold: 20.80 MB
Current GC threshold: 20.80 MB
CDS: on

CodeHeap 'non-profiled nmethods': size=120032Kb used=502Kb max_used=502Kb free=119529Kb
 bounds [0x00007effd82b9000, 0x00007effd8529000, 0x00007effdf7f1000]
CodeHeap 'profiled nmethods': size=120032Kb used=2384Kb max_used=2384Kb free=117648Kb
 bounds [0x00007effd0d81000, 0x00007effd0ff1000, 0x00007effd82b9000]
CodeHeap 'non-nmethods': size=5696Kb used=1604Kb max_used=1621Kb free=4092Kb
 bounds [0x00007effd07f1000, 0x00007effd0a61000, 0x00007effd0d81000]
 total_blobs=2280 nmethods=1280 adapters=913
 compilation: enabled
              stopped_count=0, restarted_count=0
 full_count=0

Compilation events (20 events):
Event: 5.354 Thread 0x00007effe811f800 1271       3       jogamp.newt.WindowImpl::surfaceUpdated (11 bytes)
Event: 5.354 Thread 0x00007effe811f800 nmethod 1271 0x00007effd0fcbc10 code [0x00007effd0fcbdc0, 0x00007effd0fcbf20]
Event: 5.354 Thread 0x00007effe811f800 1272   !   3       jogamp.nativewindow.SurfaceUpdatedHelper::surfaceUpdated (76 bytes)
Event: 5.355 Thread 0x00007effe811f800 nmethod 1272 0x00007effd0fcc010 code [0x00007effd0fcc240, 0x00007effd0fccb70]
Event: 5.362 Thread 0x00007effe811f800 1273       3       jogamp.opengl.x11.glx.X11GLXContext::makeCurrentImpl (141 bytes)
Event: 5.363 Thread 0x00007effe811f800 nmethod 1273 0x00007effd0fcd010 code [0x00007effd0fcd5c0, 0x00007effd0fcfa40]
Event: 5.458 Thread 0x00007effe811f800 1274   !   3       java.nio.DirectByteBuffer::<init> (145 bytes)
Event: 5.460 Thread 0x00007effe811f800 nmethod 1274 0x00007effd0fd0790 code [0x00007effd0fd0ae0, 0x00007effd0fd1f90]
Event: 5.460 Thread 0x00007effe811f800 1275       3       jdk.internal.misc.VM::isDirectMemoryPageAligned (4 bytes)
Event: 5.460 Thread 0x00007effe811f800 nmethod 1275 0x00007effd0fd2810 code [0x00007effd0fd29c0, 0x00007effd0fd2ab0]
Event: 5.460 Thread 0x00007effe811f800 1276       3       java.nio.Bits::pageSize (20 bytes)
Event: 5.460 Thread 0x00007effe811f800 nmethod 1276 0x00007effd0fd2b10 code [0x00007effd0fd2ce0, 0x00007effd0fd2e60]
Event: 5.460 Thread 0x00007effe811f800 1277   !   3       java.nio.Bits::reserveMemory (182 bytes)
Event: 5.461 Thread 0x00007effe811f800 nmethod 1277 0x00007effd0fd2f10 code [0x00007effd0fd3200, 0x00007effd0fd4160]
Event: 5.461 Thread 0x00007effe811f800 1278       3       java.nio.Bits::tryReserveMemory (51 bytes)
Event: 5.461 Thread 0x00007effe811f800 nmethod 1278 0x00007effd0fd4890 code [0x00007effd0fd4a60, 0x00007effd0fd4e30]
Event: 6.283 Thread 0x00007effe811d800 1279       4       jogamp.common.util.locks.RecursiveLockImpl01Unfairish$SingleThreadSync::isOwner (14 bytes)
Event: 6.284 Thread 0x00007effe811d800 nmethod 1279 0x00007effd8336410 code [0x00007effd83365a0, 0x00007effd8336638]
Event: 6.440 Thread 0x00007effe811d800 1280       4       java.util.ArrayList::get (15 bytes)
Event: 6.441 Thread 0x00007effe811d800 nmethod 1280 0x00007effd8336710 code [0x00007effd83368a0, 0x00007effd8336978]

GC Heap History (2 events):
Event: 0.527 GC heap before
{Heap before GC invocations=0 (full 0):
 garbage-first heap   total 129024K, used 15056K [0x0000000084400000, 0x0000000100000000)
  region size 1024K, 14 young (14336K), 0 survivors (0K)
 Metaspace       used 9386K, capacity 9654K, committed 10112K, reserved 1058816K
  class space    used 729K, capacity 849K, committed 896K, reserved 1048576K
}
Event: 0.534 GC heap after
{Heap after GC invocations=1 (full 0):
 garbage-first heap   total 129024K, used 2465K [0x0000000084400000, 0x0000000100000000)
  region size 1024K, 2 young (2048K), 2 survivors (2048K)
 Metaspace       used 9386K, capacity 9654K, committed 10112K, reserved 1058816K
  class space    used 729K, capacity 849K, committed 896K, reserved 1048576K
}

Deoptimization events (20 events):
Event: 0.146 Thread 0x00007effe8016800 DEOPT PACKING pc=0x00007effd82bea1c sp=0x00007effef597870
Event: 0.146 Thread 0x00007effe8016800 DEOPT UNPACKING pc=0x00007effd083aea5 sp=0x00007effef5977d0 mode 2
Event: 0.187 Thread 0x00007effe8016800 DEOPT PACKING pc=0x00007effd0da5788 sp=0x00007effef596b90
Event: 0.187 Thread 0x00007effe8016800 DEOPT UNPACKING pc=0x00007effd083b64a sp=0x00007effef596000 mode 0
Event: 0.194 Thread 0x00007effe8016800 DEOPT PACKING pc=0x00007effd0da5788 sp=0x00007effef5963e0
Event: 0.194 Thread 0x00007effe8016800 DEOPT UNPACKING pc=0x00007effd083b64a sp=0x00007effef595850 mode 0
Event: 0.380 Thread 0x00007effe8016800 DEOPT PACKING pc=0x00007effd0db30a4 sp=0x00007effef597f00
Event: 0.380 Thread 0x00007effe8016800 DEOPT UNPACKING pc=0x00007effd083b64a sp=0x00007effef597378 mode 0
Event: 0.988 Thread 0x00007effe8016800 DEOPT PACKING pc=0x00007effd0de05c2 sp=0x00007effef597300
Event: 0.988 Thread 0x00007effe8016800 DEOPT UNPACKING pc=0x00007effd083b64a sp=0x00007effef596788 mode 0
Event: 1.012 Thread 0x00007effe8016800 Uncommon trap: trap_request=0xffffff4d fr.pc=0x00007effd8308a34 relative=0x0000000000000094
Event: 1.012 Thread 0x00007effe8016800 Uncommon trap: reason=unstable_if action=reinterpret pc=0x00007effd8308a34 method=java.lang.reflect.AccessibleObject.checkCanSetAccessible(Ljava/lang/Class;Ljava/lang/Class;Z)Z @ 30 c2
Event: 1.012 Thread 0x00007effe8016800 DEOPT PACKING pc=0x00007effd8308a34 sp=0x00007effef598e50
Event: 1.012 Thread 0x00007effe8016800 DEOPT UNPACKING pc=0x00007effd083aea5 sp=0x00007effef598dd0 mode 2
Event: 1.028 Thread 0x00007effe8016800 DEOPT PACKING pc=0x00007effd0da94cf sp=0x00007effef599be0
Event: 1.028 Thread 0x00007effe8016800 DEOPT UNPACKING pc=0x00007effd083b64a sp=0x00007effef599088 mode 0
Event: 1.752 Thread 0x00007effe8588800 DEOPT PACKING pc=0x00007effd0f739d9 sp=0x00007eff3c6cefd0
Event: 1.753 Thread 0x00007effe8588800 DEOPT UNPACKING pc=0x00007effd083b64a sp=0x00007eff3c6ce5f0 mode 0
Event: 1.800 Thread 0x00007effe8588800 DEOPT PACKING pc=0x00007effd0f739d9 sp=0x00007eff3c6cefd0
Event: 1.800 Thread 0x00007effe8588800 DEOPT UNPACKING pc=0x00007effd083b64a sp=0x00007eff3c6ce5f0 mode 0

Classes redefined (0 events):
No events

Internal exceptions (19 events):
Event: 0.082 Thread 0x00007effe8016800 Exception <a 'java/lang/NoSuchMethodError'{0x000000008beaca10}: 'int java.lang.invoke.DirectMethodHandle$Holder.invokeSpecialIFC(java.lang.Object, java.lang.Object, int)'> (0x000000008beaca10) thrown at [src/hotspot/share/interpreter/linkResolver.cpp, line 772]
Event: 0.131 Thread 0x00007effe8016800 Exception <a 'java/lang/NoSuchMethodError'{0x000000008bde12b0}: 'java.lang.Object java.lang.invoke.DirectMethodHandle$Holder.invokeStaticInit(java.lang.Object, java.lang.Object, long, java.lang.Object)'> (0x000000008bde12b0) thrown at [src/hotspot/share/interpreter/linkResolver.cpp, line 772]
Event: 0.132 Thread 0x00007effe8016800 Exception <a 'java/lang/NoSuchMethodError'{0x000000008bded410}: 'java.lang.Object java.lang.invoke.Invokers$Holder.linkToTargetMethod(java.lang.Object, long, java.lang.Object)'> (0x000000008bded410) thrown at [src/hotspot/share/interpreter/linkResolver.cpp, line 772]
Event: 0.135 Thread 0x00007effe8016800 Exception <a 'java/lang/NoSuchMethodError'{0x000000008bdf7438}: 'java.lang.Object java.lang.invoke.DirectMethodHandle$Holder.invokeStatic(java.lang.Object, java.lang.Object, java.lang.Object, int)'> (0x000000008bdf7438) thrown at [src/hotspot/share/interpreter/linkResolver.cpp, line 772]
Event: 0.135 Thread 0x00007effe8016800 Exception <a 'java/lang/NoSuchMethodError'{0x000000008bdfdf10}: 'java.lang.Object java.lang.invoke.Invokers$Holder.linkToTargetMethod(java.lang.Object, java.lang.Object, int, java.lang.Object)'> (0x000000008bdfdf10) thrown at [src/hotspot/share/interpreter/linkResolver.cpp, line 772]
Event: 0.196 Thread 0x00007effe8016800 Exception <a 'java/lang/ClassNotFoundException'{0x000000008ba01c88}: sun/awt/resources/spi/awtProvider> (0x000000008ba01c88) thrown at [src/hotspot/share/classfile/systemDictionary.cpp, line 230]
Event: 0.229 Thread 0x00007effe8016800 Exception <a 'java/io/FileNotFoundException'{0x000000008ba86430}> (0x000000008ba86430) thrown at [src/hotspot/share/prims/jni.cpp, line 617]
Event: 0.246 Thread 0x00007effe8016800 Exception <a 'java/lang/NoSuchMethodError'{0x000000008bae1740}: 'java.lang.Object java.lang.invoke.DirectMethodHandle$Holder.invokeStatic(java.lang.Object, java.lang.Object, java.lang.Object, java.lang.Object, java.lang.Object, java.lang.Object, java.lang.Object, java.lang.Object, java.lang.Object, java.lang.Object, java.lang.Object, java.lang.Object, java.lang.Object, java.lang.Object, java.lang.Object)'> (0x000000008bae1740) thrown at [src/hotspot/share/interpreter/linkResolver.cpp, line 772]
Event: 0.247 Thread 0x00007effe8016800 Exception <a 'java/lang/NoSuchMethodError'{0x000000008baef2f0}: 'java.lang.Object java.lang.invoke.DirectMethodHandle$Holder.invokeStatic(java.lang.Object, java.lang.Object, java.lang.Object, java.lang.Object, java.lang.Object, java.lang.Object, java.lang.Object, java.lang.Object, java.lang.Object, java.lang.Object, java.lang.Object, java.lang.Object, java.lang.Object, java.lang.Object, java.lang.Object, java.lang.Object)'> (0x000000008baef2f0) thrown at [src/hotspot/share/interpreter/linkResolver.cpp, lin
Event: 0.248 Thread 0x00007effe8016800 Exception <a 'java/lang/NoSuchMethodError'{0x000000008bafcf60}: 'java.lang.Object java.lang.invoke.DirectMethodHandle$Holder.invokeSpecial(java.lang.Object, java.lang.Object, int, int, java.lang.Object, java.lang.Object, java.lang.Object)'> (0x000000008bafcf60) thrown at [src/hotspot/share/interpreter/linkResolver.cpp, line 772]
Event: 0.249 Thread 0x00007effe8016800 Exception <a 'java/lang/NoSuchMethodError'{0x000000008b900ab0}: 'java.lang.Object java.lang.invoke.DelegatingMethodHandle$Holder.reinvoke_L(java.lang.Object, int, int, java.lang.Object, java.lang.Object, java.lang.Object)'> (0x000000008b900ab0) thrown at [src/hotspot/share/interpreter/linkResolver.cpp, line 772]
Event: 0.250 Thread 0x00007effe8016800 Exception <a 'java/lang/NoSuchMethodError'{0x000000008b9049d8}: 'java.lang.Object java.lang.invoke.DirectMethodHandle$Holder.invokeStatic(java.lang.Object, java.lang.Object, java.lang.Object, java.lang.Object, int)'> (0x000000008b9049d8) thrown at [src/hotspot/share/interpreter/linkResolver.cpp, line 772]
Event: 0.314 Thread 0x00007effe8016800 Exception <a 'java/lang/NoSuchMethodError'{0x000000008b8569a8}: 'java.lang.Object java.lang.invoke.DirectMethodHandle$Holder.invokeStatic(java.lang.Object, java.lang.Object, java.lang.Object, java.lang.Object, java.lang.Object, java.lang.Object, java.lang.Object, java.lang.Object, int)'> (0x000000008b8569a8) thrown at [src/hotspot/share/interpreter/linkResolver.cpp, line 772]
Event: 0.316 Thread 0x00007effe8016800 Exception <a 'java/lang/NoSuchMethodError'{0x000000008b870a88}: 'java.lang.Object java.lang.invoke.DirectMethodHandle$Holder.invokeStatic(java.lang.Object, java.lang.Object, java.lang.Object, java.lang.Object, java.lang.Object, java.lang.Object, java.lang.Object, java.lang.Object, int, int)'> (0x000000008b870a88) thrown at [src/hotspot/share/interpreter/linkResolver.cpp, line 772]
Event: 0.317 Thread 0x00007effe8016800 Exception <a 'java/lang/NoSuchMethodError'{0x000000008b87cc10}: 'void java.lang.invoke.DirectMethodHandle$Holder.invokeSpecial(java.lang.Object, java.lang.Object)'> (0x000000008b87cc10) thrown at [src/hotspot/share/interpreter/linkResolver.cpp, line 772]
Event: 0.326 Thread 0x00007effe8016800 Exception <a 'java/lang/NoSuchMethodError'{0x000000008b8bf250}: 'java.lang.Object java.lang.invoke.DirectMethodHandle$Holder.invokeSpecial(java.lang.Object, java.lang.Object, long)'> (0x000000008b8bf250) thrown at [src/hotspot/share/interpreter/linkResolver.cpp, line 772]
Event: 0.366 Thread 0x00007effe8374800 Exception <a 'java/lang/NoSuchMethodError'{0x000000008b7dcf30}: 'java.lang.Object java.lang.invoke.Invokers$Holder.linkToTargetMethod(java.lang.Object, int, java.lang.Object)'> (0x000000008b7dcf30) thrown at [src/hotspot/share/interpreter/linkResolver.cpp, line 772]
Event: 1.169 Thread 0x00007effe8588800 Exception <a 'java/lang/NoSuchMethodError'{0x000000008b509b98}: 'java.lang.Object java.lang.invoke.DirectMethodHandle$Holder.invokeStatic(java.lang.Object, java.lang.Object, java.lang.Object, java.lang.Object, java.lang.Object, java.lang.Object, java.lang.Object, java.lang.Object, java.lang.Object, java.lang.Object, java.lang.Object, java.lang.Object, java.lang.Object, int)'> (0x000000008b509b98) thrown at [src/hotspot/share/interpreter/linkResolver.cpp, line 772]
Event: 1.169 Thread 0x00007effe8588800 Exception <a 'java/lang/NoSuchMethodError'{0x000000008b516120}: 'java.lang.Object java.lang.invoke.DirectMethodHandle$Holder.invokeStatic(java.lang.Object, java.lang.Object, java.lang.Object, java.lang.Object, java.lang.Object, java.lang.Object, java.lang.Object, java.lang.Object, java.lang.Object, java.lang.Object, java.lang.Object, java.lang.Object, java.lang.Object, int, int)'> (0x000000008b516120) thrown at [src/hotspot/share/interpreter/linkResolver.cpp, line 772]

Events (20 events):
Event: 6.440 loading class jogamp/newt/DisplayImpl$6 done
Event: 6.441 Executing VM operation: RevokeBias
Event: 6.441 Executing coalesced safepoint VM operation: RevokeBias
Event: 6.441 Executing coalesced safepoint VM operation: RevokeBias done
Event: 6.441 Executing VM operation: RevokeBias done
Event: 6.441 Executing VM operation: RevokeBias
Event: 6.441 Executing VM operation: RevokeBias done
Event: 6.442 Thread 0x00007eff5c056000 Thread exited: 0x00007eff5c056000
Event: 6.461 Executing VM operation: RevokeBias
Event: 6.462 Executing VM operation: RevokeBias done
Event: 6.466 Executing VM operation: RevokeBias
Event: 6.467 Executing VM operation: RevokeBias done
Event: 6.467 Thread 0x00007effe84fb000 Thread exited: 0x00007effe84fb000
Event: 6.467 Executing VM operation: RevokeBias
Event: 6.467 Executing VM operation: RevokeBias done
Event: 6.467 Thread 0x00007effe851d800 Thread exited: 0x00007effe851d800
Event: 6.467 Executing VM operation: RevokeBias
Event: 6.467 Executing VM operation: RevokeBias done
Event: 6.468 Thread 0x00007eff5c057000 Thread exited: 0x00007eff5c057000
Event: 6.469 Executing VM operation: Exit


Dynamic libraries:
84400000-8c000000 rw-p 00000000 00:00 0 
8c000000-ffe00000 ---p 00000000 00:00 0 
ffe00000-ffe48000 rw-p 00b13000 08:20 55858                              /usr/lib/jvm/java-11-openjdk-amd64/lib/server/classes.jsa
ffe48000-fff00000 rw-p 00000000 00:00 0 
fff00000-fff6c000 rw-p 00aa7000 08:20 55858                              /usr/lib/jvm/java-11-openjdk-amd64/lib/server/classes.jsa
fff6c000-100000000 rw-p 00000000 00:00 0 
800000000-800002000 rwxp 00001000 08:20 55858                            /usr/lib/jvm/java-11-openjdk-amd64/lib/server/classes.jsa
800002000-8003ce000 rw-p 00003000 08:20 55858                            /usr/lib/jvm/java-11-openjdk-amd64/lib/server/classes.jsa
8003ce000-800aa5000 r--p 003cf000 08:20 55858                            /usr/lib/jvm/java-11-openjdk-amd64/lib/server/classes.jsa
800aa5000-800aa6000 rw-p 00aa6000 08:20 55858                            /usr/lib/jvm/java-11-openjdk-amd64/lib/server/classes.jsa
840000000-840120000 rw-p 00000000 00:00 0 
840120000-880000000 ---p 00000000 00:00 0 
55ed24b1b000-55ed24b1c000 r--p 00000000 08:20 55358                      /usr/lib/jvm/java-11-openjdk-amd64/bin/java
55ed24b1c000-55ed24b1d000 r-xp 00001000 08:20 55358                      /usr/lib/jvm/java-11-openjdk-amd64/bin/java
55ed24b1d000-55ed24b1e000 r--p 00002000 08:20 55358                      /usr/lib/jvm/java-11-openjdk-amd64/bin/java
55ed24b1e000-55ed24b1f000 r--p 00002000 08:20 55358                      /usr/lib/jvm/java-11-openjdk-amd64/bin/java
55ed24b1f000-55ed24b20000 rw-p 00003000 08:20 55358                      /usr/lib/jvm/java-11-openjdk-amd64/bin/java
55ed26886000-55ed268a7000 rw-p 00000000 00:00 0                          [heap]
7eff3b3d4000-7eff3b7dc000 rw-s 00000000 00:01 131132                     /SYSV00000000 (deleted)
7eff3c5d0000-7eff3c5d4000 ---p 00000000 00:00 0 
7eff3c5d4000-7eff3c6d1000 rw-p 00000000 00:00 0 
7eff3c6d1000-7eff3c6d5000 ---p 00000000 00:00 0 
7eff3c6d5000-7eff3c8d2000 rw-p 00000000 00:00 0 
7eff3c8d2000-7eff3c9d2000 ---p 00000000 00:00 0 
7eff3c9d2000-7eff3c9e3000 r-xp 00000000 08:20 89603                      /tmp/jogamp_0000/file_cache/jln12594815929474518120/jln7842777803245377015/natives/linux-amd64/libnewt.so
7eff3c9e3000-7eff3cbe2000 ---p 00011000 08:20 89603                      /tmp/jogamp_0000/file_cache/jln12594815929474518120/jln7842777803245377015/natives/linux-amd64/libnewt.so
7eff3cbe2000-7eff3cbe3000 rw-p 00010000 08:20 89603                      /tmp/jogamp_0000/file_cache/jln12594815929474518120/jln7842777803245377015/natives/linux-amd64/libnewt.so
7eff3cc24000-7eff3cc28000 rw-s 00000000 00:01 131131                     /SYSV00000000 (deleted)
7eff3e7fd000-7eff3e7fe000 ---p 00000000 00:00 0 
7eff3e7fe000-7eff3effe000 rw-p 00000000 00:00 0 
7eff3effe000-7eff3efff000 ---p 00000000 00:00 0 
7eff3efff000-7eff3f7ff000 rw-p 00000000 00:00 0 
7eff3f7ff000-7eff3f800000 ---p 00000000 00:00 0 
7eff3f800000-7eff40000000 rw-p 00000000 00:00 0 
7eff40000000-7eff4002a000 rw-p 00000000 00:00 0 
7eff4002a000-7eff44000000 ---p 00000000 00:00 0 
7eff44055000-7eff44056000 r--p 00000000 08:20 12746                      /usr/lib/x86_64-linux-gnu/libxcb-shm.so.0.0.0
7eff44056000-7eff44057000 r-xp 00001000 08:20 12746                      /usr/lib/x86_64-linux-gnu/libxcb-shm.so.0.0.0
7eff44057000-7eff44058000 r--p 00002000 08:20 12746                      /usr/lib/x86_64-linux-gnu/libxcb-shm.so.0.0.0
7eff44058000-7eff44059000 r--p 00002000 08:20 12746                      /usr/lib/x86_64-linux-gnu/libxcb-shm.so.0.0.0
7eff44059000-7eff4405a000 rw-p 00003000 08:20 12746                      /usr/lib/x86_64-linux-gnu/libxcb-shm.so.0.0.0
7eff4405a000-7eff44065000 r--p 00000000 08:20 12738                      /usr/lib/x86_64-linux-gnu/libxcb-glx.so.0.0.0
7eff44065000-7eff4406e000 r-xp 0000b000 08:20 12738                      /usr/lib/x86_64-linux-gnu/libxcb-glx.so.0.0.0
7eff4406e000-7eff44073000 r--p 00014000 08:20 12738                      /usr/lib/x86_64-linux-gnu/libxcb-glx.so.0.0.0
7eff44073000-7eff44074000 ---p 00019000 08:20 12738                      /usr/lib/x86_64-linux-gnu/libxcb-glx.so.0.0.0
7eff44074000-7eff44076000 r--p 00019000 08:20 12738                      /usr/lib/x86_64-linux-gnu/libxcb-glx.so.0.0.0
7eff44076000-7eff44077000 rw-p 0001b000 08:20 12738                      /usr/lib/x86_64-linux-gnu/libxcb-glx.so.0.0.0
7eff44077000-7eff44090000 r--p 00000000 08:20 7475                       /usr/lib/x86_64-linux-gnu/libGLX_mesa.so.0.0.0
7eff44090000-7eff440d4000 r-xp 00019000 08:20 7475                       /usr/lib/x86_64-linux-gnu/libGLX_mesa.so.0.0.0
7eff440d4000-7eff440eb000 r--p 0005d000 08:20 7475                       /usr/lib/x86_64-linux-gnu/libGLX_mesa.so.0.0.0
7eff440eb000-7eff440ee000 r--p 00073000 08:20 7475                       /usr/lib/x86_64-linux-gnu/libGLX_mesa.so.0.0.0
7eff440ee000-7eff440ef000 rw-p 00076000 08:20 7475                       /usr/lib/x86_64-linux-gnu/libGLX_mesa.so.0.0.0
7eff440ef000-7eff440f0000 rw-p 00000000 00:00 0 
7eff440f0000-7eff440f1000 r--p 00000000 08:20 12130                      /usr/lib/x86_64-linux-gnu/libXinerama.so.1.0.0
7eff440f1000-7eff440f2000 r-xp 00001