#
# A fatal error has been detected by the Java Runtime Environment:
#
#  SIGSEGV (0xb) at pc=0x00007f4bac531b56, pid=2705, tid=2762
#
# JRE version: OpenJDK Runtime Environment (11.0.20+8) (build 11.0.20+8-post-Ubuntu-1ubuntu120.04)
# Java VM: OpenJDK 64-Bit Server VM (11.0.20+8-post-Ubuntu-1ubuntu120.04, mixed mode, sharing, tiered, compressed oops, g1 gc, linux-amd64)
# Problematic frame:
# C  [libnvwgf2umx.so+0x2ca0b56]
#
# No core dump will be written. Core dumps have been disabled. To enable core dumping, try "ulimit -c unlimited" before starting Java again
#
# If you would like to submit a bug report, please visit:
#   https://bugs.launchpad.net/ubuntu/+source/openjdk-lts
#

---------------  S U M M A R Y ------------

Command Line: pong.Renderer

Host: Intel(R) Core(TM) i5-7400 CPU @ 3.00GHz, 4 cores, 7G, Ubuntu 20.04.6 LTS
Time: Thu Oct 26 01:53:14 2023 -03 elapsed time: 14.181385 seconds (0d 0h 0m 14s)

---------------  T H R E A D  ---------------

Current thread is native thread

Stack: [0x00007f4bb9c76000,0x00007f4bba475000],  sp=0x00007f4bba473e40,  free space=8183k
Native frames: (J=compiled Java code, A=aot compiled Java code, j=interpreted, Vv=VM code, C=native code)
C  [libnvwgf2umx.so+0x2ca0b56]


siginfo: si_signo: 11 (SIGSEGV), si_code: 1 (SEGV_MAPERR), si_addr: 0x00007f4bec316000

Register to memory mapping:

RAX=
[error occurred during error reporting (printing register info), id 0xb, SIGSEGV (0xb) at pc=0x00007f4c56dafb6c]

Registers:
RAX=0x0000000000000005, RBX=0x00007f4bb41616e0, RCX=0x00007f4bb4162b01, RDX=0x00007f4bba473e50
RSP=0x00007f4bba473e40, RBP=0x0000000000000000, RSI=0x00007f4bb41616e0, RDI=0x00007f4bb40e7c80
R8 =0x00007f4bb40e7c80, R9 =0x00007ffe44fd6080, R10=0x00000000002f3f3a, R11=0x0000000000000002
R12=0x00007f4bba473ea7, R13=0x0000000000000000, R14=0x00007f4bec316000, R15=0x0000000000000000
RIP=0x00007f4bac531b56, EFLAGS=0x0000000000010246, CSGSFS=0x002b000000000033, ERR=0x0000000000000004
  TRAPNO=0x000000000000000e

Top of Stack: (sp=0x00007f4bba473e40)
0x00007f4bba473e40:   00007f4bb40e7c80 b4162b0100077b4f
0x00007f4bba473e50:   00007f4bb40e7d88 00007f4bba473e50
0x00007f4bba473e60:   00007f4bba473ea7 00007f4bb40e7c80
0x00007f4bba473e70:   00007f4bb41616e0 00007f4bba473ea7 

Instructions: (pc=0x00007f4bac531b56)
0x00007f4bac531a56:   8d 7c 24 30 e8 61 da 8b fe 4c 89 ff e8 59 da 8b
0x00007f4bac531a66:   fe 48 8b 44 24 38 48 81 c4 88 00 00 00 5b 41 5c
0x00007f4bac531a76:   41 5d 41 5e 41 5f 5d c3 eb 0a eb 37 eb 35 eb 44
0x00007f4bac531a86:   eb 02 eb 2f 48 89 c3 48 8d 7c 24 30 e8 29 da 8b
0x00007f4bac531a96:   fe eb 23 eb 1e 48 89 c3 48 8d 7c 24 30 e8 18 da
0x00007f4bac531aa6:   8b fe eb 03 48 89 c3 48 8d 7c 24 48 e8 09 da 8b
0x00007f4bac531ab6:   fe eb 03 48 89 c3 48 8d 7c 24 40 e8 fa d9 8b fe
0x00007f4bac531ac6:   eb 05 eb 00 48 89 c3 48 8b 7c 24 38 e8 e9 d9 8b
0x00007f4bac531ad6:   fe 48 89 df e8 91 0e 75 fe cc 55 41 57 41 56 41
0x00007f4bac531ae6:   55 41 54 53 48 83 ec 28 f6 47 28 10 0f 84 53 01
0x00007f4bac531af6:   00 00 48 89 f3 8b 46 10 85 c0 0f 84 45 01 00 00
0x00007f4bac531b06:   49 89 d4 49 89 f8 4c 8b 73 28 b1 01 89 4c 24 0c
0x00007f4bac531b16:   45 31 ff 48 8d 54 24 10 45 31 ed 4c 89 64 24 20
0x00007f4bac531b26:   48 89 3c 24 48 89 54 24 18 eb 25 90 90 90 90 90
0x00007f4bac531b36:   90 90 90 90 90 90 90 90 90 90 8b 43 10 49 83 c5
0x00007f4bac531b46:   01 89 c1 41 83 c7 01 49 39 cd 0f 83 f5 00 00 00
0x00007f4bac531b56:   43 8b 0c ae 0f b7 c9 42 3b 8c ab 4c 04 00 00 74
0x00007f4bac531b66:   dc 42 89 8c ab 4c 04 00 00 8b 4b 0c 85 c9 74 cd
0x00007f4bac531b76:   31 ed eb 1e 8b 73 04 4c 89 c7 44 89 ea 89 e9 e8
0x00007f4bac531b86:   96 3b 03 00 4c 8b 04 24 83 c5 01 8b 4b 0c 39 cd
0x00007f4bac531b96:   73 a8 41 0f af cf 01 e9 41 0f b6 84 0e 80 90 00
0x00007f4bac531ba6:   00 24 7f 8d 50 e0 80 fa 14 77 dd 48 8b 93 50 08
0x00007f4bac531bb6:   00 00 3a 04 0a 74 d1 88 04 0a 41 c6 04 24 01 41
0x00007f4bac531bc6:   80 78 2d 00 75 ae f6 44 24 0c 01 75 09 41 f6 40
0x00007f4bac531bd6:   28 20 75 b4 eb 33 4c 8d 64 24 10 4c 89 e7 4c 89
0x00007f4bac531be6:   c6 48 89 da e8 01 2a 03 00 48 8b 3c 24 4c 89 e6
0x00007f4bac531bf6:   e8 75 e0 ff ff 4c 89 e7 e8 bd d8 8b fe c7 44 24
0x00007f4bac531c06:   0c 00 00 00 00 4c 8b 04 24 8b 53 04 45 0f b6 48
0x00007f4bac531c16:   2c 4c 8d 64 24 10 4c 89 e7 4c 89 c6 44 89 e9 41
0x00007f4bac531c26:   89 e8 e8 e3 29 03 00 48 8b 3c 24 4c 89 e6 e8 37
0x00007f4bac531c36:   e0 ff ff 4c 89 e7 e8 7f d8 8b fe 4c 8b 64 24 20
0x00007f4bac531c46:   e9 3f ff ff ff 48 83 c4 28 5b 41 5c 41 5d 41 5e 


Stack slot to memory mapping:
stack at sp + 0 slots: 
[error occurred during error reporting (inspecting top of stack), id 0xb, SIGSEGV (0xb) at pc=0x00007f4c56dafb6c]


---------------  P R O C E S S  ---------------

VM state:at safepoint (shutting down)

VM Mutex/Monitor currently owned by a thread:  ([mutex/lock_event])
[0x00007f4c50012f80] Threads_lock - owner thread: 0x00007f4c5010c800

Heap address: 0x0000000084400000, size: 1980 MB, Compressed Oops mode: 32-bit
Narrow klass base: 0x0000000800000000, Narrow klass shift: 3
Compressed class space size: 1073741824 Address: 0x0000000840000000

Heap:
 garbage-first heap   total 129024K, used 14759K [0x0000000084400000, 0x0000000100000000)
  region size 1024K, 15 young (15360K), 2 survivors (2048K)
 Metaspace       used 11856K, capacity 12174K, committed 12672K, reserved 1060864K
  class space    used 952K, capacity 1093K, committed 1152K, reserved 1048576K
Heap Regions: E=young(eden), S=young(survivor), O=old, HS=humongous(starts), HC=humongous(continues), CS=collection set, F=free, A=archive, TAMS=top-at-mark-start (previous, next)
|   0|0x0000000084400000, 0x0000000084400000, 0x0000000084500000|  0%| F|  |TAMS 0x0000000084400000, 0x0000000084400000| Untracked 
|   1|0x0000000084500000, 0x0000000084500000, 0x0000000084600000|  0%| F|  |TAMS 0x0000000084500000, 0x0000000084500000| Untracked 
|   2|0x0000000084600000, 0x0000000084600000, 0x0000000084700000|  0%| F|  |TAMS 0x0000000084600000, 0x0000000084600000| Untracked 
|   3|0x0000000084700000, 0x0000000084700000, 0x0000000084800000|  0%| F|  |TAMS 0x0000000084700000, 0x0000000084700000| Untracked 
|   4|0x0000000084800000, 0x0000000084800000, 0x0000000084900000|  0%| F|  |TAMS 0x0000000084800000, 0x0000000084800000| Untracked 
|   5|0x0000000084900000, 0x0000000084900000, 0x0000000084a00000|  0%| F|  |TAMS 0x0000000084900000, 0x0000000084900000| Untracked 
|   6|0x0000000084a00000, 0x0000000084a00000, 0x0000000084b00000|  0%| F|  |TAMS 0x0000000084a00000, 0x0000000084a00000| Untracked 
|   7|0x0000000084b00000, 0x0000000084b00000, 0x0000000084c00000|  0%| F|  |TAMS 0x0000000084b00000, 0x0000000084b00000| Untracked 
|   8|0x0000000084c00000, 0x0000000084c00000, 0x0000000084d00000|  0%| F|  |TAMS 0x0000000084c00000, 0x0000000084c00000| Untracked 
|   9|0x0000000084d00000, 0x0000000084d00000, 0x0000000084e00000|  0%| F|  |TAMS 0x0000000084d00000, 0x0000000084d00000| Untracked 
|  10|0x0000000084e00000, 0x0000000084e00000, 0x0000000084f00000|  0%| F|  |TAMS 0x0000000084e00000, 0x0000000084e00000| Untracked 
|  11|0x0000000084f00000, 0x0000000084f00000, 0x0000000085000000|  0%| F|  |TAMS 0x0000000084f00000, 0x0000000084f00000| Untracked 
|  12|0x0000000085000000, 0x0000000085000000, 0x0000000085100000|  0%| F|  |TAMS 0x0000000085000000, 0x0000000085000000| Untracked 
|  13|0x0000000085100000, 0x0000000085100000, 0x0000000085200000|  0%| F|  |TAMS 0x0000000085100000, 0x0000000085100000| Untracked 
|  14|0x0000000085200000, 0x0000000085200000, 0x0000000085300000|  0%| F|  |TAMS 0x0000000085200000, 0x0000000085200000| Untracked 
|  15|0x0000000085300000, 0x0000000085300000, 0x0000000085400000|  0%| F|  |TAMS 0x0000000085300000, 0x0000000085300000| Untracked 
|  16|0x0000000085400000, 0x0000000085400000, 0x0000000085500000|  0%| F|  |TAMS 0x0000000085400000, 0x0000000085400000| Untracked 
|  17|0x0000000085500000, 0x0000000085500000, 0x0000000085600000|  0%| F|  |TAMS 0x0000000085500000, 0x0000000085500000| Untracked 
|  18|0x0000000085600000, 0x0000000085600000, 0x0000000085700000|  0%| F|  |TAMS 0x0000000085600000, 0x0000000085600000| Untracked 
|  19|0x0000000085700000, 0x0000000085700000, 0x0000000085800000|  0%| F|  |TAMS 0x0000000085700000, 0x0000000085700000| Untracked 
|  20|0x0000000085800000, 0x0000000085800000, 0x0000000085900000|  0%| F|  |TAMS 0x0000000085800000, 0x0000000085800000| Untracked 
|  21|0x0000000085900000, 0x0000000085900000, 0x0000000085a00000|  0%| F|  |TAMS 0x0000000085900000, 0x0000000085900000| Untracked 
|  22|0x0000000085a00000, 0x0000000085a00000, 0x0000000085b00000|  0%| F|  |TAMS 0x0000000085a00000, 0x0000000085a00000| Untracked 
|  23|0x0000000085b00000, 0x0000000085b00000, 0x0000000085c00000|  0%| F|  |TAMS 0x0000000085b00000, 0x0000000085b00000| Untracked 
|  24|0x0000000085c00000, 0x0000000085c00000, 0x0000000085d00000|  0%| F|  |TAMS 0x0000000085c00000, 0x0000000085c00000| Untracked 
|  25|0x0000000085d00000, 0x0000000085d00000, 0x0000000085e00000|  0%| F|  |TAMS 0x0000000085d00000, 0x0000000085d00000| Untracked 
|  26|0x0000000085e00000, 0x0000000085e00000, 0x0000000085f00000|  0%| F|  |TAMS 0x0000000085e00000, 0x0000000085e00000| Untracked 
|  27|0x0000000085f00000, 0x0000000085f00000, 0x0000000086000000|  0%| F|  |TAMS 0x0000000085f00000, 0x0000000085f00000| Untracked 
|  28|0x0000000086000000, 0x0000000086000000, 0x0000000086100000|  0%| F|  |TAMS 0x0000000086000000, 0x0000000086000000| Untracked 
|  29|0x0000000086100000, 0x0000000086100000, 0x0000000086200000|  0%| F|  |TAMS 0x0000000086100000, 0x0000000086100000| Untracked 
|  30|0x0000000086200000, 0x0000000086200000, 0x0000000086300000|  0%| F|  |TAMS 0x0000000086200000, 0x0000000086200000| Untracked 
|  31|0x0000000086300000, 0x0000000086300000, 0x0000000086400000|  0%| F|  |TAMS 0x0000000086300000, 0x0000000086300000| Untracked 
|  32|0x0000000086400000, 0x0000000086400000, 0x0000000086500000|  0%| F|  |TAMS 0x0000000086400000, 0x0000000086400000| Untracked 
|  33|0x0000000086500000, 0x0000000086500000, 0x0000000086600000|  0%| F|  |TAMS 0x0000000086500000, 0x0000000086500000| Untracked 
|  34|0x0000000086600000, 0x0000000086600000, 0x0000000086700000|  0%| F|  |TAMS 0x0000000086600000, 0x0000000086600000| Untracked 
|  35|0x0000000086700000, 0x0000000086700000, 0x0000000086800000|  0%| F|  |TAMS 0x0000000086700000, 0x0000000086700000| Untracked 
|  36|0x0000000086800000, 0x0000000086800000, 0x0000000086900000|  0%| F|  |TAMS 0x0000000086800000, 0x0000000086800000| Untracked 
|  37|0x0000000086900000, 0x0000000086900000, 0x0000000086a00000|  0%| F|  |TAMS 0x0000000086900000, 0x0000000086900000| Untracked 
|  38|0x0000000086a00000, 0x0000000086a00000, 0x0000000086b00000|  0%| F|  |TAMS 0x0000000086a00000, 0x0000000086a00000| Untracked 
|  39|0x0000000086b00000, 0x0000000086b00000, 0x0000000086c00000|  0%| F|  |TAMS 0x0000000086b00000, 0x0000000086b00000| Untracked 
|  40|0x0000000086c00000, 0x0000000086c00000, 0x0000000086d00000|  0%| F|  |TAMS 0x0000000086c00000, 0x0000000086c00000| Untracked 
|  41|0x0000000086d00000, 0x0000000086d00000, 0x0000000086e00000|  0%| F|  |TAMS 0x0000000086d00000, 0x0000000086d00000| Untracked 
|  42|0x0000000086e00000, 0x0000000086e00000, 0x0000000086f00000|  0%| F|  |TAMS 0x0000000086e00000, 0x0000000086e00000| Untracked 
|  43|0x0000000086f00000, 0x0000000086f00000, 0x0000000087000000|  0%| F|  |TAMS 0x0000000086f00000, 0x0000000086f00000| Untracked 
|  44|0x0000000087000000, 0x0000000087000000, 0x0000000087100000|  0%| F|  |TAMS 0x0000000087000000, 0x0000000087000000| Untracked 
|  45|0x0000000087100000, 0x0000000087100000, 0x0000000087200000|  0%| F|  |TAMS 0x0000000087100000, 0x0000000087100000| Untracked 
|  46|0x0000000087200000, 0x0000000087200000, 0x0000000087300000|  0%| F|  |TAMS 0x0000000087200000, 0x0000000087200000| Untracked 
|  47|0x0000000087300000, 0x0000000087300000, 0x0000000087400000|  0%| F|  |TAMS 0x0000000087300000, 0x0000000087300000| Untracked 
|  48|0x0000000087400000, 0x0000000087400000, 0x0000000087500000|  0%| F|  |TAMS 0x0000000087400000, 0x0000000087400000| Untracked 
|  49|0x0000000087500000, 0x0000000087500000, 0x0000000087600000|  0%| F|  |TAMS 0x0000000087500000, 0x0000000087500000| Untracked 
|  50|0x0000000087600000, 0x0000000087600000, 0x0000000087700000|  0%| F|  |TAMS 0x0000000087600000, 0x0000000087600000| Untracked 
|  51|0x0000000087700000, 0x0000000087700000, 0x0000000087800000|  0%| F|  |TAMS 0x0000000087700000, 0x0000000087700000| Untracked 
|  52|0x0000000087800000, 0x0000000087800000, 0x0000000087900000|  0%| F|  |TAMS 0x0000000087800000, 0x0000000087800000| Untracked 
|  53|0x0000000087900000, 0x0000000087900000, 0x0000000087a00000|  0%| F|  |TAMS 0x0000000087900000, 0x0000000087900000| Untracked 
|  54|0x0000000087a00000, 0x0000000087a00000, 0x0000000087b00000|  0%| F|  |TAMS 0x0000000087a00000, 0x0000000087a00000| Untracked 
|  55|0x0000000087b00000, 0x0000000087b00000, 0x0000000087c00000|  0%| F|  |TAMS 0x0000000087b00000, 0x0000000087b00000| Untracked 
|  56|0x0000000087c00000, 0x0000000087c00000, 0x0000000087d00000|  0%| F|  |TAMS 0x0000000087c00000, 0x0000000087c00000| Untracked 
|  57|0x0000000087d00000, 0x0000000087d00000, 0x0000000087e00000|  0%| F|  |TAMS 0x0000000087d00000, 0x0000000087d00000| Untracked 
|  58|0x0000000087e00000, 0x0000000087e00000, 0x0000000087f00000|  0%| F|  |TAMS 0x0000000087e00000, 0x0000000087e00000| Untracked 
|  59|0x0000000087f00000, 0x0000000087f00000, 0x0000000088000000|  0%| F|  |TAMS 0x0000000087f00000, 0x0000000087f00000| Untracked 
|  60|0x0000000088000000, 0x0000000088000000, 0x0000000088100000|  0%| F|  |TAMS 0x0000000088000000, 0x0000000088000000| Untracked 
|  61|0x0000000088100000, 0x0000000088100000, 0x0000000088200000|  0%| F|  |TAMS 0x0000000088100000, 0x0000000088100000| Untracked 
|  62|0x0000000088200000, 0x0000000088200000, 0x0000000088300000|  0%| F|  |TAMS 0x0000000088200000, 0x0000000088200000| Untracked 
|  63|0x0000000088300000, 0x0000000088300000, 0x0000000088400000|  0%| F|  |TAMS 0x0000000088300000, 0x0000000088300000| Untracked 
|  64|0x0000000088400000, 0x0000000088400000, 0x0000000088500000|  0%| F|  |TAMS 0x0000000088400000, 0x0000000088400000| Untracked 
|  65|0x0000000088500000, 0x0000000088500000, 0x0000000088600000|  0%| F|  |TAMS 0x0000000088500000, 0x0000000088500000| Untracked 
|  66|0x0000000088600000, 0x0000000088600000, 0x0000000088700000|  0%| F|  |TAMS 0x0000000088600000, 0x0000000088600000| Untracked 
|  67|0x0000000088700000, 0x0000000088700000, 0x0000000088800000|  0%| F|  |TAMS 0x0000000088700000, 0x0000000088700000| Untracked 
|  68|0x0000000088800000, 0x0000000088800000, 0x0000000088900000|  0%| F|  |TAMS 0x0000000088800000, 0x0000000088800000| Untracked 
|  69|0x0000000088900000, 0x0000000088900000, 0x0000000088a00000|  0%| F|  |TAMS 0x0000000088900000, 0x0000000088900000| Untracked 
|  70|0x0000000088a00000, 0x0000000088a00000, 0x0000000088b00000|  0%| F|  |TAMS 0x0000000088a00000, 0x0000000088a00000| Untracked 
|  71|0x0000000088b00000, 0x0000000088b00000, 0x0000000088c00000|  0%| F|  |TAMS 0x0000000088b00000, 0x0000000088b00000| Untracked 
|  72|0x0000000088c00000, 0x0000000088c00000, 0x0000000088d00000|  0%| F|  |TAMS 0x0000000088c00000, 0x0000000088c00000| Untracked 
|  73|0x0000000088d00000, 0x0000000088d00000, 0x0000000088e00000|  0%| F|  |TAMS 0x0000000088d00000, 0x0000000088d00000| Untracked 
|  74|0x0000000088e00000, 0x0000000088e00000, 0x0000000088f00000|  0%| F|  |TAMS 0x0000000088e00000, 0x0000000088e00000| Untracked 
|  75|0x0000000088f00000, 0x0000000088f00000, 0x0000000089000000|  0%| F|  |TAMS 0x0000000088f00000, 0x0000000088f00000| Untracked 
|  76|0x0000000089000000, 0x0000000089000000, 0x0000000089100000|  0%| F|  |TAMS 0x0000000089000000, 0x0000000089000000| Untracked 
|  77|0x0000000089100000, 0x0000000089100000, 0x0000000089200000|  0%| F|  |TAMS 0x0000000089100000, 0x0000000089100000| Untracked 
|  78|0x0000000089200000, 0x0000000089200000, 0x0000000089300000|  0%| F|  |TAMS 0x0000000089200000, 0x0000000089200000| Untracked 
|  79|0x0000000089300000, 0x0000000089300000, 0x0000000089400000|  0%| F|  |TAMS 0x0000000089300000, 0x0000000089300000| Untracked 
|  80|0x0000000089400000, 0x0000000089400000, 0x0000000089500000|  0%| F|  |TAMS 0x0000000089400000, 0x0000000089400000| Untracked 
|  81|0x0000000089500000, 0x0000000089500000, 0x0000000089600000|  0%| F|  |TAMS 0x0000000089500000, 0x0000000089500000| Untracked 
|  82|0x0000000089600000, 0x0000000089600000, 0x0000000089700000|  0%| F|  |TAMS 0x0000000089600000, 0x0000000089600000| Untracked 
|  83|0x0000000089700000, 0x0000000089700000, 0x0000000089800000|  0%| F|  |TAMS 0x0000000089700000, 0x0000000089700000| Untracked 
|  84|0x0000000089800000, 0x0000000089800000, 0x0000000089900000|  0%| F|  |TAMS 0x0000000089800000, 0x0000000089800000| Untracked 
|  85|0x0000000089900000, 0x0000000089900000, 0x0000000089a00000|  0%| F|  |TAMS 0x0000000089900000, 0x0000000089900000| Untracked 
|  86|0x0000000089a00000, 0x0000000089a00000, 0x0000000089b00000|  0%| F|  |TAMS 0x0000000089a00000, 0x0000000089a00000| Untracked 
|  87|0x0000000089b00000, 0x0000000089b00000, 0x0000000089c00000|  0%| F|  |TAMS 0x0000000089b00000, 0x0000000089b00000| Untracked 
|  88|0x0000000089c00000, 0x0000000089c00000, 0x0000000089d00000|  0%| F|  |TAMS 0x0000000089c00000, 0x0000000089c00000| Untracked 
|  89|0x0000000089d00000, 0x0000000089d00000, 0x0000000089e00000|  0%| F|  |TAMS 0x0000000089d00000, 0x0000000089d00000| Untracked 
|  90|0x0000000089e00000, 0x0000000089e00000, 0x0000000089f00000|  0%| F|  |TAMS 0x0000000089e00000, 0x0000000089e00000| Untracked 
|  91|0x0000000089f00000, 0x0000000089f00000, 0x000000008a000000|  0%| F|  |TAMS 0x0000000089f00000, 0x0000000089f00000| Untracked 
|  92|0x000000008a000000, 0x000000008a000000, 0x000000008a100000|  0%| F|  |TAMS 0x000000008a000000, 0x000000008a000000| Untracked 
|  93|0x000000008a100000, 0x000000008a100000, 0x000000008a200000|  0%| F|  |TAMS 0x000000008a100000, 0x000000008a100000| Untracked 
|  94|0x000000008a200000, 0x000000008a200000, 0x000000008a300000|  0%| F|  |TAMS 0x000000008a200000, 0x000000008a200000| Untracked 
|  95|0x000000008a300000, 0x000000008a300000, 0x000000008a400000|  0%| F|  |TAMS 0x000000008a300000, 0x000000008a300000| Untracked 
|  96|0x000000008a400000, 0x000000008a400000, 0x000000008a500000|  0%| F|  |TAMS 0x000000008a400000, 0x000000008a400000| Untracked 
|  97|0x000000008a500000, 0x000000008a500000, 0x000000008a600000|  0%| F|  |TAMS 0x000000008a500000, 0x000000008a500000| Untracked 
|  98|0x000000008a600000, 0x000000008a600000, 0x000000008a700000|  0%| F|  |TAMS 0x000000008a600000, 0x000000008a600000| Untracked 
|  99|0x000000008a700000, 0x000000008a700000, 0x000000008a800000|  0%| F|  |TAMS 0x000000008a700000, 0x000000008a700000| Untracked 
| 100|0x000000008a800000, 0x000000008a800000, 0x000000008a900000|  0%| F|  |TAMS 0x000000008a800000, 0x000000008a800000| Untracked 
| 101|0x000000008a900000, 0x000000008a900000, 0x000000008aa00000|  0%| F|  |TAMS 0x000000008a900000, 0x000000008a900000| Untracked 
| 102|0x000000008aa00000, 0x000000008aa00000, 0x000000008ab00000|  0%| F|  |TAMS 0x000000008aa00000, 0x000000008aa00000| Untracked 
| 103|0x000000008ab00000, 0x000000008ab00000, 0x000000008ac00000|  0%| F|  |TAMS 0x000000008ab00000, 0x000000008ab00000| Untracked 
| 104|0x000000008ac00000, 0x000000008ac00000, 0x000000008ad00000|  0%| F|  |TAMS 0x000000008ac00000, 0x000000008ac00000| Untracked 
| 105|0x000000008ad00000, 0x000000008ad00000, 0x000000008ae00000|  0%| F|  |TAMS 0x000000008ad00000, 0x000000008ad00000| Untracked 
| 106|0x000000008ae00000, 0x000000008ae00000, 0x000000008af00000|  0%| F|  |TAMS 0x000000008ae00000, 0x000000008ae00000| Untracked 
| 107|0x000000008af00000, 0x000000008af00000, 0x000000008b000000|  0%| F|  |TAMS 0x000000008af00000, 0x000000008af00000| Untracked 
| 108|0x000000008b000000, 0x000000008b0b5f70, 0x000000008b100000| 71%| S|CS|TAMS 0x000000008b000000, 0x000000008b000000| Complete 
| 109|0x000000008b100000, 0x000000008b200000, 0x000000008b200000|100%| S|CS|TAMS 0x000000008b100000, 0x000000008b100000| Complete 
| 110|0x000000008b200000, 0x000000008b200000, 0x000000008b300000|  0%| F|  |TAMS 0x000000008b200000, 0x000000008b200000| Untracked 
| 111|0x000000008b300000, 0x000000008b3b8d48, 0x000000008b400000| 72%| E|  |TAMS 0x000000008b300000, 0x000000008b300000| Complete 
| 112|0x000000008b400000, 0x000000008b500000, 0x000000008b500000|100%| E|CS|TAMS 0x000000008b400000, 0x000000008b400000| Complete 
| 113|0x000000008b500000, 0x000000008b600000, 0x000000008b600000|100%| E|CS|TAMS 0x000000008b500000, 0x000000008b500000| Complete 
| 114|0x000000008b600000, 0x000000008b700000, 0x000000008b700000|100%| E|CS|TAMS 0x000000008b600000, 0x000000008b600000| Complete 
| 115|0x000000008b700000, 0x000000008b800000, 0x000000008b800000|100%| E|CS|TAMS 0x000000008b700000, 0x000000008b700000| Complete 
| 116|0x000000008b800000, 0x000000008b900000, 0x000000008b900000|100%| E|CS|TAMS 0x000000008b800000, 0x000000008b800000| Complete 
| 117|0x000000008b900000, 0x000000008ba00000, 0x000000008ba00000|100%| E|CS|TAMS 0x000000008b900000, 0x000000008b900000| Complete 
| 118|0x000000008ba00000, 0x000000008bb00000, 0x000000008bb00000|100%| E|CS|TAMS 0x000000008ba00000, 0x000000008ba00000| Complete 
| 119|0x000000008bb00000, 0x000000008bc00000, 0x000000008bc00000|100%| E|CS|TAMS 0x000000008bb00000, 0x000000008bb00000| Complete 
| 120|0x000000008bc00000, 0x000000008bd00000, 0x000000008bd00000|100%| E|CS|TAMS 0x000000008bc00000, 0x000000008bc00000| Complete 
| 121|0x000000008bd00000, 0x000000008be00000, 0x000000008be00000|100%| E|CS|TAMS 0x000000008bd00000, 0x000000008bd00000| Complete 
| 122|0x000000008be00000, 0x000000008bf00000, 0x000000008bf00000|100%| E|CS|TAMS 0x000000008be00000, 0x000000008be00000| Complete 
| 123|0x000000008bf00000, 0x000000008c000000, 0x000000008c000000|100%| E|CS|TAMS 0x000000008bf00000, 0x000000008bf00000| Complete 
|1978|0x00000000ffe00000, 0x00000000ffe48000, 0x00000000fff00000| 28%|OA|  |TAMS 0x00000000ffe00000, 0x00000000ffe00000| Untracked 
|1979|0x00000000fff00000, 0x00000000fff6c000, 0x0000000100000000| 42%|CA|  |TAMS 0x00000000fff00000, 0x00000000fff00000| Untracked 

Card table byte_map: [0x00007f4c54c0c000,0x00007f4c54fea000] _byte_map_base: 0x00007f4c547ea000

Marking Bits (Prev, Next): (CMBitMap*) 0x00007f4c500567f8, (CMBitMap*) 0x00007f4c50056830
 Prev Bits: [0x00007f4c32110000, 0x00007f4c34000000)
 Next Bits: [0x00007f4c30220000, 0x00007f4c32110000)

Polling page: 0x00007f4c55ad9000

Metaspace:

Usage:
  Non-class:     10.82 MB capacity,    10.65 MB ( 98%) used,   148.30 KB (  1%) free+waste,    28.75 KB ( <1%) overhead. 
      Class:      1.07 MB capacity,   952.05 KB ( 87%) used,   127.08 KB ( 12%) free+waste,    13.88 KB (  1%) overhead. 
       Both:     11.89 MB capacity,    11.58 MB ( 97%) used,   275.38 KB (  2%) free+waste,    42.62 KB ( <1%) overhead. 

Virtual space:
  Non-class space:       12.00 MB reserved,      11.25 MB ( 94%) committed 
      Class space:        1.00 GB reserved,       1.12 MB ( <1%) committed 
             Both:        1.01 GB reserved,      12.38 MB (  1%) committed 

Chunk freelists:
   Non-Class:  199.00 KB
       Class:  27.00 KB
        Both:  226.00 KB

MaxMetaspaceSize: unlimited
CompressedClassSpaceSize: 1.00 GB
Initial GC threshold: 20.80 MB
Current GC threshold: 20.80 MB
CDS: on

CodeHeap 'non-profiled nmethods': size=120032Kb used=515Kb max_used=515Kb free=119516Kb
 bounds [0x00007f4c402b9000, 0x00007f4c40529000, 0x00007f4c477f1000]
CodeHeap 'profiled nmethods': size=120032Kb used=2482Kb max_used=2482Kb free=117549Kb
 bounds [0x00007f4c38d81000, 0x00007f4c38ff1000, 0x00007f4c402b9000]
CodeHeap 'non-nmethods': size=5696Kb used=1606Kb max_used=1618Kb free=4089Kb
 bounds [0x00007f4c387f1000, 0x00007f4c38a61000, 0x00007f4c38d81000]
 total_blobs=2290 nmethods=1288 adapters=915
 compilation: enabled
              stopped_count=0, restarted_count=0
 full_count=0

Compilation events (20 events):
Event: 9.656 Thread 0x00007f4c5011f800 1278       3       jogamp.opengl.x11.glx.GLX::glXSwapBuffers (45 bytes)
Event: 9.656 Thread 0x00007f4c5011f800 nmethod 1278 0x00007f4c38fe9510 code [0x00007f4c38fe97c0, 0x00007f4c38fea390]
Event: 9.843 Thread 0x00007f4c5011d800 1280       4       java.nio.Buffer::<init> (99 bytes)
Event: 9.845 Thread 0x00007f4c5011d800 nmethod 1280 0x00007f4c40338b90 code [0x00007f4c40338d20, 0x00007f4c40338e18]
Event: 11.661 Thread 0x00007f4c5011d800 1281       4       java.util.TaskQueue::getMin (7 bytes)
Event: 11.661 Thread 0x00007f4c5011d800 nmethod 1281 0x00007f4c40338f10 code [0x00007f4c403390a0, 0x00007f4c40339138]
Event: 11.729 Thread 0x00007f4c5011f800 1282       3       com.jogamp.opengl.glu.GLU::gluNewQuadric (63 bytes)
Event: 11.730 Thread 0x00007f4c5011f800 nmethod 1282 0x00007f4c38fea790 code [0x00007f4c38feaaa0, 0x00007f4c38febbe0]
Event: 11.730 Thread 0x00007f4c5011f800 1283       3       jogamp.opengl.glu.GLUquadricImpl::<init> (104 bytes)
Event: 11.730 Thread 0x00007f4c5011f800 nmethod 1283 0x00007f4c38fec110 code [0x00007f4c38fec300, 0x00007f4c38fec840]
Event: 11.730 Thread 0x00007f4c5011f800 1284       3       jogamp.opengl.glu.GLUquadricImpl::replaceImmModeSink (129 bytes)
Event: 11.731 Thread 0x00007f4c5011f800 nmethod 1284 0x00007f4c38fec990 code [0x00007f4c38fecb80, 0x00007f4c38fed000]
Event: 13.320 Thread 0x00007f4c5011d800 1285   !   4       jogamp.common.util.locks.RecursiveLockImpl01Unfairish::validateLocked (147 bytes)
Event: 13.321 Thread 0x00007f4c5011d800 nmethod 1285 0x00007f4c40339210 code [0x00007f4c403393a0, 0x00007f4c40339698]
Event: 13.810 Thread 0x00007f4c5011d800 1286       4       java.nio.DirectDoubleBufferU::slice (62 bytes)
Event: 13.813 Thread 0x00007f4c5011d800 nmethod 1286 0x00007f4c40339810 code [0x00007f4c403399c0, 0x00007f4c40339bd8]
Event: 14.004 Thread 0x00007f4c5011f800 1287       3       java.lang.StringBuilder::append (8 bytes)
Event: 14.004 Thread 0x00007f4c5011f800 nmethod 1287 0x00007f4c38fed110 code [0x00007f4c38fed2c0, 0x00007f4c38fed420]
Event: 14.010 Thread 0x00007f4c5011f800 1288       3       java.nio.ByteBuffer::arrayOffset (35 bytes)
Event: 14.010 Thread 0x00007f4c5011f800 nmethod 1288 0x00007f4c38fed510 code [0x00007f4c38fed6e0, 0x00007f4c38fed9d0]

GC Heap History (2 events):
Event: 0.655 GC heap before
{Heap before GC invocations=0 (full 0):
 garbage-first heap   total 129024K, used 15056K [0x0000000084400000, 0x0000000100000000)
  region size 1024K, 14 young (14336K), 0 survivors (0K)
 Metaspace       used 9383K, capacity 9654K, committed 10112K, reserved 1058816K
  class space    used 729K, capacity 849K, committed 896K, reserved 1048576K
}
Event: 0.663 GC heap after
{Heap after GC invocations=1 (full 0):
 garbage-first heap   total 129024K, used 2471K [0x0000000084400000, 0x0000000100000000)
  region size 1024K, 2 young (2048K), 2 survivors (2048K)
 Metaspace       used 9383K, capacity 9654K, committed 10112K, reserved 1058816K
  class space    used 729K, capacity 849K, committed 896K, reserved 1048576K
}

Deoptimization events (20 events):
Event: 0.535 Thread 0x00007f4c50016800 DEOPT PACKING pc=0x00007f4c38dbb324 sp=0x00007f4c55c20960
Event: 0.535 Thread 0x00007f4c50016800 DEOPT UNPACKING pc=0x00007f4c3883b64a sp=0x00007f4c55c1fdd8 mode 0
Event: 1.162 Thread 0x00007f4c50016800 DEOPT PACKING pc=0x00007f4c38dde8c2 sp=0x00007f4c55c21300
Event: 1.162 Thread 0x00007f4c50016800 DEOPT UNPACKING pc=0x00007f4c3883b64a sp=0x00007f4c55c20788 mode 0
Event: 1.178 Thread 0x00007f4c50016800 Uncommon trap: trap_request=0xffffff4d fr.pc=0x00007f4c40308e34 relative=0x0000000000000094
Event: 1.178 Thread 0x00007f4c50016800 Uncommon trap: reason=unstable_if action=reinterpret pc=0x00007f4c40308e34 method=java.lang.reflect.AccessibleObject.checkCanSetAccessible(Ljava/lang/Class;Ljava/lang/Class;Z)Z @ 30 c2
Event: 1.178 Thread 0x00007f4c50016800 DEOPT PACKING pc=0x00007f4c40308e34 sp=0x00007f4c55c22e40
Event: 1.178 Thread 0x00007f4c50016800 DEOPT UNPACKING pc=0x00007f4c3883aea5 sp=0x00007f4c55c22dc0 mode 2
Event: 1.195 Thread 0x00007f4c50016800 DEOPT PACKING pc=0x00007f4c38dab7cf sp=0x00007f4c55c23be0
Event: 1.195 Thread 0x00007f4c50016800 DEOPT UNPACKING pc=0x00007f4c3883b64a sp=0x00007f4c55c23088 mode 0
Event: 1.938 Thread 0x00007f4c5049f000 DEOPT PACKING pc=0x00007f4c38f7ddd9 sp=0x00007f4ba2d58fd0
Event: 1.938 Thread 0x00007f4c5049f000 DEOPT UNPACKING pc=0x00007f4c3883b64a sp=0x00007f4ba2d585f0 mode 0
Event: 1.986 Thread 0x00007f4c5049f000 DEOPT PACKING pc=0x00007f4c38f7ddd9 sp=0x00007f4ba2d58fd0
Event: 1.986 Thread 0x00007f4c5049f000 DEOPT UNPACKING pc=0x00007f4c3883b64a sp=0x00007f4ba2d585f0 mode 0
Event: 2.022 Thread 0x00007f4c50493800 DEOPT PACKING pc=0x00007f4c38f854f3 sp=0x00007f4ba2e59cd0
Event: 2.022 Thread 0x00007f4c50493800 DEOPT UNPACKING pc=0x00007f4c3883b64a sp=0x00007f4ba2e591f0 mode 0
Event: 14.002 Thread 0x00007f4c5049f000 Uncommon trap: trap_request=0xffffff4d fr.pc=0x00007f4c402e4594 relative=0x0000000000000554
Event: 14.002 Thread 0x00007f4c5049f000 Uncommon trap: reason=unstable_if action=reinterpret pc=0x00007f4c402e4594 method=java.lang.AbstractStringBuilder.append(Ljava/lang/String;)Ljava/lang/AbstractStringBuilder; @ 1 c2
Event: 14.002 Thread 0x00007f4c5049f000 DEOPT PACKING pc=0x00007f4c402e4594 sp=0x00007f4ba2d59330
Event: 14.002 Thread 0x00007f4c5049f000 DEOPT UNPACKING pc=0x00007f4c3883aea5 sp=0x00007f4ba2d592c0 mode 2

Classes redefined (0 events):
No events

Internal exceptions (20 events):
Event: 0.169 Thread 0x00007f4c50016800 Exception <a 'java/lang/NoSuchMethodError'{0x000000008bde11c8}: 'java.lang.Object java.lang.invoke.DirectMethodHandle$Holder.invokeStaticInit(java.lang.Object, java.lang.Object, long, java.lang.Object)'> (0x000000008bde11c8) thrown at [src/hotspot/share/interpreter/linkResolver.cpp, line 772]
Event: 0.171 Thread 0x00007f4c50016800 Exception <a 'java/lang/NoSuchMethodError'{0x000000008bded328}: 'java.lang.Object java.lang.invoke.Invokers$Holder.linkToTargetMethod(java.lang.Object, long, java.lang.Object)'> (0x000000008bded328) thrown at [src/hotspot/share/interpreter/linkResolver.cpp, line 772]
Event: 0.177 Thread 0x00007f4c50016800 Exception <a 'java/lang/NoSuchMethodError'{0x000000008bdf7350}: 'java.lang.Object java.lang.invoke.DirectMethodHandle$Holder.invokeStatic(java.lang.Object, java.lang.Object, java.lang.Object, int)'> (0x000000008bdf7350) thrown at [src/hotspot/share/interpreter/linkResolver.cpp, line 772]
Event: 0.178 Thread 0x00007f4c50016800 Exception <a 'java/lang/NoSuchMethodError'{0x000000008bdfde28}: 'java.lang.Object java.lang.invoke.Invokers$Holder.linkToTargetMethod(java.lang.Object, java.lang.Object, int, java.lang.Object)'> (0x000000008bdfde28) thrown at [src/hotspot/share/interpreter/linkResolver.cpp, line 772]
Event: 0.265 Thread 0x00007f4c50016800 Exception <a 'java/lang/ClassNotFoundException'{0x000000008ba01c88}: sun/awt/resources/spi/awtProvider> (0x000000008ba01c88) thrown at [src/hotspot/share/classfile/systemDictionary.cpp, line 230]
Event: 0.316 Thread 0x00007f4c50016800 Exception <a 'java/io/FileNotFoundException'{0x000000008ba86430}> (0x000000008ba86430) thrown at [src/hotspot/share/prims/jni.cpp, line 617]
Event: 0.339 Thread 0x00007f4c50016800 Exception <a 'java/lang/NoSuchMethodError'{0x000000008bae1740}: 'java.lang.Object java.lang.invoke.DirectMethodHandle$Holder.invokeStatic(java.lang.Object, java.lang.Object, java.lang.Object, java.lang.Object, java.lang.Object, java.lang.Object, java.lang.Object, java.lang.Object, java.lang.Object, java.lang.Object, java.lang.Object, java.lang.Object, java.lang.Object, java.lang.Object, java.lang.Object)'> (0x000000008bae1740) thrown at [src/hotspot/share/interpreter/linkResolver.cpp, line 772]
Event: 0.341 Thread 0x00007f4c50016800 Exception <a 'java/lang/NoSuchMethodError'{0x000000008baef2f0}: 'java.lang.Object java.lang.invoke.DirectMethodHandle$Holder.invokeStatic(java.lang.Object, java.lang.Object, java.lang.Object, java.lang.Object, java.lang.Object, java.lang.Object, java.lang.Object, java.lang.Object, java.lang.Object, java.lang.Object, java.lang.Object, java.lang.Object, java.lang.Object, java.lang.Object, java.lang.Object, java.lang.Object)'> (0x000000008baef2f0) thrown at [src/hotspot/share/interpreter/linkResolver.cpp, lin
Event: 0.342 Thread 0x00007f4c50016800 Exception <a 'java/lang/NoSuchMethodError'{0x000000008bafcf60}: 'java.lang.Object java.lang.invoke.DirectMethodHandle$Holder.invokeSpecial(java.lang.Object, java.lang.Object, int, int, java.lang.Object, java.lang.Object, java.lang.Object)'> (0x000000008bafcf60) thrown at [src/hotspot/share/interpreter/linkResolver.cpp, line 772]
Event: 0.346 Thread 0x00007f4c50016800 Exception <a 'java/lang/NoSuchMethodError'{0x000000008b900ab0}: 'java.lang.Object java.lang.invoke.DelegatingMethodHandle$Holder.reinvoke_L(java.lang.Object, int, int, java.lang.Object, java.lang.Object, java.lang.Object)'> (0x000000008b900ab0) thrown at [src/hotspot/share/interpreter/linkResolver.cpp, line 772]
Event: 0.346 Thread 0x00007f4c50016800 Exception <a 'java/lang/NoSuchMethodError'{0x000000008b9049d8}: 'java.lang.Object java.lang.invoke.DirectMethodHandle$Holder.invokeStatic(java.lang.Object, java.lang.Object, java.lang.Object, java.lang.Object, int)'> (0x000000008b9049d8) thrown at [src/hotspot/share/interpreter/linkResolver.cpp, line 772]
Event: 0.433 Thread 0x00007f4c50016800 Exception <a 'java/lang/NoSuchMethodError'{0x000000008b856928}: 'java.lang.Object java.lang.invoke.DirectMethodHandle$Holder.invokeStatic(java.lang.Object, java.lang.Object, java.lang.Object, java.lang.Object, java.lang.Object, java.lang.Object, java.lang.Object, java.lang.Object, int)'> (0x000000008b856928) thrown at [src/hotspot/share/interpreter/linkResolver.cpp, line 772]
Event: 0.436 Thread 0x00007f4c50016800 Exception <a 'java/lang/NoSuchMethodError'{0x000000008b870a08}: 'java.lang.Object java.lang.invoke.DirectMethodHandle$Holder.invokeStatic(java.lang.Object, java.lang.Object, java.lang.Object, java.lang.Object, java.lang.Object, java.lang.Object, java.lang.Object, java.lang.Object, int, int)'> (0x000000008b870a08) thrown at [src/hotspot/share/interpreter/linkResolver.cpp, line 772]
Event: 0.438 Thread 0x00007f4c50016800 Exception <a 'java/lang/NoSuchMethodError'{0x000000008b87cb90}: 'void java.lang.invoke.DirectMethodHandle$Holder.invokeSpecial(java.lang.Object, java.lang.Object)'> (0x000000008b87cb90) thrown at [src/hotspot/share/interpreter/linkResolver.cpp, line 772]
Event: 0.452 Thread 0x00007f4c50016800 Exception <a 'java/lang/NoSuchMethodError'{0x000000008b8bf240}: 'java.lang.Object java.lang.invoke.DirectMethodHandle$Holder.invokeSpecial(java.lang.Object, java.lang.Object, long)'> (0x000000008b8bf240) thrown at [src/hotspot/share/interpreter/linkResolver.cpp, line 772]
Event: 0.506 Thread 0x00007f4c503de800 Exception <a 'java/lang/NoSuchMethodError'{0x000000008b7dcf30}: 'java.lang.Object java.lang.invoke.Invokers$Holder.linkToTargetMethod(java.lang.Object, int, java.lang.Object)'> (0x000000008b7dcf30) thrown at [src/hotspot/share/interpreter/linkResolver.cpp, line 772]
Event: 1.346 Thread 0x00007f4c5049f000 Exception <a 'java/lang/NoSuchMethodError'{0x000000008b649248}: 'java.lang.Object java.lang.invoke.DirectMethodHandle$Holder.invokeStatic(java.lang.Object, java.lang.Object, java.lang.Object, java.lang.Object, java.lang.Object, java.lang.Object, java.lang.Object, java.lang.Object, java.lang.Object, java.lang.Object, java.lang.Object, java.lang.Object, java.lang.Object, int)'> (0x000000008b649248) thrown at [src/hotspot/share/interpreter/linkResolver.cpp, line 772]
Event: 1.347 Thread 0x00007f4c5049f000 Exception <a 'java/lang/NoSuchMethodError'{0x000000008b6557d0}: 'java.lang.Object java.lang.invoke.DirectMethodHandle$Holder.invokeStatic(java.lang.Object, java.lang.Object, java.lang.Object, java.lang.Object, java.lang.Object, java.lang.Object, java.lang.Object, java.lang.Object, java.lang.Object, java.lang.Object, java.lang.Object, java.lang.Object, java.lang.Object, int, int)'> (0x000000008b6557d0) thrown at [src/hotspot/share/interpreter/linkResolver.cpp, line 772]
Event: 14.000 Thread 0x00007f4bd000d000 JVM_StopThread thread JavaThread 0x00007f4c5049f000 as oop 0x000000008b76af58 [exception 0x00007f4ba1135080]
Event: 14.002 Thread 0x00007f4c5049f000 Implicit null exception at 0x00007f4c402e4084 to 0x00007f4c402e457c

Events (20 events):
Event: 14.003 loading class java/lang/Throwable$PrintStreamOrWriter done
Event: 14.003 loading class java/lang/Throwable$WrappedPrintStream done
Event: 14.009 Executing VM operation: RevokeBias
Event: 14.009 Executing VM operation: RevokeBias done
Event: 14.010 Executing VM operation: RevokeBias
Event: 14.010 Executing VM operation: RevokeBias done
Event: 14.010 Thread 0x00007f4c5049f000 Thread exited: 0x00007f4c5049f000
Event: 14.023 Executing VM operation: RevokeBias
Event: 14.027 Executing VM operation: RevokeBias done
Event: 14.030 Executing VM operation: RevokeBias
Event: 14.031 Executing coalesced safepoint VM operation: RevokeBias
Event: 14.031 Executing coalesced safepoint VM operation: RevokeBias done
Event: 14.031 Executing VM operation: RevokeBias done
Event: 14.031 Thread 0x00007f4c50412000 Thread exited: 0x00007f4c50412000
Event: 14.031 Thread 0x00007f4c50434000 Thread exited: 0x00007f4c50434000
Event: 14.031 Executing VM operation: RevokeBias
Event: 14.031 Executing VM operation: RevokeBias done
Event: 14.032 Thread 0x00007f4bd000d000 Thread exited: 0x00007f4bd000d000
Event: 14.032 Thread 0x00007f4c50119800 Thread exited: 0x00007f4c50119800
Event: 14.032 Executing VM operation: Exit


Dynamic libraries:
84400000-8c000000 rw-p 00000000 00:00 0 
8c000000-ffe00000 ---p 00000000 00:00 0 
ffe00000-ffe48000 rw-p 00b13000 08:20 55858                              /usr/lib/jvm/java-11-openjdk-amd64/lib/server/classes.jsa
ffe48000-fff00000 rw-p 00000000 00:00 0 
fff00000-fff6c000 rw-p 00aa7000 08:20 55858                              /usr/lib/jvm/java-11-openjdk-amd64/lib/server/classes.jsa
fff6c000-100000000 rw-p 00000000 00:00 0 
800000000-800002000 rwxp 00001000 08:20 55858                            /usr/lib/jvm/java-11-openjdk-amd64/lib/server/classes.jsa
800002000-8003ce000 rw-p 00003000 08:20 55858                            /usr/lib/jvm/java-11-openjdk-amd64/lib/server/classes.jsa
8003ce000-800aa5000 r--p 003cf000 08:20 55858                            /usr/lib/jvm/java-11-openjdk-amd64/lib/server/classes.jsa
800aa5000-800aa6000 rw-p 00aa6000 08:20 55858                            /usr/lib/jvm/java-11-openjdk-amd64/lib/server/classes.jsa
840000000-840120000 rw-p 00000000 00:00 0 
840120000-880000000 ---p 00000000 00:00 0 
560b1980b000-560b1980c000 r--p 00000000 08:20 55358                      /usr/lib/jvm/java-11-openjdk-amd64/bin/java
560b1980c000-560b1980d000 r-xp 00001000 08:20 55358                      /usr/lib/jvm/java-11-openjdk-amd64/bin/java
560b1980d000-560b1980e000 r--p 00002000 08:20 55358                      /usr/lib/jvm/java-11-openjdk-amd64/bin/java
560b1980e000-560b1980f000 r--p 00002000 08:20 55358                      /usr/lib/jvm/java-11-openjdk-amd64/bin/java
560b1980f000-560b19810000 rw-p 00003000 08:20 55358                      /usr/lib/jvm/java-11-openjdk-amd64/bin/java
560b1b58e000-560b1b5af000 rw-p 00000000 00:00 0                          [heap]
7f4ba1037000-7f4ba103b000 ---p 00000000 00:00 0 
7f4ba103b000-7f4ba1138000 rw-p 00000000 00:00 0 
7f4ba1a5e000-7f4ba1e66000 rw-s 00000000 00:01 131117                     /SYSV00000000 (deleted)
7f4ba2c5a000-7f4ba2c5e000 ---p 00000000 00:00 0 
7f4ba2c5e000-7f4ba2d5b000 rw-p 00000000 00:00 0 
7f4ba2d5b000-7f4ba2d5f000 ---p 00000000 00:00 0 
7f4ba2d5f000-7f4ba2f9c000 rw-p 00000000 00:00 0 
7f4ba2f9c000-7f4ba305c000 ---p 00000000 00:00 0 
7f4ba305c000-7f4ba306d000 r-xp 00000000 08:20 89603                      /tmp/jogamp_0000/file_cache/jln4565901879804638192/jln5728429027517010059/natives/linux-amd64/libnewt.so
7f4ba306d000-7f4ba326c000 ---p 00011000 08:20 89603                      /tmp/jogamp_0000/file_cache/jln4565901879804638192/jln5728429027517010059/natives/linux-amd64/libnewt.so
7f4ba326c000-7f4ba326d000 rw-p 00010000 08:20 89603                      /tmp/jogamp_0000/file_cache/jln4565901879804638192/jln5728429027517010059/natives/linux-amd64/libnewt.so
7f4ba32ae000-7f4ba32b2000 rw-s 00000000 00:01 131116                     /SYSV00000000 (deleted)
7f4ba4000000-7f4ba402a000 rw-p 00000000 00:00 0 
7f4ba402a000-7f4ba8000000 ---p 00000000 00:00 0 
7f4ba8087000-7f4ba80a0000 r--p 00000000 08:20 7475                       /usr/lib/x86_64-linux-gnu/libGLX_mesa.so.0.0.0
7f4ba80a0000-7f4ba80e4000 r-xp 00019000 08:20 7475                       /usr/lib/x86_64-linux-gnu/libGLX_mesa.so.0.0.0
7f4ba80e4000-7f4ba80fb000 r--p 0005d000 08:20 7475                       /usr/lib/x86_64-linux-gnu/libGLX_mesa.so.0.0.0
7f4ba80fb000-7f4ba80fe000 r--p 00073000 08:20 7475                       /usr/lib/x86_64-linux-gnu/libGLX_mesa.so.0.0.0
7f4ba80fe000-7f4ba80ff000 rw-p 00076000 08:20 7475                       /usr/lib/x86_64-linux-gnu/libGLX_mesa.so.0.0.0
7f4ba80ff000-7f4ba8100000 rw-p 00000000 00:00 0 
7f4ba8353000-7f4ba835e000 r--p 00000000 08:20 12738                      /usr/lib/x86_64-linux-gnu/libxcb-glx.so.0.0.0
7f4ba835e000-7f4ba8367000 r-xp 0000b000 08:20 12738                      /usr/lib/x86_64-linux-gnu/libxcb-glx.so.0.0.0
7f4ba8367000-7f4ba836c000 r--p 00014000 08:20 12738                      /usr/lib/x86_64-linux-gnu/libxcb-glx.so.0.0.0
7f4ba836c000-7f4ba836d000 ---p 00019000 08:20 12738                      /usr/lib/x86_64-linux-gnu/libxcb-glx.so.0.0.0
7f4ba836d000-7f4ba836f000 r--p 00019000 08:20 12738                      /usr/lib/x86_64-linux-gnu/libxcb-glx.so.0.0.0
7f4ba836f000-7f4ba8370000 rw-p 0001b000 08:20 12738                      /usr/lib/x86_64-linux-gnu/libxcb-glx.so.0.0.0
7f4ba9090000-7f4ba9091000 ---p 00000000 00:00 0 
7f4ba9091000-7f4ba9891000 rw-p 00000000 00:00 0 
7f4ba9891000-7f4baac81000 r--p 00000000 00:1c 13792273858927023          /usr/lib/wsl/drivers/nv_dispi.inf_amd64_d3828c822366e497/libnvwgf2umx.so
7f4baac81000-7f4bac8c6000 r-xp 013f0000 00:1c 13792273858927023          /usr/lib/wsl/drivers/nv_dispi.inf_amd64_d3828c822366e497/libnvwgf2umx.so
7f4bac8c6000-7f4bac9d0000 r--p 03035000 00:1c 13792273858927023          /usr/lib/wsl/drivers/nv_dispi.inf_amd64_d3828c822366e497/libnvwgf2umx.so
7f4bac9d0000-7f4bae7f9000 rw-p 0313f000 00:1c 13792273858927023          /usr/lib/wsl/drivers/nv_dispi.inf_amd64_d3828c822366e497/libnvwgf2umx.so
7f4bae7f9000-7f4bae84a000 rw-p 00000000 00:00 0 
7f4bae84a000-7f4bb3a6b000 r-xp 00000000 08:20 7651                       /usr/lib/x86_64-linux-gnu/libLLVM-12.so.1
7f4bb3a6b000-7f4bb3f84000 r--p 05220000 08:20 7651                       /usr/lib/x86_64-linux-gnu/libLLVM-12.so.1
7f4bb3f84000-7f4bb3f8b000 rw-p 05739000 08:20 7651                       /usr/lib/x86_64-linux-gnu/libLLVM-12.so.1
7f4bb3f8b000-7f4bb4000000 rw-p 00000000 00:00 0 
7f4bb4000000-7f4bb4623000 rw-p 00000000 00:00 0 
7f4bb4623000-7f4bb8000000 ---p 00000000 00:00 0 
7f4bb8002000-7f4bb8003000 r--p 00000000 08:20 12746                      /usr/lib/x86_64-linux-gnu/libxcb-shm.so.0.0.0
7f4bb8003000-7f4bb8004000 r-xp 00001000 08:20 12746                      /usr/lib/x86_64-linux-gnu/libxcb-shm.so.0.0.0
7f4bb8004000-7f4bb8005000 r--p 00002000 08:20 12746                      /usr/lib/x86_64-linux-gnu/libxcb-shm.so.0.0.0
7f4bb8005000-7f4bb8006000 r--p 00002000 08:20 12746                      /usr/lib/x86_64-linux-gnu/libxcb-shm.so.0.0.0
7f4bb8006000-7f4bb8007000 rw-p 00003000 08:20 12746                      /usr/lib/x86_64-linux-gnu/libxcb-shm.so.0.0.0
7f4bb8071000-7f4bb8072000 ---p 00000000 00:00 0 
7f4bb8072000-7f4bb8872000 rw-p 00000000 00:00 0 
7f4bb8872000-7f4bb8873000 ---p 00000000 00:00 0 
7f4bb8873000-7f4bb9073000 rw-p 00000000 00:00 0 
7f4bb9073000-7f4bb9074000 ---p 00000000 00:00 0 
7f4bb9074000-7f4bb9874000 rw-p 00000000 00:00 0 
7f4bb9c74000-7f4bb9c75000 ---p 00000000 00:00 0 
7f4bb9c75000-7f4bba475000 rw-p 00000000 00:00 0 
7f4bba475000-7f4bba60b000 r--p 00000000 08:20 7530                       /usr/lib/x86_64-linux-gnu/dri/swrast_dri.so
7f4bba60b000-7f4bbb6b6000 r-xp 00196000 08:20 7530                       /usr/lib/x86_64-linux-gnu/dri/swrast_dri.so
7f4bbb6b6000-7f4bbbb7c000 r--p 01241000 08:20 7530                       /usr/lib/x86_64-linux-gnu/dri/swrast_dri.so
7f4bbbb7c000-7f4bbbcaa000 r--p 01706000 08:20 7530                       /usr/lib/x86_64-linux-gnu/dri/swrast_dri.so
7f4bbbcaa000-7f4bbbde2000 rw-p 01834000 08:20 7530                       /usr/lib/x86_64-linux-gnu/dri/swrast_dri.so
7f4bbbde2000-7f4bbc000000 rw-p 00000000 00:00 0 
7f4bbc000000-7f4bbc154000 rw-p 00000000 00:00 0 
7f4bbc154000-7f4bc0000000 ---p 00000000 00:00 0 
7f4bc0000000-7f4bc0021000 rw-p 00000000 00:00 0 
7f4bc0021000-7f4bc4000000 ---p 00000000 00:00 0 
7f4bc4000000-7f4bc434b000 rw-p 00000000 00:00 0 
7f4bc434b000-7f4bc8000000 ---p 00000000 00:00 0 
7f4bc8000000-7f4bc8321000 rw-p 00000000 00:00 0 
7f4bc8321000-7f4bcc000000 ---p 00000000 00:00 0 
7f4bcc000000-7f4bcc021000 rw-p 00000000 00:00 0 
7f4bcc021000-7f4bd0000000 ---p 00000000 00:00 0 
7f4bd0000000-7f4bd0021000 rw-p 00000000 00:00 0 
7f4bd0021000-7f4bd4000000 ---p 00000000 00:00 0 
7f4bd4000000-7f4bd4021000 rw-p 00000000 00:00 0 
7f4bd4021000-7f4bd8000000 ---p 00000000 00:00 0 
7f4bd8000000-7f4bd8021000 rw-p 00000000 00:00 0 
7f4bd8021000-7f4bdc000000 ---p 00000000 00:00 0 
7f4bdc000000-7f4bdc021000 rw-p 00000000 00:00 0 
7f4bdc021000-7f4be0000000 ---p 00000000 00:00 0 
7f4be0000000-7f4be0021000 rw-p 00000000 00:00 0 
7f4be0021000-7f4be4000000 ---p 00000000 00:00 0 
7f4be4000000-7f4be4021000 rw-p 00000000 00:00 0 
7f4be4021000-7f4be8000000 ---p 00000000 00:00 0 
7f4be8000000-7f4be82ea000 rw-p 00000000 00:00 0 
7f4be82ea000-7f4bec000000 ---p 00000000 00:00 0 
7f4bec000000-7f4bec001000 r--p 00000000 08:20 12130                      /usr/lib/x86_64-linux-gnu/libXinerama.so.1.0.0
7f4bec001000-7f4bec002000 r-xp 00001000 08:20 12130                      /usr/lib/x86_64-linux-gnu/libXinerama.so.1.0.0
7f4bec002000-7f4bec003000 r--p 00002000 08:20 12130                      /usr/lib/x86_64-linux-gnu/libXinerama.so.1.0.0
7f4bec003000-7f4bec004000 r--p 00002000 08:20 12130                      /usr/lib/x86_64-linux-gnu/libXinerama.so.1.0.0
7f4bec004000-7f4bec005000 rw-p 00003000 08:20 12130                      /usr/lib/x86_64-linux-gnu/libXinerama.so.1.0.0
7f4bec005000-7f4bec006000 rwxp 00000000 00:00 0 
7f4becb2f000-7f4becb73000 r--p 00000000 00:1e 844424930163017            /usr/lib/wsl/lib/libd3d12.so
7f4becb73000-7f4becbec000 r-xp 00043000 00:1e 844424930163017            /usr/lib/wsl/lib/libd3d12.so
7f4becbec000-7f4becbf4000 r--p 000bb000 00:1e 844424930163017            /usr/lib/wsl/lib/libd3d12.so
7f4becbf4000-7f4becbf6000 rw-p 000c2000 00:1e 844424930163017            /usr/lib/wsl/lib/libd3d12.so
7f4becbf6000-7f4becbf9000 rw-p 00000000 00:00 0 
7f4becbf9000-7f4becc3c000 r--p 00000000 00:1e 562949953452363            /usr/lib/wsl/lib/libdxcore.so
7f4becc3c000-7f4beccbd000 r-xp 00042000 00:1e 562949953452363            /usr/lib/wsl/lib/libdxcore.so
7f4beccbd000-7f4beccc5000 r--p 000c2000 00:1e 562949953452363            /usr/lib/wsl/lib/libdxcore.so
7f4beccc5000-7f4beccc7000 rw-p 000c9000 00:1e 562949953452363            /usr/lib/wsl/lib/libdxcore.so
7f4beccc7000-7f4beccca000 rw-p 00000000 00:00 0 
7f4beccca000-7f4beccd8000 r--p 00000000 08:20 29017                      /usr/lib/x86_64-linux-gnu/libtinfo.so.6.2
7f4beccd8000-7f4becce7000 r-xp 0000e000 08:20 29017                      /usr/lib/x86_64-linux-gnu/libtinfo.so.6.2
7f4becce7000-7f4beccf5000 r--p 0001d000 08:20 29017                      /usr/lib/x86_64-linux-gnu/libtinfo.so.6.2
7f4beccf5000-7f4beccf9000 r--p 0002a000 08:20 29017                      /usr/lib/x86_64-linux-gnu/libtinfo.so.6.2
7f4beccf9000-7f4beccfa000 rw-p 0002e000 08:20 29017                      /usr/lib/x86_64-linux-gnu/libtinfo.so.6.2
7f4beccfa000-7f4becd02000 r--p 00000000 08:20 12278                      /usr/lib/x86_64-linux-gnu/libedit.so.2.0.63
7f4becd02000-7f4becd1d000 r-xp 00008000 08:20 12278                      /usr/lib/x86_64-linux-gnu/libedit.so.2.0.63
7f4becd1d000-7f4becd2b000 r--p 00023000 08:20 12278                      /usr/lib/x86_64-linux-gnu/libedit.so.2.0.63
7f4becd2b000-7f4becd2d000 r--p 00030000 08:20 12278                      /usr/lib/x86_64-linux-gnu/libedit.so.2.0.63
7f4becd2d000-7f4becd2e000 rw-p 00032000 08:20 12278                      /usr/lib/x86_64-linux-gnu/libedit.so.2.0.63
7f4becd2e000-7f4becd32000 rw-p 00000000 00:00 0 
7f4becd32000-7f4becd41000 r--p 00000000 08:20 12723                      /usr/lib/x86_64-linux-gnu/libvulkan.so.1.2.131
7f4becd41000-7f4becd73000 r-xp 0000f000 08:20 12723                      /usr/lib/x86_64-linux-gnu/libvulkan.so.1.2.131
7f4becd73000-7f4becd86000 r--p 00041000 08:20 12723                      /usr/lib/x86_64-linux-gnu/libvulkan.so.1.2.131
7f4becd86000-7f4becd87000 r--p 00053000 08:20 12723                      /usr/lib/x86_64-linux-gnu/libvulkan.so.1.2.131
7f4becd87000-7f4becd88000 rw-p 00054000 08:20 12723                      /usr/lib/x86_64-linux-gnu/libvulkan.so.1.2.131
7f4becd88000-7f4becd8a000 r--p 00000000 08:20 5188                       /usr/lib/x86_64-linux-gnu/libdrm_nouveau.so.2.0.0
7f4becd8a000-7f4becd8f000 r-xp 00002000 08:20 5188                       /usr/lib/x86_64-linux-gnu/libdrm_nouveau.so.2.0.0
7f4becd8f000-7f4becd91000 r--p 00007000 08:20 5188                       /usr/lib/x86_64-linux-gnu/libdrm_nouveau.so.2.0.0
7f4becd91000-7f4becd92000 r--p 00008000 08:20 5188                       /usr/lib/x86_64-linux-gnu/libdrm_nouveau.so.2.0.0
7f4becd92000-7f4becd93000 rw-p 00009000 08:20 5188                       /usr/lib/x86_64-linux-gnu/libdrm_nouveau.so.2.0.0
7f4becd93000-7f4becd96000 r--p 00000000 08:20 5158                       /usr/lib/x86_64-linux-gnu/libdrm_amdgpu.so.1.0.0
7f4becd96000-7f4becd9b000 r-xp 00003000 08:20 5158                       /usr/lib/x86_64-linux-gnu/libdrm_amdgpu.so.1.0.0
7f4becd9b000-7f4becd9d000 r--p 00008000 08:20 5158                       /usr/lib/x86_64-linux-gnu/libdrm_amdgpu.so.1.0.0
7f4becd9d000-7f4becd9e000 r--p 00009000 08:20 5158                       /usr/lib/x86_64-linux-gnu/libdrm_amdgpu.so.1.0.0
7f4becd9e000-7f4becd9f000 rw-p 0000a000 08:20 5158                       /usr/lib/x86_64-linux-gnu/libdrm_amdgpu.so.1.0.0
7f4becd9f000-7f4becda2000 r--p 00000000 08:20 12283                      /usr/lib/x86_64-linux-gnu/libelf-0.176.so
7f4becda2000-7f4becdb4000 r-xp 00003000 08:20 12283                      /usr/lib/x86_64-linux-gnu/libelf-0.176.so
7f4becdb4000-7f4becdb9000 r--p 00015000 08:20 12283                      /usr/lib/x86_64-linux-gnu/libelf-0.176.so
7f4becdb9000-7f4becdba000 r--p 00019000 08:20 12283                      /usr/lib/x86_64-linux-gnu/libelf-0.176.so
7f4becdba000-7f4becdbb000 rw-p 0001a000 08:20 12283                      /usr/lib/x86_64-linux-gnu/libelf-0.176.so
7f4becdbb000-7f4becdbd000 r--p 00000000 08:20 5210                       /usr/lib/x86_64-linux-gnu/libdrm_radeon.so.1.0.1
7f4becdbd000-7f4becdc4000 r-xp 00002000 08:20 5210                       /usr/lib/x86_64-linux-gnu/libdrm_radeon.so.1.0.1
7f4becdc4000-7f4becdc8000 r--p 00009000 08:20 5210                       /usr/lib/x86_64-linux-gnu/libdrm_radeon.so.1.0.1
7f4becdc8000-7f4becdc9000 r--p 0000c000 08:20 5210                       /usr/lib/x86_64-linux-gnu/libdrm_radeon.so.1.0.1
7f4becdc9000-7f4becdca000 rw-p 0000d000 08:20 5210                       /usr/lib/x86_64-linux-gnu/libdrm_radeon.so.1.0.1
7f4becdca000-7f4becdcd000 r--p 00000000 08:20 7682                       /usr/lib/x86_64-linux-gnu/libsensors.so.5.0.0
7f4becdcd000-7f4becdd4000 r-xp 00003000 08:20 7682                       /usr/lib/x86_64-linux-gnu/libsensors.so.5.0.0
7f4becdd4000-7f4becdd9000 r--p 0000a000 08:20 7682                       /usr/lib/x86_64-linux-gnu/libsensors.so.5.0.0
7f4becdd9000-7f4becdda000 r--p 0000e000 08:20 7682                       /usr/lib/x86_64-linux-gnu/libsensors.so.5.0.0
7f4becdda000-7f4becddb000 rw-p 0000f000 08:20 7682                       /usr/lib/x86_64-linux-gnu/libsensors.so.5.0.0
7f4becddb000-7f4becddf000 r--p 00000000 08:20 12774                      /usr/lib/x86_64-linux-gnu/libzstd.so.1.4.4
7f4becddf000-7f4bece71000 r-xp 00004000 08:20 12774                      /usr/lib/x86_64-linux-gnu/libzstd.so.1.4.4
7f4bece71000-7f4bece82000 r--p 00096000 08:20 12774                      /usr/lib/x86_64-linux-gnu/libzstd.so.1.4.4
7f4bece82000-7f4bece83000 r--p 000a6000 08:20 12774                      /usr/lib/x86_64-linux-gnu/libzstd.so.1.4.4
7f4bece83000-7f4bece84000 rw-p 000a7000 08:20 12774                      /usr/lib/x86_64-linux-gnu/libzstd.so.1.4.4
7f4bece84000-7f4bece88000 ---p 00000000 00:00 0 
7f4bece88000-7f4becf85000 rw-p 00000000 00:00 0 
7f4becf85000-7f4becf86000 ---p 00000000 00:00 0 
7f4becf86000-7f4bed087000 rw-p 00000000 00:00 0 
7f4bed087000-7f4bed088000 ---p 00000000 00:00 0 
7f4bed088000-7f4bed189000 rw-p 00000000 00:00 0 
7f4bed189000-7f4bed18a000 ---p 00000000 00:00 0 
7f4bed18a000-7f4bed28b000 rw-p 00000000 00:00 0 
7f4bed28b000-7f4bed28c000 r-xp 00000000 08:20 12764                      /usr/lib/x86_64-linux-gnu/libxshmfence.so.1.0.0
7f4bed28c000-7f4bed48b000 ---p 00001000 08:20 12764                      /usr/lib/x86_64-linux-gnu/libxshmfence.so.1.0.0
7f4bed48b000-7f4bed48c000 r--p 00000000 08:20 12764                      /usr/lib/x86_64-linux-gnu/libxshmfence.so.1.0.0
7f4bed48c000-7f4bed48d000 rw-p 00001000 08:20 12764                      /usr/lib/x86_64-linux-gnu/libxshmfence.so.1.0.0
7f4bed48d000-7f4bed490000 r--p 00000000 08:20 12748                      /usr/lib/x86_64-linux-gnu/libxcb-sync.so.1.0.0
7f4bed490000-7f4bed493000 r-xp 00003000 08:20 12748                      /usr/lib/x86_64-linux-gnu/libxcb-sync.so.1.0.0
7f4bed493000-7f4bed494000 r--p 00006000 08:20 12748                      /usr/lib/x86_64-linux-gnu/libxcb-sync.so.1.0.0
7f4bed494000-7f4bed495000 ---p 00007000 08:20 12748                      /usr/lib/x86_64-linux-gnu/libxcb-sync.so.1.0.0
7f4bed495000-7f4bed496000 r--p 00007000 08:20 12748                      /usr/lib/x86_64-linux-gnu/libxcb-sync.so.1.0.0
7f4bed496000-7f4bed497000 rw-p 00008000 08:20 12748                      /usr/lib/x86_64-linux-gnu/libxcb-sync.so.1.0.0
7f4bed497000-7f4bed498000 r--p 00000000 08:20 12740                      /usr/lib/x86_64-linux-gnu/libxcb-present.so.0.0.0
7f4bed498000-7f4bed499000 r-xp 00001000 08:20 12740                      /usr/lib/x86_64-linux-gnu/libxcb-present.so.0.0.0
7f4bed499000-7f4bed49a000 r--p 00002000 08:20 12740                      /usr/lib/x86_64-linux-gnu/libxcb-present.so.0.0.0
7f4bed49a000-7f4bed49b000 r--p 00002000 08:20 12740                      /usr/lib/x86_64-linux-gnu/libxcb-present.so.0.0.0
7f4bed49b000-7f4bed49c000 rw-p 00003000 08:20 12740                      /usr/lib/x86_64-linux-gnu/libxcb-present.so.0.0.0
7f4bed49c000-7f4bed49e000 r--p 00000000 08:20 12736                      /usr/lib/x86_64-linux-gnu/libxcb-dri3.so.0.0.0
7f4bed49e000-7f4bed49f000 r-xp 00002000 08:20 12736                      /usr/lib/x86_64-linux-gnu/libxcb-dri3.so.0.0.0
7f4bed49f000-7f4bed4a0000 r--p 00003000 08:20 12736                      /usr/lib/x86_64-linux-gnu/libxcb-dri3.so.0.0.0
7f4bed4a0000-7f4bed4a1000 r--p 00003000 08:20 12736                      /usr/lib/x86_64-linux-gnu/libxcb-dri3.so.0.0.0
7f4bed4a1000-7f4bed4a2000 rw-p 00004000 08:20 12736                      /usr/lib/x86_64-linux-gnu/libxcb-dri3.so.0.0.0
7f4bed4a2000-7f4bed4a8000 r--p 00000000 08:20 56846                      /usr/lib/x86_64-linux-gnu/libwayland-server.so.0.1.0
7f4bed4a8000-7f4bed4b0000 r-xp 00006000 08:20 56846                      /usr/lib/x86_64-linux-gnu/libwayland-server.so.0.1.0
7f4bed4b0000-7f4bed4b4000 r--p 0000e000 08:20 56846                      /usr/lib/x86_64-linux-gnu/libwayland-server.so.0.1.0
7f4bed4b4000-7f4bed4b5000 ---p 00012000 08:20 56846                      /usr/lib/x86_64-linux-gnu/libwayland-server.so.0.1.0
7f4bed4b5000-7f4bed4b7000 r--p 00012000 08:20 56846                      /usr/lib/x86_64-linux-gnu/libwayland-server.so.0.1.0
7f4bed4b7000-7f4bed4b8000 rw-p 00014000 08:20 56846                      /usr/lib/x86_64-linux-gnu/libwayland-server.so.0.1.0
7f4bed4b8000-7f4bed4bd000 r--p 00000000 08:20 8001                       /usr/lib/x86_64-linux-gnu/libwayland-client.so.0.3.0
7f4bed4bd000-7f4bed4c3000 r-xp 00005000 08:20 8001                       /usr/lib/x86_64-linux-gnu/libwayland-client.so.0.3.0
7f4bed4c3000-7f4bed4c6000 r--p 0000b000 08:20 8001                       /usr/lib/x86_64-linux-gnu/libwayland-client.so.0.3.0
7f4bed4c6000-7f4bed4c8000 r--p 0000d000 08:20 8001                       /usr/lib/x86_64-linux-gnu/libwayland-client.so.0.3.0
7f4bed4c8000-7f4bed4c9000 rw-p 0000f000 08:20 8001                       /usr/lib/x86_64-linux-gnu/libwayland-client.so.0.3.0
7f4bed4c9000-7f4bed4ce000 r--p 00000000 08:20 22655                      /usr/lib/x86_64-linux-gnu/libdrm.so.2.4.0
7f4bed4ce000-7f4bed4d9000 r-xp 00005000 08:20 22655                      /usr/lib/x86_64-linux-gnu/libdrm.so.2.4.0
7f4bed4d9000-7f4bed4dd000 r--p 00010000 08:20 22655                      /usr/lib/x86_64-linux-gnu/libdrm.so.2.4.0
7f4bed4dd000-7f4bed4de000 r--p 00013000 08:20 22655                      /usr/lib/x86_64-linux-gnu/libdrm.so.2.4.0
7f4bed4de000-7f4bed4df000 rw-p 00014000 08:20 22655                      /usr/lib/x86_64-linux-gnu/libdrm.so.2.4.0
7f4bed4df000-7f4bed4e2000 r--p 00000000 08:20 12750                      /usr/lib/x86_64-linux-gnu/libxcb-xfixes.so.0.0.0
7f4bed4e2000-7f4bed4e5000 r-xp 00003000 08:20 12750                      /usr/lib/x86_64-linux-gnu/libxcb-xfixes.so.0.0.0
7f4bed4e5000-7f4bed4e6000 r--p 00006000 08:20 12750                      /usr/lib/x86_64-