#
# A fatal error has been detected by the Java Runtime Environment:
#
#  SIGSEGV (0xb) at pc=0x00007f5930531b56, pid=3762, tid=3800
#
# JRE version: OpenJDK Runtime Environment (11.0.20+8) (build 11.0.20+8-post-Ubuntu-1ubuntu120.04)
# Java VM: OpenJDK 64-Bit Server VM (11.0.20+8-post-Ubuntu-1ubuntu120.04, mixed mode, sharing, tiered, compressed oops, g1 gc, linux-amd64)
# Problematic frame:
# C  [libnvwgf2umx.so+0x2ca0b56]
#
# No core dump will be written. Core dumps have been disabled. To enable core dumping, try "ulimit -c unlimited" before starting Java again
#
# If you would like to submit a bug report, please visit:
#   https://bugs.launchpad.net/ubuntu/+source/openjdk-lts
#

---------------  S U M M A R Y ------------

Command Line: pong.Renderer

Host: Intel(R) Core(TM) i5-7400 CPU @ 3.00GHz, 4 cores, 7G, Ubuntu 20.04.6 LTS
Time: Thu Oct 26 01:55:59 2023 -03 elapsed time: 4.849559 seconds (0d 0h 0m 4s)

---------------  T H R E A D  ---------------

Current thread is native thread

Stack: [0x00007f59700e0000,0x00007f59708df000],  sp=0x00007f59708dde40,  free space=8183k
Native frames: (J=compiled Java code, A=aot compiled Java code, j=interpreted, Vv=VM code, C=native code)
C  [libnvwgf2umx.so+0x2ca0b56]


siginfo: si_signo: 11 (SIGSEGV), si_code: 1 (SEGV_MAPERR), si_addr: 0x00007f59708df000

Register to memory mapping:

RAX=
[error occurred during error reporting (printing register info), id 0xb, SIGSEGV (0xb) at pc=0x00007f59db378b6c]

Registers:
RAX=0x0000000000000005, RBX=0x00007f5938161890, RCX=0x00007f5938162c01, RDX=0x00007f59708dde50
RSP=0x00007f59708dde40, RBP=0x0000000000000000, RSI=0x00007f5938161890, RDI=0x00007f59380e7c80
R8 =0x00007f59380e7c80, R9 =0x00007ffc0dd8f080, R10=0x00000000002fb7fa, R11=0x0000000000000002
R12=0x00007f59708ddea7, R13=0x0000000000000000, R14=0x00007f59708df000, R15=0x0000000000000000
RIP=0x00007f5930531b56, EFLAGS=0x0000000000010246, CSGSFS=0x002b000000000033, ERR=0x0000000000000004
  TRAPNO=0x000000000000000e

Top of Stack: (sp=0x00007f59708dde40)
0x00007f59708dde40:   00007f59380e7c80 38162c010005052f
0x00007f59708dde50:   00007f59380e7d88 00007f59708dde50
0x00007f59708dde60:   00007f59708ddea7 00007f59380e7c80
0x00007f59708dde70:   00007f5938161890 00007f59708ddea7 

Instructions: (pc=0x00007f5930531b56)
0x00007f5930531a56:   8d 7c 24 30 e8 61 da 8b fe 4c 89 ff e8 59 da 8b
0x00007f5930531a66:   fe 48 8b 44 24 38 48 81 c4 88 00 00 00 5b 41 5c
0x00007f5930531a76:   41 5d 41 5e 41 5f 5d c3 eb 0a eb 37 eb 35 eb 44
0x00007f5930531a86:   eb 02 eb 2f 48 89 c3 48 8d 7c 24 30 e8 29 da 8b
0x00007f5930531a96:   fe eb 23 eb 1e 48 89 c3 48 8d 7c 24 30 e8 18 da
0x00007f5930531aa6:   8b fe eb 03 48 89 c3 48 8d 7c 24 48 e8 09 da 8b
0x00007f5930531ab6:   fe eb 03 48 89 c3 48 8d 7c 24 40 e8 fa d9 8b fe
0x00007f5930531ac6:   eb 05 eb 00 48 89 c3 48 8b 7c 24 38 e8 e9 d9 8b
0x00007f5930531ad6:   fe 48 89 df e8 91 0e 75 fe cc 55 41 57 41 56 41
0x00007f5930531ae6:   55 41 54 53 48 83 ec 28 f6 47 28 10 0f 84 53 01
0x00007f5930531af6:   00 00 48 89 f3 8b 46 10 85 c0 0f 84 45 01 00 00
0x00007f5930531b06:   49 89 d4 49 89 f8 4c 8b 73 28 b1 01 89 4c 24 0c
0x00007f5930531b16:   45 31 ff 48 8d 54 24 10 45 31 ed 4c 89 64 24 20
0x00007f5930531b26:   48 89 3c 24 48 89 54 24 18 eb 25 90 90 90 90 90
0x00007f5930531b36:   90 90 90 90 90 90 90 90 90 90 8b 43 10 49 83 c5
0x00007f5930531b46:   01 89 c1 41 83 c7 01 49 39 cd 0f 83 f5 00 00 00
0x00007f5930531b56:   43 8b 0c ae 0f b7 c9 42 3b 8c ab 4c 04 00 00 74
0x00007f5930531b66:   dc 42 89 8c ab 4c 04 00 00 8b 4b 0c 85 c9 74 cd
0x00007f5930531b76:   31 ed eb 1e 8b 73 04 4c 89 c7 44 89 ea 89 e9 e8
0x00007f5930531b86:   96 3b 03 00 4c 8b 04 24 83 c5 01 8b 4b 0c 39 cd
0x00007f5930531b96:   73 a8 41 0f af cf 01 e9 41 0f b6 84 0e 80 90 00
0x00007f5930531ba6:   00 24 7f 8d 50 e0 80 fa 14 77 dd 48 8b 93 50 08
0x00007f5930531bb6:   00 00 3a 04 0a 74 d1 88 04 0a 41 c6 04 24 01 41
0x00007f5930531bc6:   80 78 2d 00 75 ae f6 44 24 0c 01 75 09 41 f6 40
0x00007f5930531bd6:   28 20 75 b4 eb 33 4c 8d 64 24 10 4c 89 e7 4c 89
0x00007f5930531be6:   c6 48 89 da e8 01 2a 03 00 48 8b 3c 24 4c 89 e6
0x00007f5930531bf6:   e8 75 e0 ff ff 4c 89 e7 e8 bd d8 8b fe c7 44 24
0x00007f5930531c06:   0c 00 00 00 00 4c 8b 04 24 8b 53 04 45 0f b6 48
0x00007f5930531c16:   2c 4c 8d 64 24 10 4c 89 e7 4c 89 c6 44 89 e9 41
0x00007f5930531c26:   89 e8 e8 e3 29 03 00 48 8b 3c 24 4c 89 e6 e8 37
0x00007f5930531c36:   e0 ff ff 4c 89 e7 e8 7f d8 8b fe 4c 8b 64 24 20
0x00007f5930531c46:   e9 3f ff ff ff 48 83 c4 28 5b 41 5c 41 5d 41 5e 


Stack slot to memory mapping:
stack at sp + 0 slots: 
[error occurred during error reporting (inspecting top of stack), id 0xb, SIGSEGV (0xb) at pc=0x00007f59db378b6c]


---------------  P R O C E S S  ---------------

VM state:at safepoint (shutting down)

VM Mutex/Monitor currently owned by a thread:  ([mutex/lock_event])
[0x00007f59d4012f80] Threads_lock - owner thread: 0x00007f59d410c800

Heap address: 0x0000000084400000, size: 1980 MB, Compressed Oops mode: 32-bit
Narrow klass base: 0x0000000800000000, Narrow klass shift: 3
Compressed class space size: 1073741824 Address: 0x0000000840000000

Heap:
 garbage-first heap   total 129024K, used 13730K [0x0000000084400000, 0x0000000100000000)
  region size 1024K, 14 young (14336K), 2 survivors (2048K)
 Metaspace       used 11788K, capacity 12110K, committed 12416K, reserved 1060864K
  class space    used 948K, capacity 1093K, committed 1152K, reserved 1048576K
Heap Regions: E=young(eden), S=young(survivor), O=old, HS=humongous(starts), HC=humongous(continues), CS=collection set, F=free, A=archive, TAMS=top-at-mark-start (previous, next)
|   0|0x0000000084400000, 0x0000000084400000, 0x0000000084500000|  0%| F|  |TAMS 0x0000000084400000, 0x0000000084400000| Untracked 
|   1|0x0000000084500000, 0x0000000084500000, 0x0000000084600000|  0%| F|  |TAMS 0x0000000084500000, 0x0000000084500000| Untracked 
|   2|0x0000000084600000, 0x0000000084600000, 0x0000000084700000|  0%| F|  |TAMS 0x0000000084600000, 0x0000000084600000| Untracked 
|   3|0x0000000084700000, 0x0000000084700000, 0x0000000084800000|  0%| F|  |TAMS 0x0000000084700000, 0x0000000084700000| Untracked 
|   4|0x0000000084800000, 0x0000000084800000, 0x0000000084900000|  0%| F|  |TAMS 0x0000000084800000, 0x0000000084800000| Untracked 
|   5|0x0000000084900000, 0x0000000084900000, 0x0000000084a00000|  0%| F|  |TAMS 0x0000000084900000, 0x0000000084900000| Untracked 
|   6|0x0000000084a00000, 0x0000000084a00000, 0x0000000084b00000|  0%| F|  |TAMS 0x0000000084a00000, 0x0000000084a00000| Untracked 
|   7|0x0000000084b00000, 0x0000000084b00000, 0x0000000084c00000|  0%| F|  |TAMS 0x0000000084b00000, 0x0000000084b00000| Untracked 
|   8|0x0000000084c00000, 0x0000000084c00000, 0x0000000084d00000|  0%| F|  |TAMS 0x0000000084c00000, 0x0000000084c00000| Untracked 
|   9|0x0000000084d00000, 0x0000000084d00000, 0x0000000084e00000|  0%| F|  |TAMS 0x0000000084d00000, 0x0000000084d00000| Untracked 
|  10|0x0000000084e00000, 0x0000000084e00000, 0x0000000084f00000|  0%| F|  |TAMS 0x0000000084e00000, 0x0000000084e00000| Untracked 
|  11|0x0000000084f00000, 0x0000000084f00000, 0x0000000085000000|  0%| F|  |TAMS 0x0000000084f00000, 0x0000000084f00000| Untracked 
|  12|0x0000000085000000, 0x0000000085000000, 0x0000000085100000|  0%| F|  |TAMS 0x0000000085000000, 0x0000000085000000| Untracked 
|  13|0x0000000085100000, 0x0000000085100000, 0x0000000085200000|  0%| F|  |TAMS 0x0000000085100000, 0x0000000085100000| Untracked 
|  14|0x0000000085200000, 0x0000000085200000, 0x0000000085300000|  0%| F|  |TAMS 0x0000000085200000, 0x0000000085200000| Untracked 
|  15|0x0000000085300000, 0x0000000085300000, 0x0000000085400000|  0%| F|  |TAMS 0x0000000085300000, 0x0000000085300000| Untracked 
|  16|0x0000000085400000, 0x0000000085400000, 0x0000000085500000|  0%| F|  |TAMS 0x0000000085400000, 0x0000000085400000| Untracked 
|  17|0x0000000085500000, 0x0000000085500000, 0x0000000085600000|  0%| F|  |TAMS 0x0000000085500000, 0x0000000085500000| Untracked 
|  18|0x0000000085600000, 0x0000000085600000, 0x0000000085700000|  0%| F|  |TAMS 0x0000000085600000, 0x0000000085600000| Untracked 
|  19|0x0000000085700000, 0x0000000085700000, 0x0000000085800000|  0%| F|  |TAMS 0x0000000085700000, 0x0000000085700000| Untracked 
|  20|0x0000000085800000, 0x0000000085800000, 0x0000000085900000|  0%| F|  |TAMS 0x0000000085800000, 0x0000000085800000| Untracked 
|  21|0x0000000085900000, 0x0000000085900000, 0x0000000085a00000|  0%| F|  |TAMS 0x0000000085900000, 0x0000000085900000| Untracked 
|  22|0x0000000085a00000, 0x0000000085a00000, 0x0000000085b00000|  0%| F|  |TAMS 0x0000000085a00000, 0x0000000085a00000| Untracked 
|  23|0x0000000085b00000, 0x0000000085b00000, 0x0000000085c00000|  0%| F|  |TAMS 0x0000000085b00000, 0x0000000085b00000| Untracked 
|  24|0x0000000085c00000, 0x0000000085c00000, 0x0000000085d00000|  0%| F|  |TAMS 0x0000000085c00000, 0x0000000085c00000| Untracked 
|  25|0x0000000085d00000, 0x0000000085d00000, 0x0000000085e00000|  0%| F|  |TAMS 0x0000000085d00000, 0x0000000085d00000| Untracked 
|  26|0x0000000085e00000, 0x0000000085e00000, 0x0000000085f00000|  0%| F|  |TAMS 0x0000000085e00000, 0x0000000085e00000| Untracked 
|  27|0x0000000085f00000, 0x0000000085f00000, 0x0000000086000000|  0%| F|  |TAMS 0x0000000085f00000, 0x0000000085f00000| Untracked 
|  28|0x0000000086000000, 0x0000000086000000, 0x0000000086100000|  0%| F|  |TAMS 0x0000000086000000, 0x0000000086000000| Untracked 
|  29|0x0000000086100000, 0x0000000086100000, 0x0000000086200000|  0%| F|  |TAMS 0x0000000086100000, 0x0000000086100000| Untracked 
|  30|0x0000000086200000, 0x0000000086200000, 0x0000000086300000|  0%| F|  |TAMS 0x0000000086200000, 0x0000000086200000| Untracked 
|  31|0x0000000086300000, 0x0000000086300000, 0x0000000086400000|  0%| F|  |TAMS 0x0000000086300000, 0x0000000086300000| Untracked 
|  32|0x0000000086400000, 0x0000000086400000, 0x0000000086500000|  0%| F|  |TAMS 0x0000000086400000, 0x0000000086400000| Untracked 
|  33|0x0000000086500000, 0x0000000086500000, 0x0000000086600000|  0%| F|  |TAMS 0x0000000086500000, 0x0000000086500000| Untracked 
|  34|0x0000000086600000, 0x0000000086600000, 0x0000000086700000|  0%| F|  |TAMS 0x0000000086600000, 0x0000000086600000| Untracked 
|  35|0x0000000086700000, 0x0000000086700000, 0x0000000086800000|  0%| F|  |TAMS 0x0000000086700000, 0x0000000086700000| Untracked 
|  36|0x0000000086800000, 0x0000000086800000, 0x0000000086900000|  0%| F|  |TAMS 0x0000000086800000, 0x0000000086800000| Untracked 
|  37|0x0000000086900000, 0x0000000086900000, 0x0000000086a00000|  0%| F|  |TAMS 0x0000000086900000, 0x0000000086900000| Untracked 
|  38|0x0000000086a00000, 0x0000000086a00000, 0x0000000086b00000|  0%| F|  |TAMS 0x0000000086a00000, 0x0000000086a00000| Untracked 
|  39|0x0000000086b00000, 0x0000000086b00000, 0x0000000086c00000|  0%| F|  |TAMS 0x0000000086b00000, 0x0000000086b00000| Untracked 
|  40|0x0000000086c00000, 0x0000000086c00000, 0x0000000086d00000|  0%| F|  |TAMS 0x0000000086c00000, 0x0000000086c00000| Untracked 
|  41|0x0000000086d00000, 0x0000000086d00000, 0x0000000086e00000|  0%| F|  |TAMS 0x0000000086d00000, 0x0000000086d00000| Untracked 
|  42|0x0000000086e00000, 0x0000000086e00000, 0x0000000086f00000|  0%| F|  |TAMS 0x0000000086e00000, 0x0000000086e00000| Untracked 
|  43|0x0000000086f00000, 0x0000000086f00000, 0x0000000087000000|  0%| F|  |TAMS 0x0000000086f00000, 0x0000000086f00000| Untracked 
|  44|0x0000000087000000, 0x0000000087000000, 0x0000000087100000|  0%| F|  |TAMS 0x0000000087000000, 0x0000000087000000| Untracked 
|  45|0x0000000087100000, 0x0000000087100000, 0x0000000087200000|  0%| F|  |TAMS 0x0000000087100000, 0x0000000087100000| Untracked 
|  46|0x0000000087200000, 0x0000000087200000, 0x0000000087300000|  0%| F|  |TAMS 0x0000000087200000, 0x0000000087200000| Untracked 
|  47|0x0000000087300000, 0x0000000087300000, 0x0000000087400000|  0%| F|  |TAMS 0x0000000087300000, 0x0000000087300000| Untracked 
|  48|0x0000000087400000, 0x0000000087400000, 0x0000000087500000|  0%| F|  |TAMS 0x0000000087400000, 0x0000000087400000| Untracked 
|  49|0x0000000087500000, 0x0000000087500000, 0x0000000087600000|  0%| F|  |TAMS 0x0000000087500000, 0x0000000087500000| Untracked 
|  50|0x0000000087600000, 0x0000000087600000, 0x0000000087700000|  0%| F|  |TAMS 0x0000000087600000, 0x0000000087600000| Untracked 
|  51|0x0000000087700000, 0x0000000087700000, 0x0000000087800000|  0%| F|  |TAMS 0x0000000087700000, 0x0000000087700000| Untracked 
|  52|0x0000000087800000, 0x0000000087800000, 0x0000000087900000|  0%| F|  |TAMS 0x0000000087800000, 0x0000000087800000| Untracked 
|  53|0x0000000087900000, 0x0000000087900000, 0x0000000087a00000|  0%| F|  |TAMS 0x0000000087900000, 0x0000000087900000| Untracked 
|  54|0x0000000087a00000, 0x0000000087a00000, 0x0000000087b00000|  0%| F|  |TAMS 0x0000000087a00000, 0x0000000087a00000| Untracked 
|  55|0x0000000087b00000, 0x0000000087b00000, 0x0000000087c00000|  0%| F|  |TAMS 0x0000000087b00000, 0x0000000087b00000| Untracked 
|  56|0x0000000087c00000, 0x0000000087c00000, 0x0000000087d00000|  0%| F|  |TAMS 0x0000000087c00000, 0x0000000087c00000| Untracked 
|  57|0x0000000087d00000, 0x0000000087d00000, 0x0000000087e00000|  0%| F|  |TAMS 0x0000000087d00000, 0x0000000087d00000| Untracked 
|  58|0x0000000087e00000, 0x0000000087e00000, 0x0000000087f00000|  0%| F|  |TAMS 0x0000000087e00000, 0x0000000087e00000| Untracked 
|  59|0x0000000087f00000, 0x0000000087f00000, 0x0000000088000000|  0%| F|  |TAMS 0x0000000087f00000, 0x0000000087f00000| Untracked 
|  60|0x0000000088000000, 0x0000000088000000, 0x0000000088100000|  0%| F|  |TAMS 0x0000000088000000, 0x0000000088000000| Untracked 
|  61|0x0000000088100000, 0x0000000088100000, 0x0000000088200000|  0%| F|  |TAMS 0x0000000088100000, 0x0000000088100000| Untracked 
|  62|0x0000000088200000, 0x0000000088200000, 0x0000000088300000|  0%| F|  |TAMS 0x0000000088200000, 0x0000000088200000| Untracked 
|  63|0x0000000088300000, 0x0000000088300000, 0x0000000088400000|  0%| F|  |TAMS 0x0000000088300000, 0x0000000088300000| Untracked 
|  64|0x0000000088400000, 0x0000000088400000, 0x0000000088500000|  0%| F|  |TAMS 0x0000000088400000, 0x0000000088400000| Untracked 
|  65|0x0000000088500000, 0x0000000088500000, 0x0000000088600000|  0%| F|  |TAMS 0x0000000088500000, 0x0000000088500000| Untracked 
|  66|0x0000000088600000, 0x0000000088600000, 0x0000000088700000|  0%| F|  |TAMS 0x0000000088600000, 0x0000000088600000| Untracked 
|  67|0x0000000088700000, 0x0000000088700000, 0x0000000088800000|  0%| F|  |TAMS 0x0000000088700000, 0x0000000088700000| Untracked 
|  68|0x0000000088800000, 0x0000000088800000, 0x0000000088900000|  0%| F|  |TAMS 0x0000000088800000, 0x0000000088800000| Untracked 
|  69|0x0000000088900000, 0x0000000088900000, 0x0000000088a00000|  0%| F|  |TAMS 0x0000000088900000, 0x0000000088900000| Untracked 
|  70|0x0000000088a00000, 0x0000000088a00000, 0x0000000088b00000|  0%| F|  |TAMS 0x0000000088a00000, 0x0000000088a00000| Untracked 
|  71|0x0000000088b00000, 0x0000000088b00000, 0x0000000088c00000|  0%| F|  |TAMS 0x0000000088b00000, 0x0000000088b00000| Untracked 
|  72|0x0000000088c00000, 0x0000000088c00000, 0x0000000088d00000|  0%| F|  |TAMS 0x0000000088c00000, 0x0000000088c00000| Untracked 
|  73|0x0000000088d00000, 0x0000000088d00000, 0x0000000088e00000|  0%| F|  |TAMS 0x0000000088d00000, 0x0000000088d00000| Untracked 
|  74|0x0000000088e00000, 0x0000000088e00000, 0x0000000088f00000|  0%| F|  |TAMS 0x0000000088e00000, 0x0000000088e00000| Untracked 
|  75|0x0000000088f00000, 0x0000000088f00000, 0x0000000089000000|  0%| F|  |TAMS 0x0000000088f00000, 0x0000000088f00000| Untracked 
|  76|0x0000000089000000, 0x0000000089000000, 0x0000000089100000|  0%| F|  |TAMS 0x0000000089000000, 0x0000000089000000| Untracked 
|  77|0x0000000089100000, 0x0000000089100000, 0x0000000089200000|  0%| F|  |TAMS 0x0000000089100000, 0x0000000089100000| Untracked 
|  78|0x0000000089200000, 0x0000000089200000, 0x0000000089300000|  0%| F|  |TAMS 0x0000000089200000, 0x0000000089200000| Untracked 
|  79|0x0000000089300000, 0x0000000089300000, 0x0000000089400000|  0%| F|  |TAMS 0x0000000089300000, 0x0000000089300000| Untracked 
|  80|0x0000000089400000, 0x0000000089400000, 0x0000000089500000|  0%| F|  |TAMS 0x0000000089400000, 0x0000000089400000| Untracked 
|  81|0x0000000089500000, 0x0000000089500000, 0x0000000089600000|  0%| F|  |TAMS 0x0000000089500000, 0x0000000089500000| Untracked 
|  82|0x0000000089600000, 0x0000000089600000, 0x0000000089700000|  0%| F|  |TAMS 0x0000000089600000, 0x0000000089600000| Untracked 
|  83|0x0000000089700000, 0x0000000089700000, 0x0000000089800000|  0%| F|  |TAMS 0x0000000089700000, 0x0000000089700000| Untracked 
|  84|0x0000000089800000, 0x0000000089800000, 0x0000000089900000|  0%| F|  |TAMS 0x0000000089800000, 0x0000000089800000| Untracked 
|  85|0x0000000089900000, 0x0000000089900000, 0x0000000089a00000|  0%| F|  |TAMS 0x0000000089900000, 0x0000000089900000| Untracked 
|  86|0x0000000089a00000, 0x0000000089a00000, 0x0000000089b00000|  0%| F|  |TAMS 0x0000000089a00000, 0x0000000089a00000| Untracked 
|  87|0x0000000089b00000, 0x0000000089b00000, 0x0000000089c00000|  0%| F|  |TAMS 0x0000000089b00000, 0x0000000089b00000| Untracked 
|  88|0x0000000089c00000, 0x0000000089c00000, 0x0000000089d00000|  0%| F|  |TAMS 0x0000000089c00000, 0x0000000089c00000| Untracked 
|  89|0x0000000089d00000, 0x0000000089d00000, 0x0000000089e00000|  0%| F|  |TAMS 0x0000000089d00000, 0x0000000089d00000| Untracked 
|  90|0x0000000089e00000, 0x0000000089e00000, 0x0000000089f00000|  0%| F|  |TAMS 0x0000000089e00000, 0x0000000089e00000| Untracked 
|  91|0x0000000089f00000, 0x0000000089f00000, 0x000000008a000000|  0%| F|  |TAMS 0x0000000089f00000, 0x0000000089f00000| Untracked 
|  92|0x000000008a000000, 0x000000008a000000, 0x000000008a100000|  0%| F|  |TAMS 0x000000008a000000, 0x000000008a000000| Untracked 
|  93|0x000000008a100000, 0x000000008a100000, 0x000000008a200000|  0%| F|  |TAMS 0x000000008a100000, 0x000000008a100000| Untracked 
|  94|0x000000008a200000, 0x000000008a200000, 0x000000008a300000|  0%| F|  |TAMS 0x000000008a200000, 0x000000008a200000| Untracked 
|  95|0x000000008a300000, 0x000000008a300000, 0x000000008a400000|  0%| F|  |TAMS 0x000000008a300000, 0x000000008a300000| Untracked 
|  96|0x000000008a400000, 0x000000008a400000, 0x000000008a500000|  0%| F|  |TAMS 0x000000008a400000, 0x000000008a400000| Untracked 
|  97|0x000000008a500000, 0x000000008a500000, 0x000000008a600000|  0%| F|  |TAMS 0x000000008a500000, 0x000000008a500000| Untracked 
|  98|0x000000008a600000, 0x000000008a600000, 0x000000008a700000|  0%| F|  |TAMS 0x000000008a600000, 0x000000008a600000| Untracked 
|  99|0x000000008a700000, 0x000000008a700000, 0x000000008a800000|  0%| F|  |TAMS 0x000000008a700000, 0x000000008a700000| Untracked 
| 100|0x000000008a800000, 0x000000008a800000, 0x000000008a900000|  0%| F|  |TAMS 0x000000008a800000, 0x000000008a800000| Untracked 
| 101|0x000000008a900000, 0x000000008a900000, 0x000000008aa00000|  0%| F|  |TAMS 0x000000008a900000, 0x000000008a900000| Untracked 
| 102|0x000000008aa00000, 0x000000008aa00000, 0x000000008ab00000|  0%| F|  |TAMS 0x000000008aa00000, 0x000000008aa00000| Untracked 
| 103|0x000000008ab00000, 0x000000008ab00000, 0x000000008ac00000|  0%| F|  |TAMS 0x000000008ab00000, 0x000000008ab00000| Untracked 
| 104|0x000000008ac00000, 0x000000008ac00000, 0x000000008ad00000|  0%| F|  |TAMS 0x000000008ac00000, 0x000000008ac00000| Untracked 
| 105|0x000000008ad00000, 0x000000008ad00000, 0x000000008ae00000|  0%| F|  |TAMS 0x000000008ad00000, 0x000000008ad00000| Untracked 
| 106|0x000000008ae00000, 0x000000008ae00000, 0x000000008af00000|  0%| F|  |TAMS 0x000000008ae00000, 0x000000008ae00000| Untracked 
| 107|0x000000008af00000, 0x000000008af00000, 0x000000008b000000|  0%| F|  |TAMS 0x000000008af00000, 0x000000008af00000| Untracked 
| 108|0x000000008b000000, 0x000000008b0b4a00, 0x000000008b100000| 70%| S|CS|TAMS 0x000000008b000000, 0x000000008b000000| Complete 
| 109|0x000000008b100000, 0x000000008b200000, 0x000000008b200000|100%| S|CS|TAMS 0x000000008b100000, 0x000000008b100000| Complete 
| 110|0x000000008b200000, 0x000000008b200000, 0x000000008b300000|  0%| F|  |TAMS 0x000000008b200000, 0x000000008b200000| Untracked 
| 111|0x000000008b300000, 0x000000008b300000, 0x000000008b400000|  0%| F|  |TAMS 0x000000008b300000, 0x000000008b300000| Untracked 
| 112|0x000000008b400000, 0x000000008b4dcaa0, 0x000000008b500000| 86%| E|  |TAMS 0x000000008b400000, 0x000000008b400000| Complete 
| 113|0x000000008b500000, 0x000000008b600000, 0x000000008b600000|100%| E|CS|TAMS 0x000000008b500000, 0x000000008b500000| Complete 
| 114|0x000000008b600000, 0x000000008b700000, 0x000000008b700000|100%| E|CS|TAMS 0x000000008b600000, 0x000000008b600000| Complete 
| 115|0x000000008b700000, 0x000000008b800000, 0x000000008b800000|100%| E|CS|TAMS 0x000000008b700000, 0x000000008b700000| Complete 
| 116|0x000000008b800000, 0x000000008b900000, 0x000000008b900000|100%| E|CS|TAMS 0x000000008b800000, 0x000000008b800000| Complete 
| 117|0x000000008b900000, 0x000000008ba00000, 0x000000008ba00000|100%| E|CS|TAMS 0x000000008b900000, 0x000000008b900000| Complete 
| 118|0x000000008ba00000, 0x000000008bb00000, 0x000000008bb00000|100%| E|CS|TAMS 0x000000008ba00000, 0x000000008ba00000| Complete 
| 119|0x000000008bb00000, 0x000000008bc00000, 0x000000008bc00000|100%| E|CS|TAMS 0x000000008bb00000, 0x000000008bb00000| Complete 
| 120|0x000000008bc00000, 0x000000008bd00000, 0x000000008bd00000|100%| E|CS|TAMS 0x000000008bc00000, 0x000000008bc00000| Complete 
| 121|0x000000008bd00000, 0x000000008be00000, 0x000000008be00000|100%| E|CS|TAMS 0x000000008bd00000, 0x000000008bd00000| Complete 
| 122|0x000000008be00000, 0x000000008bf00000, 0x000000008bf00000|100%| E|CS|TAMS 0x000000008be00000, 0x000000008be00000| Complete 
| 123|0x000000008bf00000, 0x000000008c000000, 0x000000008c000000|100%| E|CS|TAMS 0x000000008bf00000, 0x000000008bf00000| Complete 
|1978|0x00000000ffe00000, 0x00000000ffe48000, 0x00000000fff00000| 28%|OA|  |TAMS 0x00000000ffe00000, 0x00000000ffe00000| Untracked 
|1979|0x00000000fff00000, 0x00000000fff6c000, 0x0000000100000000| 42%|CA|  |TAMS 0x00000000fff00000, 0x00000000fff00000| Untracked 

Card table byte_map: [0x00007f59d91d5000,0x00007f59d95b3000] _byte_map_base: 0x00007f59d8db3000

Marking Bits (Prev, Next): (CMBitMap*) 0x00007f59d40567f8, (CMBitMap*) 0x00007f59d4056830
 Prev Bits: [0x00007f59b6110000, 0x00007f59b8000000)
 Next Bits: [0x00007f59b4220000, 0x00007f59b6110000)

Polling page: 0x00007f59da0a2000

Metaspace:

Usage:
  Non-class:     10.76 MB capacity,    10.59 MB ( 98%) used,   148.97 KB (  1%) free+waste,    28.69 KB ( <1%) overhead. 
      Class:      1.07 MB capacity,   948.88 KB ( 87%) used,   130.24 KB ( 12%) free+waste,    13.88 KB (  1%) overhead. 
       Both:     11.83 MB capacity,    11.51 MB ( 97%) used,   279.21 KB (  2%) free+waste,    42.56 KB ( <1%) overhead. 

Virtual space:
  Non-class space:       12.00 MB reserved,      11.00 MB ( 92%) committed 
      Class space:        1.00 GB reserved,       1.12 MB ( <1%) committed 
             Both:        1.01 GB reserved,      12.12 MB (  1%) committed 

Chunk freelists:
   Non-Class:  187.00 KB
       Class:  27.00 KB
        Both:  214.00 KB

MaxMetaspaceSize: unlimited
CompressedClassSpaceSize: 1.00 GB
Initial GC threshold: 20.80 MB
Current GC threshold: 20.80 MB
CDS: on

CodeHeap 'non-profiled nmethods': size=120032Kb used=484Kb max_used=484Kb free=119547Kb
 bounds [0x00007f59c42b9000, 0x00007f59c4529000, 0x00007f59cb7f1000]
CodeHeap 'profiled nmethods': size=120032Kb used=2228Kb max_used=2228Kb free=117804Kb
 bounds [0x00007f59bcd81000, 0x00007f59bcff1000, 0x00007f59c42b9000]
CodeHeap 'non-nmethods': size=5696Kb used=1605Kb max_used=1619Kb free=4090Kb
 bounds [0x00007f59bc7f1000, 0x00007f59bca61000, 0x00007f59bcd81000]
 total_blobs=2235 nmethods=1235 adapters=913
 compilation: enabled
              stopped_count=0, restarted_count=0
 full_count=0

Compilation events (20 events):
Event: 3.868 Thread 0x00007f59d411f800 1222   !   3       jogamp.newt.DisplayImpl::dispatchMessages (125 bytes)
Event: 3.869 Thread 0x00007f59d411f800 nmethod 1222 0x00007f59bcfa7c90 code [0x00007f59bcfa7f20, 0x00007f59bcfa8ce0]
Event: 3.878 Thread 0x00007f59d411f800 1223       3       jogamp.newt.DefaultEDTUtil::access$100 (4 bytes)
Event: 3.878 Thread 0x00007f59d411f800 nmethod 1223 0x00007f59bcfa9190 code [0x00007f59bcfa9340, 0x00007f59bcfa9430]
Event: 3.888 Thread 0x00007f59d411f800 1224   !   3       jogamp.newt.driver.x11.DisplayDriver::dispatchMessagesNative (66 bytes)
Event: 3.889 Thread 0x00007f59d411f800 nmethod 1224 0x00007f59bcfa9490 code [0x00007f59bcfa96a0, 0x00007f59bcfa9f70]
Event: 4.034 Thread 0x00007f59d411f800 1226       3       jogamp.newt.WindowImpl::isNativeValid (15 bytes)
Event: 4.034 Thread 0x00007f59d411f800 nmethod 1226 0x00007f59bcfaa210 code [0x00007f59bcfaa3c0, 0x00007f59bcfaa550]
Event: 4.319 Thread 0x00007f59d411d800 1227       4       com.jogamp.nativewindow.DefaultGraphicsConfiguration::getNativeGraphicsConfiguration (2 bytes)
Event: 4.319 Thread 0x00007f59d411d800 nmethod 1227 0x00007f59c4330d90 code [0x00007f59c4330f20, 0x00007f59c4330f98]
Event: 4.423 Thread 0x00007f59d411f800 1229   !   3       jogamp.newt.WindowImpl::lockSurface (155 bytes)
Event: 4.424 Thread 0x00007f59d411f800 nmethod 1229 0x00007f59bcfaa610 code [0x00007f59bcfaa8c0, 0x00007f59bcfabdd0]
Event: 4.424 Thread 0x00007f59d411f800 1231       3       com.jogamp.opengl.glu.GLU::getCurrentGL (23 bytes)
Event: 4.425 Thread 0x00007f59d411f800 nmethod 1231 0x00007f59bcfac510 code [0x00007f59bcfac700, 0x00007f59bcfacbe0]
Event: 4.425 Thread 0x00007f59d411f800 1232       3       jogamp.opengl.gl4.GL4bcImpl::glPopMatrix (42 bytes)
Event: 4.426 Thread 0x00007f59d411f800 nmethod 1232 0x00007f59bcfacd90 code [0x00007f59bcfad020, 0x00007f59bcfadc10]
Event: 4.456 Thread 0x00007f59d411d800 1234       4       jogamp.common.util.locks.RecursiveLockImpl01Unfairish$SingleThreadSync::incrHoldCount (11 bytes)
Event: 4.456 Thread 0x00007f59d411d800 nmethod 1234 0x00007f59c4331c90 code [0x00007f59c4331e20, 0x00007f59c4331e98]
Event: 4.467 Thread 0x00007f59d411d800 1235       4       jogamp.common.util.locks.RecursiveLockImpl01Unfairish$SingleThreadSync::decrHoldCount (11 bytes)
Event: 4.467 Thread 0x00007f59d411d800 nmethod 1235 0x00007f59c4331f90 code [0x00007f59c4332120, 0x00007f59c4332198]

GC Heap History (2 events):
Event: 0.549 GC heap before
{Heap before GC invocations=0 (full 0):
 garbage-first heap   total 129024K, used 15056K [0x0000000084400000, 0x0000000100000000)
  region size 1024K, 14 young (14336K), 0 survivors (0K)
 Metaspace       used 9395K, capacity 9654K, committed 10112K, reserved 1058816K
  class space    used 729K, capacity 849K, committed 896K, reserved 1048576K
}
Event: 0.556 GC heap after
{Heap after GC invocations=1 (full 0):
 garbage-first heap   total 129024K, used 2466K [0x0000000084400000, 0x0000000100000000)
  region size 1024K, 2 young (2048K), 2 survivors (2048K)
 Metaspace       used 9395K, capacity 9654K, committed 10112K, reserved 1058816K
  class space    used 729K, capacity 849K, committed 896K, reserved 1048576K
}

Deoptimization events (20 events):
Event: 0.169 Thread 0x00007f59d4016800 DEOPT PACKING pc=0x00007f59c42be29c sp=0x00007f59da1ea870
Event: 0.169 Thread 0x00007f59d4016800 DEOPT UNPACKING pc=0x00007f59bc83aea5 sp=0x00007f59da1ea7d0 mode 2
Event: 0.214 Thread 0x00007f59d4016800 DEOPT PACKING pc=0x00007f59bcda4888 sp=0x00007f59da1e82c0
Event: 0.214 Thread 0x00007f59d4016800 DEOPT UNPACKING pc=0x00007f59bc83b64a sp=0x00007f59da1e7730 mode 0
Event: 0.219 Thread 0x00007f59d4016800 DEOPT PACKING pc=0x00007f59bcda4888 sp=0x00007f59da1e9300
Event: 0.219 Thread 0x00007f59d4016800 DEOPT UNPACKING pc=0x00007f59bc83b64a sp=0x00007f59da1e8770 mode 0
Event: 0.398 Thread 0x00007f59d4016800 DEOPT PACKING pc=0x00007f59bcdb2da4 sp=0x00007f59da1e90a0
Event: 0.398 Thread 0x00007f59d4016800 DEOPT UNPACKING pc=0x00007f59bc83b64a sp=0x00007f59da1e8518 mode 0
Event: 1.066 Thread 0x00007f59d4016800 DEOPT PACKING pc=0x00007f59bcde2bc2 sp=0x00007f59da1ea3c0
Event: 1.066 Thread 0x00007f59d4016800 DEOPT UNPACKING pc=0x00007f59bc83b64a sp=0x00007f59da1e9848 mode 0
Event: 1.086 Thread 0x00007f59d4016800 Uncommon trap: trap_request=0xffffff4d fr.pc=0x00007f59c430ac34 relative=0x0000000000000094
Event: 1.086 Thread 0x00007f59d4016800 Uncommon trap: reason=unstable_if action=reinterpret pc=0x00007f59c430ac34 method=java.lang.reflect.AccessibleObject.checkCanSetAccessible(Ljava/lang/Class;Ljava/lang/Class;Z)Z @ 30 c2
Event: 1.086 Thread 0x00007f59d4016800 DEOPT PACKING pc=0x00007f59c430ac34 sp=0x00007f59da1ebe40
Event: 1.086 Thread 0x00007f59d4016800 DEOPT UNPACKING pc=0x00007f59bc83aea5 sp=0x00007f59da1ebdc0 mode 2
Event: 1.104 Thread 0x00007f59d4016800 DEOPT PACKING pc=0x00007f59bcda754f sp=0x00007f59da1eb3c0
Event: 1.104 Thread 0x00007f59d4016800 DEOPT UNPACKING pc=0x00007f59bc83b64a sp=0x00007f59da1ea868 mode 0
Event: 1.858 Thread 0x00007f59d462c000 DEOPT PACKING pc=0x00007f59bcf712d9 sp=0x00007f59273ecfd0
Event: 1.858 Thread 0x00007f59d462c000 DEOPT UNPACKING pc=0x00007f59bc83b64a sp=0x00007f59273ec5f0 mode 0
Event: 1.907 Thread 0x00007f59d462c000 DEOPT PACKING pc=0x00007f59bcf712d9 sp=0x00007f59273ecfd0
Event: 1.907 Thread 0x00007f59d462c000 DEOPT UNPACKING pc=0x00007f59bc83b64a sp=0x00007f59273ec5f0 mode 0

Classes redefined (0 events):
No events

Internal exceptions (19 events):
Event: 0.093 Thread 0x00007f59d4016800 Exception <a 'java/lang/NoSuchMethodError'{0x000000008beaca88}: 'int java.lang.invoke.DirectMethodHandle$Holder.invokeSpecialIFC(java.lang.Object, java.lang.Object, int)'> (0x000000008beaca88) thrown at [src/hotspot/share/interpreter/linkResolver.cpp, line 772]
Event: 0.152 Thread 0x00007f59d4016800 Exception <a 'java/lang/NoSuchMethodError'{0x000000008bde12b0}: 'java.lang.Object java.lang.invoke.DirectMethodHandle$Holder.invokeStaticInit(java.lang.Object, java.lang.Object, long, java.lang.Object)'> (0x000000008bde12b0) thrown at [src/hotspot/share/interpreter/linkResolver.cpp, line 772]
Event: 0.153 Thread 0x00007f59d4016800 Exception <a 'java/lang/NoSuchMethodError'{0x000000008bded410}: 'java.lang.Object java.lang.invoke.Invokers$Holder.linkToTargetMethod(java.lang.Object, long, java.lang.Object)'> (0x000000008bded410) thrown at [src/hotspot/share/interpreter/linkResolver.cpp, line 772]
Event: 0.155 Thread 0x00007f59d4016800 Exception <a 'java/lang/NoSuchMethodError'{0x000000008bdf7438}: 'java.lang.Object java.lang.invoke.DirectMethodHandle$Holder.invokeStatic(java.lang.Object, java.lang.Object, java.lang.Object, int)'> (0x000000008bdf7438) thrown at [src/hotspot/share/interpreter/linkResolver.cpp, line 772]
Event: 0.156 Thread 0x00007f59d4016800 Exception <a 'java/lang/NoSuchMethodError'{0x000000008bdfdf10}: 'java.lang.Object java.lang.invoke.Invokers$Holder.linkToTargetMethod(java.lang.Object, java.lang.Object, int, java.lang.Object)'> (0x000000008bdfdf10) thrown at [src/hotspot/share/interpreter/linkResolver.cpp, line 772]
Event: 0.220 Thread 0x00007f59d4016800 Exception <a 'java/lang/ClassNotFoundException'{0x000000008ba01c88}: sun/awt/resources/spi/awtProvider> (0x000000008ba01c88) thrown at [src/hotspot/share/classfile/systemDictionary.cpp, line 230]
Event: 0.248 Thread 0x00007f59d4016800 Exception <a 'java/io/FileNotFoundException'{0x000000008ba86430}> (0x000000008ba86430) thrown at [src/hotspot/share/prims/jni.cpp, line 617]
Event: 0.259 Thread 0x00007f59d4016800 Exception <a 'java/lang/NoSuchMethodError'{0x000000008bae1740}: 'java.lang.Object java.lang.invoke.DirectMethodHandle$Holder.invokeStatic(java.lang.Object, java.lang.Object, java.lang.Object, java.lang.Object, java.lang.Object, java.lang.Object, java.lang.Object, java.lang.Object, java.lang.Object, java.lang.Object, java.lang.Object, java.lang.Object, java.lang.Object, java.lang.Object, java.lang.Object)'> (0x000000008bae1740) thrown at [src/hotspot/share/interpreter/linkResolver.cpp, line 772]
Event: 0.261 Thread 0x00007f59d4016800 Exception <a 'java/lang/NoSuchMethodError'{0x000000008baef2f0}: 'java.lang.Object java.lang.invoke.DirectMethodHandle$Holder.invokeStatic(java.lang.Object, java.lang.Object, java.lang.Object, java.lang.Object, java.lang.Object, java.lang.Object, java.lang.Object, java.lang.Object, java.lang.Object, java.lang.Object, java.lang.Object, java.lang.Object, java.lang.Object, java.lang.Object, java.lang.Object, java.lang.Object)'> (0x000000008baef2f0) thrown at [src/hotspot/share/interpreter/linkResolver.cpp, lin
Event: 0.262 Thread 0x00007f59d4016800 Exception <a 'java/lang/NoSuchMethodError'{0x000000008bafcf60}: 'java.lang.Object java.lang.invoke.DirectMethodHandle$Holder.invokeSpecial(java.lang.Object, java.lang.Object, int, int, java.lang.Object, java.lang.Object, java.lang.Object)'> (0x000000008bafcf60) thrown at [src/hotspot/share/interpreter/linkResolver.cpp, line 772]
Event: 0.262 Thread 0x00007f59d4016800 Exception <a 'java/lang/NoSuchMethodError'{0x000000008b900ab0}: 'java.lang.Object java.lang.invoke.DelegatingMethodHandle$Holder.reinvoke_L(java.lang.Object, int, int, java.lang.Object, java.lang.Object, java.lang.Object)'> (0x000000008b900ab0) thrown at [src/hotspot/share/interpreter/linkResolver.cpp, line 772]
Event: 0.263 Thread 0x00007f59d4016800 Exception <a 'java/lang/NoSuchMethodError'{0x000000008b9049d8}: 'java.lang.Object java.lang.invoke.DirectMethodHandle$Holder.invokeStatic(java.lang.Object, java.lang.Object, java.lang.Object, java.lang.Object, int)'> (0x000000008b9049d8) thrown at [src/hotspot/share/interpreter/linkResolver.cpp, line 772]
Event: 0.335 Thread 0x00007f59d4016800 Exception <a 'java/lang/NoSuchMethodError'{0x000000008b856958}: 'java.lang.Object java.lang.invoke.DirectMethodHandle$Holder.invokeStatic(java.lang.Object, java.lang.Object, java.lang.Object, java.lang.Object, java.lang.Object, java.lang.Object, java.lang.Object, java.lang.Object, int)'> (0x000000008b856958) thrown at [src/hotspot/share/interpreter/linkResolver.cpp, line 772]
Event: 0.339 Thread 0x00007f59d4016800 Exception <a 'java/lang/NoSuchMethodError'{0x000000008b870a38}: 'java.lang.Object java.lang.invoke.DirectMethodHandle$Holder.invokeStatic(java.lang.Object, java.lang.Object, java.lang.Object, java.lang.Object, java.lang.Object, java.lang.Object, java.lang.Object, java.lang.Object, int, int)'> (0x000000008b870a38) thrown at [src/hotspot/share/interpreter/linkResolver.cpp, line 772]
Event: 0.340 Thread 0x00007f59d4016800 Exception <a 'java/lang/NoSuchMethodError'{0x000000008b87cbc0}: 'void java.lang.invoke.DirectMethodHandle$Holder.invokeSpecial(java.lang.Object, java.lang.Object)'> (0x000000008b87cbc0) thrown at [src/hotspot/share/interpreter/linkResolver.cpp, line 772]
Event: 0.350 Thread 0x00007f59d4016800 Exception <a 'java/lang/NoSuchMethodError'{0x000000008b8bf238}: 'java.lang.Object java.lang.invoke.DirectMethodHandle$Holder.invokeSpecial(java.lang.Object, java.lang.Object, long)'> (0x000000008b8bf238) thrown at [src/hotspot/share/interpreter/linkResolver.cpp, line 772]
Event: 0.391 Thread 0x00007f59d433c000 Exception <a 'java/lang/NoSuchMethodError'{0x000000008b7dcf30}: 'java.lang.Object java.lang.invoke.Invokers$Holder.linkToTargetMethod(java.lang.Object, int, java.lang.Object)'> (0x000000008b7dcf30) thrown at [src/hotspot/share/interpreter/linkResolver.cpp, line 772]
Event: 1.240 Thread 0x00007f59d462c000 Exception <a 'java/lang/NoSuchMethodError'{0x000000008b649248}: 'java.lang.Object java.lang.invoke.DirectMethodHandle$Holder.invokeStatic(java.lang.Object, java.lang.Object, java.lang.Object, java.lang.Object, java.lang.Object, java.lang.Object, java.lang.Object, java.lang.Object, java.lang.Object, java.lang.Object, java.lang.Object, java.lang.Object, java.lang.Object, int)'> (0x000000008b649248) thrown at [src/hotspot/share/interpreter/linkResolver.cpp, line 772]
Event: 1.241 Thread 0x00007f59d462c000 Exception <a 'java/lang/NoSuchMethodError'{0x000000008b6557d0}: 'java.lang.Object java.lang.invoke.DirectMethodHandle$Holder.invokeStatic(java.lang.Object, java.lang.Object, java.lang.Object, java.lang.Object, java.lang.Object, java.lang.Object, java.lang.Object, java.lang.Object, java.lang.Object, java.lang.Object, java.lang.Object, java.lang.Object, java.lang.Object, int, int)'> (0x000000008b6557d0) thrown at [src/hotspot/share/interpreter/linkResolver.cpp, line 772]

Events (20 events):
Event: 4.475 Executing VM operation: RevokeBias done
Event: 4.475 loading class jogamp/newt/DisplayImpl$6
Event: 4.475 loading class jogamp/newt/DisplayImpl$6 done
Event: 4.475 Executing VM operation: RevokeBias
Event: 4.475 Executing VM operation: RevokeBias done
Event: 4.476 Thread 0x00007f595410c000 Thread exited: 0x00007f595410c000
Event: 4.476 Executing VM operation: RevokeBias
Event: 4.476 Executing VM operation: RevokeBias done
Event: 4.496 Executing VM operation: RevokeBias
Event: 4.496 Executing VM operation: RevokeBias done
Event: 4.501 Executing VM operation: RevokeBias
Event: 4.501 Executing VM operation: RevokeBias done
Event: 4.501 Thread 0x00007f59d449f800 Thread exited: 0x00007f59d449f800
Event: 4.502 Executing VM operation: RevokeBias
Event: 4.502 Executing VM operation: RevokeBias done
Event: 4.502 Thread 0x00007f59d44c2000 Thread exited: 0x00007f59d44c2000
Event: 4.502 Executing VM operation: RevokeBias
Event: 4.502 Executing VM operation: RevokeBias done
Event: 4.503 Thread 0x00007f595410c800 Thread exited: 0x00007f595410c800
Event: 4.503 Executing VM operation: Exit


Dynamic libraries:
84400000-8c000000 rw-p 00000000 00:00 0 
8c000000-ffe00000 ---p 00000000 00:00 0 
ffe00000-ffe48000 rw-p 00b13000 08:20 55858                              /usr/lib/jvm/java-11-openjdk-amd64/lib/server/classes.jsa
ffe48000-fff00000 rw-p 00000000 00:00 0 
fff00000-fff6c000 rw-p 00aa7000 08:20 55858                              /usr/lib/jvm/java-11-openjdk-amd64/lib/server/classes.jsa
fff6c000-100000000 rw-p 00000000 00:00 0 
800000000-800002000 rwxp 00001000 08:20 55858                            /usr/lib/jvm/java-11-openjdk-amd64/lib/server/classes.jsa
800002000-8003ce000 rw-p 00003000 08:20 55858                            /usr/lib/jvm/java-11-openjdk-amd64/lib/server/classes.jsa
8003ce000-800aa5000 r--p 003cf000 08:20 55858                            /usr/lib/jvm/java-11-openjdk-amd64/lib/server/classes.jsa
800aa5000-800aa6000 rw-p 00aa6000 08:20 55858                            /usr/lib/jvm/java-11-openjdk-amd64/lib/server/classes.jsa
840000000-840120000 rw-p 00000000 00:00 0 
840120000-880000000 ---p 00000000 00:00 0 
55567994e000-55567994f000 r--p 00000000 08:20 55358                      /usr/lib/jvm/java-11-openjdk-amd64/bin/java
55567994f000-555679950000 r-xp 00001000 08:20 55358                      /usr/lib/jvm/java-11-openjdk-amd64/bin/java
555679950000-555679951000 r--p 00002000 08:20 55358                      /usr/lib/jvm/java-11-openjdk-amd64/bin/java
555679951000-555679952000 r--p 00002000 08:20 55358                      /usr/lib/jvm/java-11-openjdk-amd64/bin/java
555679952000-555679953000 rw-p 00003000 08:20 55358                      /usr/lib/jvm/java-11-openjdk-amd64/bin/java
555679add000-555679afe000 rw-p 00000000 00:00 0                          [heap]
7f5926126000-7f592652e000 rw-s 00000000 00:01 131120                     /SYSV00000000 (deleted)
7f59272ee000-7f59272f2000 ---p 00000000 00:00 0 
7f59272f2000-7f59274ef000 rw-p 00000000 00:00 0 
7f59274ef000-7f59275ef000 ---p 00000000 00:00 0 
7f59275ef000-7f5927600000 r-xp 00000000 08:20 89603                      /tmp/jogamp_0000/file_cache/jln5674206946235881998/jln12449882151467123813/natives/linux-amd64/libnewt.so
7f5927600000-7f59277ff000 ---p 00011000 08:20 89603                      /tmp/jogamp_0000/file_cache/jln5674206946235881998/jln12449882151467123813/natives/linux-amd64/libnewt.so
7f59277ff000-7f5927800000 rw-p 00010000 08:20 89603                      /tmp/jogamp_0000/file_cache/jln5674206946235881998/jln12449882151467123813/natives/linux-amd64/libnewt.so
7f5928000000-7f592802a000 rw-p 00000000 00:00 0 
7f592802a000-7f592c000000 ---p 00000000 00:00 0 
7f592c077000-7f592c07b000 rw-s 00000000 00:01 131119                     /SYSV00000000 (deleted)
7f592d090000-7f592d091000 ---p 00000000 00:00 0 
7f592d091000-7f592d891000 rw-p 00000000 00:00 0 
7f592d891000-7f592ec81000 r--p 00000000 00:1c 13792273858927023          /usr/lib/wsl/drivers/nv_dispi.inf_amd64_d3828c822366e497/libnvwgf2umx.so
7f592ec81000-7f59308c6000 r-xp 013f0000 00:1c 13792273858927023          /usr/lib/wsl/drivers/nv_dispi.inf_amd64_d3828c822366e497/libnvwgf2umx.so
7f59308c6000-7f59309d0000 r--p 03035000 00:1c 13792273858927023          /usr/lib/wsl/drivers/nv_dispi.inf_amd64_d3828c822366e497/libnvwgf2umx.so
7f59309d0000-7f59327f9000 rw-p 0313f000 00:1c 13792273858927023          /usr/lib/wsl/drivers/nv_dispi.inf_amd64_d3828c822366e497/libnvwgf2umx.so
7f59327f9000-7f593284a000 rw-p 00000000 00:00 0 
7f593284a000-7f5937a6b000 r-xp 00000000 08:20 7651                       /usr/lib/x86_64-linux-gnu/libLLVM-12.so.1
7f5937a6b000-7f5937f84000 r--p 05220000 08:20 7651                       /usr/lib/x86_64-linux-gnu/libLLVM-12.so.1
7f5937f84000-7f5937f8b000 rw-p 05739000 08:20 7651                       /usr/lib/x86_64-linux-gnu/libLLVM-12.so.1
7f5937f8b000-7f5938000000 rw-p 00000000 00:00 0 
7f5938000000-7f5938623000 rw-p 00000000 00:00 0 
7f5938623000-7f593c000000 ---p 00000000 00:00 0 
7f593c006000-7f593c01f000 r--p 00000000 08:20 7475                       /usr/lib/x86_64-linux-gnu/libGLX_mesa.so.0.0.0
7f593c01f000-7f593c063000 r-xp 00019000 08:20 7475                       /usr/lib/x86_64-linux-gnu/libGLX_mesa.so.0.0.0
7f593c063000-7f593c07a000 r--p 0005d000 08:20 7475                       /usr/lib/x86_64-linux-gnu/libGLX_mesa.so.0.0.0
7f593c07a000-7f593c07d000 r--p 00073000 08:20 7475                       /usr/lib/x86_64-linux-gnu/libGLX_mesa.so.0.0.0
7f593c07d000-7f593c07e000 rw-p 00076000 08:20 7475                       /usr/lib/x86_64-linux-gnu/libGLX_mesa.so.0.0.0
7f593c07e000-7f593c07f000 rw-p 00000000 00:00 0 
7f593c07f000-7f593c080000 rwxp 00000000 00:00 0 
7f593c090000-7f593c091000 r--p 00000000 08:20 12746                      /usr/lib/x86_64-linux-gnu/libxcb-shm.so.0.0.0
7f593c091000-7f593c092000 r-xp 00001000 08:20 12746                      /usr/lib/x86_64-linux-gnu/libxcb-shm.so.0.0.0
7f593c092000-7f593c093000 r--p 00002000 08:20 12746                      /usr/lib/x86_64-linux-gnu/libxcb-shm.so.0.0.0
7f593c093000-7f593c094000 r--p 00002000 08:20 12746                      /usr/lib/x86_64-linux-gnu/libxcb-shm.so.0.0.0
7f593c094000-7f593c095000 rw-p 00003000 08:20 12746                      /usr/lib/x86_64-linux-gnu/libxcb-shm.so.0.0.0
7f593c095000-7f593c0a0000 r--p 00000000 08:20 12738                      /usr/lib/x86_64-linux-gnu/libxcb-glx.so.0.0.0
7f593c0a0000-7f593c0a9000 r-xp 0000b000 08:20 12738                      /usr/lib/x86_64-linux-gnu/libxcb-glx.so.0.0.0
7f593c0a9000-7f593c0ae000 r--p 00014000 08:20 12738                      /usr/lib/x86_64-linux-gnu/libxcb-glx.so.0.0.0
7f593c0ae000-7f593c0af000 ---p 00019000 08:20 12738                      /usr/lib/x86_64-linux-gnu/libxcb-glx.so.0.0.0
7f593c0af000-7f593c0b1000 r--p 00019000 08:20 12738                      /usr/lib/x86_64-linux-gnu/libxcb-glx.so.0.0.0
7f593c0b1000-7f593c0b2000 rw-p 0001b000 08:20 12738                      /usr/lib/x86_64-linux-gnu/libxcb-glx.so.0.0.0
7f593c0b2000-7f593c0b3000 r--p 00000000 08:20 12130                      /usr/lib/x86_64-linux-gnu/libXinerama.so.1.0.0
7f593c0b3000-7f593c0b4000 r-xp 00001000 08:20 12130                      /usr/lib/x86_64-linux-gnu/libXinerama.so.1.0.0
7f593c0b4000-7f593c0b5000 r--p 00002000 08:20 12130                      /usr/lib/x86_64-linux-gnu/libXinerama.so.1.0.0
7f593c0b5000-7f593c0b6000 r--p 00002000 08:20 12130                      /usr/lib/x86_64-linux-gnu/libXinerama.so.1.0.0
7f593c0b6000-7f593c0b7000 rw-p 00003000 08:20 12130                      /usr/lib/x86_64-linux-gnu/libXinerama.so.1.0.0
7f593c762000-7f593c763000 ---p 00000000 00:00 0 
7f593c763000-7f593cf63000 rw-p 00000000 00:00 0 
7f593cf63000-7f593cf64000 ---p 00000000 00:00 0 
7f593cf64000-7f593d764000 rw-p 00000000 00:00 0 
7f593d764000-7f593d765000 ---p 00000000 00:00 0 
7f593d765000-7f593df65000 rw-p 00000000 00:00 0 
7f593e475000-7f593e60b000 r--p 00000000 08:20 7530                       /usr/lib/x86_64-linux-gnu/dri/swrast_dri.so
7f593e60b000-7f593f6b6000 r-xp 00196000 08:20 7530                       /usr/lib/x86_64-linux-gnu/dri/swrast_dri.so
7f593f6b6000-7f593fb7c000 r--p 01241000 08:20 7530                       /usr/lib/x86_64-linux-gnu/dri/swrast_dri.so
7f593fb7c000-7f593fcaa000 r--p 01706000 08:20 7530                       /usr/lib/x86_64-linux-gnu/dri/swrast_dri.so
7f593fcaa000-7f593fde2000 rw-p 01834000 08:20 7530                       /usr/lib/x86_64-linux-gnu/dri/swrast_dri.so
7f593fde2000-7f5940000000 rw-p 00000000 00:00 0 
7f5940000000-7f59402e2000 rw-p 00000000 00:00 0 
7f59402e2000-7f5944000000 ---p 00000000 00:00 0 
7f5944000000-7f5944021000 rw-p 00000000 00:00 0 
7f5944021000-7f5948000000 ---p 00000000 00:00 0 
7f5948000000-7f594834b000 rw-p 00000000 00:00 0 
7f594834b000-7f594c000000 ---p 00000000 00:00 0 
7f594c000000-7f594c021000 rw-p 00000000 00:00 0 
7f594c021000-7f5950000000 ---p 00000000 00:00 0 
7f5950000000-7f5950021000 rw-p 00000000 00:00 0 
7f5950021000-7f5954000000 ---p 00000000 00:00 0 
7f5954000000-7f59548a1000 rw-p 00000000 00:00 0 
7f59548a1000-7f5958000000 ---p 00000000 00:00 0 
7f5958000000-7f5958021000 rw-p 00000000 00:00 0 
7f5958021000-7f595c000000 ---p 00000000 00:00 0 
7f595c000000-7f595c021000 rw-p 00000000 00:00 0 
7f595c021000-7f5960000000 ---p 00000000 00:00 0 
7f5960000000-7f5960021000 rw-p 00000000 00:00 0 
7f5960021000-7f5964000000 ---p 00000000 00:00 0 
7f5964000000-7f5964021000 rw-p 00000000 00:00 0 
7f5964021000-7f5968000000 ---p 00000000 00:00 0 
7f5968000000-7f5968021000 rw-p 00000000 00:00 0 
7f5968021000-7f596c000000 ---p 00000000 00:00 0 
7f596c000000-7f596c021000 rw-p 00000000 00:00 0 
7f596c021000-7f5970000000 ---p 00000000 00:00 0 
7f59700de000-7f59700df000 ---p 00000000 00:00 0 
7f59700df000-7f59708df000 rw-p 00000000 00:00 0 
7f59710f4000-7f5971138000 r--p 00000000 00:1e 844424930163017            /usr/lib/wsl/lib/libd3d12.so
7f5971138000-7f59711b1000 r-xp 00043000 00:1e 844424930163017            /usr/lib/wsl/lib/libd3d12.so
7f59711b1000-7f59711b9000 r--p 000bb000 00:1e 844424930163017            /usr/lib/wsl/lib/libd3d12.so
7f59711b9000-7f59711bb000 rw-p 000c2000 00:1e 844424930163017            /usr/lib/wsl/lib/libd3d12.so
7f59711bb000-7f59711be000 rw-p 00000000 00:00 0 
7f59711be000-7f5971201000 r--p 00000000 00:1e 562949953452363            /usr/lib/wsl/lib/libdxcore.so
7f5971201000-7f5971282000 r-xp 00042000 00:1e 562949953452363            /usr/lib/wsl/lib/libdxcore.so
7f5971282000-7f597128a000 r--p 000c2000 00:1e 562949953452363            /usr/lib/wsl/lib/libdxcore.so
7f597128a000-7f597128c000 rw-p 000c9000 00:1e 562949953452363            /usr/lib/wsl/lib/libdxcore.so
7f597128c000-7f597128f000 rw-p 00000000 00:00 0 
7f597128f000-7f597129d000 r--p 00000000 08:20 29017                      /usr/lib/x86_64-linux-gnu/libtinfo.so.6.2
7f597129d000-7f59712ac000 r-xp 0000e000 08:20 29017                      /usr/lib/x86_64-linux-gnu/libtinfo.so.6.2
7f59712ac000-7f59712ba000 r--p 0001d000 08:20 29017                      /usr/lib/x86_64-linux-gnu/libtinfo.so.6.2
7f59712ba000-7f59712be000 r--p 0002a000 08:20 29017                      /usr/lib/x86_64-linux-gnu/libtinfo.so.6.2
7f59712be000-7f59712bf000 rw-p 0002e000 08:20 29017                      /usr/lib/x86_64-linux-gnu/libtinfo.so.6.2
7f59712bf000-7f59712c7000 r--p 00000000 08:20 12278                      /usr/lib/x86_64-linux-gnu/libedit.so.2.0.63
7f59712c7000-7f59712e2000 r-xp 00008000 08:20 12278                      /usr/lib/x86_64-linux-gnu/libedit.so.2.0.63
7f59712e2000-7f59712f0000 r--p 00023000 08:20 12278                      /usr/lib/x86_64-linux-gnu/libedit.so.2.0.63
7f59712f0000-7f59712f2000 r--p 00030000 08:20 12278                      /usr/lib/x86_64-linux-gnu/libedit.so.2.0.63
7f59712f2000-7f59712f3000 rw-p 00032000 08:20 12278                      /usr/lib/x86_64-linux-gnu/libedit.so.2.0.63
7f59712f3000-7f59712f7000 rw-p 00000000 00:00 0 
7f59712f7000-7f5971306000 r--p 00000000 08:20 12723                      /usr/lib/x86_64-linux-gnu/libvulkan.so.1.2.131
7f5971306000-7f5971338000 r-xp 0000f000 08:20 12723                      /usr/lib/x86_64-linux-gnu/libvulkan.so.1.2.131
7f5971338000-7f597134b000 r--p 00041000 08:20 12723                      /usr/lib/x86_64-linux-gnu/libvulkan.so.1.2.131
7f597134b000-7f597134c000 r--p 00053000 08:20 12723                      /usr/lib/x86_64-linux-gnu/libvulkan.so.1.2.131
7f597134c000-7f597134d000 rw-p 00054000 08:20 12723                      /usr/lib/x86_64-linux-gnu/libvulkan.so.1.2.131
7f597134d000-7f597134f000 r--p 00000000 08:20 5188                       /usr/lib/x86_64-linux-gnu/libdrm_nouveau.so.2.0.0
7f597134f000-7f5971354000 r-xp 00002000 08:20 5188                       /usr/lib/x86_64-linux-gnu/libdrm_nouveau.so.2.0.0
7f5971354000-7f5971356000 r--p 00007000 08:20 5188                       /usr/lib/x86_64-linux-gnu/libdrm_nouveau.so.2.0.0
7f5971356000-7f5971357000 r--p 00008000 08:20 5188                       /usr/lib/x86_64-linux-gnu/libdrm_nouveau.so.2.0.0
7f5971357000-7f5971358000 rw-p 00009000 08:20 5188                       /usr/lib/x86_64-linux-gnu/libdrm_nouveau.so.2.0.0
7f5971358000-7f597135b000 r--p 00000000 08:20 5158                       /usr/lib/x86_64-linux-gnu/libdrm_amdgpu.so.1.0.0
7f597135b000-7f5971360000 r-xp 00003000 08:20 5158                       /usr/lib/x86_64-linux-gnu/libdrm_amdgpu.so.1.0.0
7f5971360000-7f5971362000 r--p 00008000 08:20 5158                       /usr/lib/x86_64-linux-gnu/libdrm_amdgpu.so.1.0.0
7f5971362000-7f5971363000 r--p 00009000 08:20 5158                       /usr/lib/x86_64-linux-gnu/libdrm_amdgpu.so.1.0.0
7f5971363000-7f5971364000 rw-p 0000a000 08:20 5158                       /usr/lib/x86_64-linux-gnu/libdrm_amdgpu.so.1.0.0
7f5971364000-7f5971367000 r--p 00000000 08:20 12283                      /usr/lib/x86_64-linux-gnu/libelf-0.176.so
7f5971367000-7f5971379000 r-xp 00003000 08:20 12283                      /usr/lib/x86_64-linux-gnu/libelf-0.176.so
7f5971379000-7f597137e000 r--p 00015000 08:20 12283                      /usr/lib/x86_64-linux-gnu/libelf-0.176.so
7f597137e000-7f597137f000 r--p 00019000 08:20 12283                      /usr/lib/x86_64-linux-gnu/libelf-0.176.so
7f597137f000-7f5971380000 rw-p 0001a000 08:20 12283                      /usr/lib/x86_64-linux-gnu/libelf-0.176.so
7f5971380000-7f5971382000 r--p 00000000 08:20 5210                       /usr/lib/x86_64-linux-gnu/libdrm_radeon.so.1.0.1
7f5971382000-7f5971389000 r-xp 00002000 08:20 5210                       /usr/lib/x86_64-linux-gnu/libdrm_radeon.so.1.0.1
7f5971389000-7f597138d000 r--p 00009000 08:20 5210                       /usr/lib/x86_64-linux-gnu/libdrm_radeon.so.1.0.1
7f597138d000-7f597138e000 r--p 0000c000 08:20 5210                       /usr/lib/x86_64-linux-gnu/libdrm_radeon.so.1.0.1
7f597138e000-7f597138f000 rw-p 0000d000 08:20 5210                       /usr/lib/x86_64-linux-gnu/libdrm_radeon.so.1.0.1
7f597138f000-7f5971392000 r--p 00000000 08:20 7682                       /usr/lib/x86_64-linux-gnu/libsensors.so.5.0.0
7f5971392000-7f5971399000 r-xp 00003000 08:20 7682                       /usr/lib/x86_64-linux-gnu/libsensors.so.5.0.0
7f5971399000-7f597139e000 r--p 0000a000 08:20 7682                       /usr/lib/x86_64-linux-gnu/libsensors.so.5.0.0
7f597139e000-7f597139f000 r--p 0000e000 08:20 7682                       /usr/lib/x86_64-linux-gnu/libsensors.so.5.0.0
7f597139f000-7f59713a0000 rw-p 0000f000 08:20 7682                       /usr/lib/x86_64-linux-gnu/libsensors.so.5.0.0
7f59713a0000-7f59713a4000 r--p 00000000 08:20 12774                      /usr/lib/x86_64-linux-gnu/libzstd.so.1.4.4
7f59713a4000-7f5971436000 r-xp 00004000 08:20 12774                      /usr/lib/x86_64-linux-gnu/libzstd.so.1.4.4
7f5971436000-7f5971447000 r--p 00096000 08:20 12774                      /usr/lib/x86_64-linux-gnu/libzstd.so.1.4.4
7f5971447000-7f5971448000 r--p 000a6000 08:20 12774                      /usr/lib/x86_64-linux-gnu/libzstd.so.1.4.4
7f5971448000-7f5971449000 rw-p 000a7000 08:20 12774                      /usr/lib/x86_64-linux-gnu/libzstd.so.1.4.4
7f5971449000-7f597144d000 ---p 00000000 00:00 0 
7f597144d000-7f597154a000 rw-p 00000000 00:00 0 
7f597154a000-7f597154b000 ---p 00000000 00:00 0 
7f597154b000-7f597164c000 rw-p 00000000 00:00 0 
7f597164c000-7f597164d000 ---p 00000000 00:00 0 
7f597164d000-7f597174e000 rw-p 00000000 00:00 0 
7f597174e000-7f597174f000 ---p 00000000 00:00 0 
7f597174f000-7f5971850000 rw-p 00000000 00:00 0 
7f5971850000-7f5971851000 r-xp 00000000 08:20 12764                      /usr/lib/x86_64-linux-gnu/libxshmfence.so.1.0.0
7f5971851000-7f5971a50000 ---p 00001000 08:20 12764                      /usr/lib/x86_64-linux-gnu/libxshmfence.so.1.0.0
7f5971a50000-7f5971a51000 r--p 00000000 08:20 12764                      /usr/lib/x86_64-linux-gnu/libxshmfence.so.1.0.0
7f5971a51000-7f5971a52000 rw-p 00001000 08:20 12764                      /usr/lib/x86_64-linux-gnu/libxshmfence.so.1.0.0
7f5971a52000-7f5971a55000 r--p 00000000 08:20 12748                      /usr/lib/x86_64-linux-gnu/libxcb-sync.so.1.0.0
7f5971a55000-7f5971a58000 r-xp 00003000 08:20 12748                      /usr/lib/x86_64-linux-gnu/libxcb-sync.so.1.0.0
7f5971a58000-7f5971a59000 r--p 00006000 08:20 12748                      /usr/lib/x86_64-linux-gnu/libxcb-sync.so.1.0.0
7f5971a59000-7f5971a5a000 ---p 00007000 08:20 12748                      /usr/lib/x86_64-linux-gnu/libxcb-sync.so.1.0.0
7f5971a5a000-7f5971a5b000 r--p 00007000 08:20 12748                      /usr/lib/x86_64-linux-gnu/libxcb-sync.so.1.0.0
7f5971a5b000-7f5971a5c000 rw-p 00008000 08:20 12748                      /usr/lib/x86_64-linux-gnu/libxcb-sync.so.1.0.0
7f5971a5c000-7f5971a5d000 r--p 00000000 08:20 12740                      /usr/lib/x86_64-linux-gnu/libxcb-present.so.0.0.0
7f5971a5d000-7f5971a5e000 r-xp 00001000 08:20 12740                      /usr/lib/x86_64-linux-gnu/libxcb-present.so.0.0.0
7f5971a5e000-7f5971a5f000 r--p 00002000 08:20 12740                      /usr/lib/x86_64-linux-gnu/libxcb-present.so.0.0.0
7f5971a5f000-7f5971a60000 r--p 00002000 08:20 12740                      /usr/lib/x86_64-linux-gnu/libxcb-present.so.0.0.0
7f5971a60000-7f5971a61000 rw-p 00003000 08:20 12740                      /usr/lib/x86_64-linux-gnu/libxcb-present.so.0.0.0
7f5971a61000-7f5971a63000 r--p 00000000 08:20 12736                      /usr/lib/x86_64-linux-gnu/libxcb-dri3.so.0.0.0
7f5971a63000-7f5971a64000 r-xp 00002000 08:20 12736                      /usr/lib/x86_64-linux-gnu/libxcb-dri3.so.0.0.0
7f5971a64000-7f5971a65000 r--p 00003000 08:20 12736                      /usr/lib/x86_64-linux-gnu/libxcb-dri3.so.0.0.0
7f5971a65000-7f5971a66000 r--p 00003000 08:20 12736                      /usr/lib/x86_64-linux-gnu/libxcb-dri3.so.0.0.0
7f5971a66000-7f5971a67000 rw-p 00004000 08:20 12736                      /usr/lib/x86_64-linux-gnu/libxcb-dri3.so.0.0.0
7f5971a67000-7f5971a6d000 r--p 00000000 08:20 56846                      /usr/lib/x86_64-linux-gnu/libwayland-server.so.0.1.0
7f5971a6d000-7f5971a75000 r-xp 00006000 08:20 56846                      /usr/lib/x86_64-linux-gnu/libwayland-server.so.0.1.0
7f5971a75000-7f5971a79000 r--p 0000e000 08:20 56846                      /usr/lib/x86_64-linux-gnu/libwayland-server.so.0.1.0
7f5971a79000-7f5971a7a000 ---p 00012000 08:20 56846                      /usr/lib/x86_64-linux-gnu/libwayland-server.so.0.1.0
7f5971a7a000-7f5971a7c000 r--p 00012000 08:20 56846                      /usr/lib/x86_64-linux-gnu/libwayland-server.so.0.1.0
7f5971a7c000-7f5971a7d000 rw-p 00014000 08:20 56846                      /usr/lib/x86_64-linux-gnu/libwayland-server.so.0.1.0
7f5971a7d000-7f5971a82000 r--p 00000000 08:20 8001                       /usr/lib/x86_64-linux-gnu/libwayland-client.so.0.3.0
7f5971a82000-7f5971a88000 r-xp 00005000 08:20 8001                       /usr/lib/x86_64-linux-gnu/libwayland-client.so.0.3.0
7f5971a88000-7f5971a8b000 r--p 0000b000 08:20 8001                       /usr/lib/x86_64-linux-gnu/libwayland-client.so.0.3.0
7f5971a8b000-7f5971a8d000 r--p 0000d000 08:20 8001                       /usr/lib/x86_64-linux-gnu/libwayland-client.so.0.3.0
7f5971a8d000-7f5971a8e000 rw-p 0000f000 08:20 8001                       /usr/lib/x86_64-linux-gnu/libwayland-client.so.0.3.0
7f5971a8e000-7f5971a93000 r--p 00000000 08:20 22655                      /usr/lib/x86_64-linux-gnu/libdrm.so.2.4.0
7f5971a93000-7f5971a9e000 r-xp 00005000 08:20 22655                      /usr/lib/x86_64-linux-gnu/libdrm.so.2.4.0
7f5971a9e000-7f5971aa2000 r--p 00010000 08:20 22655                      /usr/lib/x86_64-linux-gnu/libdrm.so.2.4.0
7f5971aa2000-7f5971aa3000 r--p 00013000 08:20 22655                      /usr/lib/x86_64-linux-gnu/libdrm.so.2.4.0
7f5971aa3000-7f5971aa4000 rw-p 00014000 08:20 22655                      /usr/lib/x86_64-linux-gnu/libdrm.so.2.4.0
7f5971aa4000-7f5971aa7000 r--p 00000000 08:20 12750                      /usr/lib/x86_64-linux-gnu/libxcb-xfixes.so.0.0.0
7f5971aa7000-7f5971aaa000 r-xp 00003000 08:20 12750                      /usr/lib/x86_64-linux-gnu/libxcb-xfixes.so.0.0.0
7f5971aaa000-7f5971aab000 r--p 00006000 08:20 12750                      /usr/lib/x86_64-linux-gnu/libxcb-xfixes.so.0.0.0
7f5971aab000-7f5971aac000 ---p 00007000 08:20 12750                      /usr/lib/x86_64-linux-gnu/libxcb-xfixes.so.0.0.0
7f5971aac000-7f5971aad000 r--p 00007000 08:20 12750                      /usr/lib/x86_64-linux-gnu/libxcb-xfixes.so.0.0.0
7f5971aad000-7f5971aae000 rw-p 00008000 08:20 12750                      /usr/lib/x86_64-linux-gnu/libxcb-xfixes.so.0.0.0
7f5971aae000-7f5971ab2000 r--p 00000000 08:20 14810                      /usr/lib/x86_64-linux-gnu/libexpat.so.1.6.11
7f5971ab2000-7f5971ace000 r-xp 00004000 08:20 14810                      /usr/lib/x86_64-linux-gnu/libexpat.so.1.6.11
7f5971ace000-7f5971ad8000 r--p 00020000 08:20 14810                      /usr/lib/x86_64-linux-gnu/libexpat.so.1.6.11
7f5971ad8000-7f5971ad9000 ---p 0002a000 08:20 14810                      /usr/lib/x86_64-linux-gnu/libexpat.so.1.6.11
7f5971ad9000-7f5971adb000 r--p 0002a000 08:20 14810                      /usr/lib/x86_64-linux-gnu/libexpat.so.1.6.11
7f5971adb000-7f5971adc000 rw-p 0002c000 08:20 14810                      /usr/lib/x86_64-linux-gnu/libexpat.so.1.6.11
7f5971adc000-7f5971ae9000 r--p 00000000 08:20 7556                       /usr/lib/x86_64-linux-gnu/libglapi.so.0.0.0
7f5971ae9000-7f5971af7000 r-xp 0000d000 08:20 7556                       /usr/lib/x86_64-linux-gnu/libglapi.so.0.0.0
7f5971af7000-7f5971b10000 r--p 0001b000 08:20 7556                       /usr/lib/x86_64-linux-gnu/libglapi.so.0.0.0
7f5971b10000-7f5971b11000 ---p 00034000 08:20 7556                       /usr/lib/x86_64-linux-gnu/libglapi.so.0.0.0
7f5971b11000-7f5971b15000 r--p 00034000 08:20 7556                       /usr/lib/x86_64-linux-gnu/libglapi.so.0.0.0
7f5971b15000-7f5971b16000 rw-p 00038000 08:20 7556                       /usr/lib/x86_64-linux-gnu/libglapi.so.0.0.0
7f5971b16000-7f5971b17000 rw-p 00000000 00:00 0 
7f5971b17000-7f5971b1a000 r--p 00000000 08:20 56859                      /usr/lib/x86_64-linux-gnu/libgbm.so.1.0.0
7f5971b1a000-7f5971b22000 r-xp 00003000 08:20 56859                      /usr/lib/x86_64-linux-gnu/libgbm.so.1.0.0
7f5971b22000-7f5971b26000 r--p 0000b000 08:20 56859                      /usr/lib/x86_64-linux-gnu/libgbm.so.1.0.0
7f5971b26000-7f5971b27000 r--p 0000e000 08:20 56859                      /usr/lib/x86_64-linux-gnu/libgbm.so.1.0.0
7f5971b27000-7f5971b28000 rw-p 0000f000 08:20 56859                      /usr/lib/x86_64-linux-gnu/libgbm.so.1.0.0
7f5971b28000-7f5971b31000 r--p 00000000 08:20 56876                      /usr/lib/x86_64-linux-gnu/libEGL_mesa.so.0.0.0
7f5971b31000-7f5971b57000 r-xp 00009000 08:20 56876                      /usr/lib/x86_64-linux-gnu/libEGL_mesa.so.0.0.0
7f5971b57000-7f5971b66000 r--p 0002f000 08:20 56876                      /usr/li