#
# A fatal error has been detected by the Java Runtime Environment:
#
#  SIGSEGV (0xb) at pc=0x00007fac969a6b56, pid=5270, tid=5307
#
# JRE version: OpenJDK Runtime Environment (11.0.20+8) (build 11.0.20+8-post-Ubuntu-1ubuntu120.04)
# Java VM: OpenJDK 64-Bit Server VM (11.0.20+8-post-Ubuntu-1ubuntu120.04, mixed mode, sharing, tiered, compressed oops, g1 gc, linux-amd64)
# Problematic frame:
# C  [libnvwgf2umx.so+0x2ca0b56]
#
# No core dump will be written. Core dumps have been disabled. To enable core dumping, try "ulimit -c unlimited" before starting Java again
#
# If you would like to submit a bug report, please visit:
#   https://bugs.launchpad.net/ubuntu/+source/openjdk-lts
#

---------------  S U M M A R Y ------------

Command Line: pong.Renderer

Host: Intel(R) Core(TM) i5-7400 CPU @ 3.00GHz, 4 cores, 7G, Ubuntu 20.04.6 LTS
Time: Thu Oct 26 01:59:44 2023 -03 elapsed time: 11.612650 seconds (0d 0h 0m 11s)

---------------  T H R E A D  ---------------

Current thread is native thread

Stack: [0x00007fac933e7000,0x00007fac93be6000],  sp=0x00007fac93be4e40,  free space=8183k
Native frames: (J=compiled Java code, A=aot compiled Java code, j=interpreted, Vv=VM code, C=native code)
C  [libnvwgf2umx.so+0x2ca0b56]


siginfo: si_signo: 11 (SIGSEGV), si_code: 1 (SEGV_MAPERR), si_addr: 0x00007facd000c000

Register to memory mapping:

RAX=
[error occurred during error reporting (printing register info), id 0xb, SIGSEGV (0xb) at pc=0x00007fad3a884b6c]

Registers:
RAX=0x0000000000000005, RBX=0x00007faca41616e0, RCX=0x00007faca4162b01, RDX=0x00007fac93be4e50
RSP=0x00007fac93be4e40, RBP=0x0000000000000000, RSI=0x00007faca41616e0, RDI=0x00007faca40e7c80
R8 =0x00007faca40e7c80, R9 =0x00007ffe3f7b1080, R10=0x0000000000305f00, R11=0x0000000000000002
R12=0x00007fac93be4ea7, R13=0x0000000000000000, R14=0x00007facd000c000, R15=0x0000000000000000
RIP=0x00007fac969a6b56, EFLAGS=0x0000000000010246, CSGSFS=0x002b000000000033, ERR=0x0000000000000004
  TRAPNO=0x000000000000000e

Top of Stack: (sp=0x00007fac93be4e40)
0x00007fac93be4e40:   00007faca40e7c80 a4162b0100022df1
0x00007fac93be4e50:   00007faca40e7d88 00007fac93be4e50
0x00007fac93be4e60:   00007fac93be4ea7 00007faca40e7c80
0x00007fac93be4e70:   00007faca41616e0 00007fac93be4ea7 

Instructions: (pc=0x00007fac969a6b56)
0x00007fac969a6a56:   8d 7c 24 30 e8 61 da 8b fe 4c 89 ff e8 59 da 8b
0x00007fac969a6a66:   fe 48 8b 44 24 38 48 81 c4 88 00 00 00 5b 41 5c
0x00007fac969a6a76:   41 5d 41 5e 41 5f 5d c3 eb 0a eb 37 eb 35 eb 44
0x00007fac969a6a86:   eb 02 eb 2f 48 89 c3 48 8d 7c 24 30 e8 29 da 8b
0x00007fac969a6a96:   fe eb 23 eb 1e 48 89 c3 48 8d 7c 24 30 e8 18 da
0x00007fac969a6aa6:   8b fe eb 03 48 89 c3 48 8d 7c 24 48 e8 09 da 8b
0x00007fac969a6ab6:   fe eb 03 48 89 c3 48 8d 7c 24 40 e8 fa d9 8b fe
0x00007fac969a6ac6:   eb 05 eb 00 48 89 c3 48 8b 7c 24 38 e8 e9 d9 8b
0x00007fac969a6ad6:   fe 48 89 df e8 91 0e 75 fe cc 55 41 57 41 56 41
0x00007fac969a6ae6:   55 41 54 53 48 83 ec 28 f6 47 28 10 0f 84 53 01
0x00007fac969a6af6:   00 00 48 89 f3 8b 46 10 85 c0 0f 84 45 01 00 00
0x00007fac969a6b06:   49 89 d4 49 89 f8 4c 8b 73 28 b1 01 89 4c 24 0c
0x00007fac969a6b16:   45 31 ff 48 8d 54 24 10 45 31 ed 4c 89 64 24 20
0x00007fac969a6b26:   48 89 3c 24 48 89 54 24 18 eb 25 90 90 90 90 90
0x00007fac969a6b36:   90 90 90 90 90 90 90 90 90 90 8b 43 10 49 83 c5
0x00007fac969a6b46:   01 89 c1 41 83 c7 01 49 39 cd 0f 83 f5 00 00 00
0x00007fac969a6b56:   43 8b 0c ae 0f b7 c9 42 3b 8c ab 4c 04 00 00 74
0x00007fac969a6b66:   dc 42 89 8c ab 4c 04 00 00 8b 4b 0c 85 c9 74 cd
0x00007fac969a6b76:   31 ed eb 1e 8b 73 04 4c 89 c7 44 89 ea 89 e9 e8
0x00007fac969a6b86:   96 3b 03 00 4c 8b 04 24 83 c5 01 8b 4b 0c 39 cd
0x00007fac969a6b96:   73 a8 41 0f af cf 01 e9 41 0f b6 84 0e 80 90 00
0x00007fac969a6ba6:   00 24 7f 8d 50 e0 80 fa 14 77 dd 48 8b 93 50 08
0x00007fac969a6bb6:   00 00 3a 04 0a 74 d1 88 04 0a 41 c6 04 24 01 41
0x00007fac969a6bc6:   80 78 2d 00 75 ae f6 44 24 0c 01 75 09 41 f6 40
0x00007fac969a6bd6:   28 20 75 b4 eb 33 4c 8d 64 24 10 4c 89 e7 4c 89
0x00007fac969a6be6:   c6 48 89 da e8 01 2a 03 00 48 8b 3c 24 4c 89 e6
0x00007fac969a6bf6:   e8 75 e0 ff ff 4c 89 e7 e8 bd d8 8b fe c7 44 24
0x00007fac969a6c06:   0c 00 00 00 00 4c 8b 04 24 8b 53 04 45 0f b6 48
0x00007fac969a6c16:   2c 4c 8d 64 24 10 4c 89 e7 4c 89 c6 44 89 e9 41
0x00007fac969a6c26:   89 e8 e8 e3 29 03 00 48 8b 3c 24 4c 89 e6 e8 37
0x00007fac969a6c36:   e0 ff ff 4c 89 e7 e8 7f d8 8b fe 4c 8b 64 24 20
0x00007fac969a6c46:   e9 3f ff ff ff 48 83 c4 28 5b 41 5c 41 5d 41 5e 


Stack slot to memory mapping:
stack at sp + 0 slots: 
[error occurred during error reporting (inspecting top of stack), id 0xb, SIGSEGV (0xb) at pc=0x00007fad3a884b6c]


---------------  P R O C E S S  ---------------

VM state:at safepoint (shutting down)

VM Mutex/Monitor currently owned by a thread:  ([mutex/lock_event])
[0x00007fad34012f80] Threads_lock - owner thread: 0x00007fad3410c800

Heap address: 0x0000000084400000, size: 1980 MB, Compressed Oops mode: 32-bit
Narrow klass base: 0x0000000800000000, Narrow klass shift: 3
Compressed class space size: 1073741824 Address: 0x0000000840000000

Heap:
 garbage-first heap   total 129024K, used 15780K [0x0000000084400000, 0x0000000100000000)
  region size 1024K, 16 young (16384K), 2 survivors (2048K)
 Metaspace       used 11899K, capacity 12238K, committed 12672K, reserved 1060864K
  class space    used 949K, capacity 1093K, committed 1152K, reserved 1048576K
Heap Regions: E=young(eden), S=young(survivor), O=old, HS=humongous(starts), HC=humongous(continues), CS=collection set, F=free, A=archive, TAMS=top-at-mark-start (previous, next)
|   0|0x0000000084400000, 0x0000000084400000, 0x0000000084500000|  0%| F|  |TAMS 0x0000000084400000, 0x0000000084400000| Untracked 
|   1|0x0000000084500000, 0x0000000084500000, 0x0000000084600000|  0%| F|  |TAMS 0x0000000084500000, 0x0000000084500000| Untracked 
|   2|0x0000000084600000, 0x0000000084600000, 0x0000000084700000|  0%| F|  |TAMS 0x0000000084600000, 0x0000000084600000| Untracked 
|   3|0x0000000084700000, 0x0000000084700000, 0x0000000084800000|  0%| F|  |TAMS 0x0000000084700000, 0x0000000084700000| Untracked 
|   4|0x0000000084800000, 0x0000000084800000, 0x0000000084900000|  0%| F|  |TAMS 0x0000000084800000, 0x0000000084800000| Untracked 
|   5|0x0000000084900000, 0x0000000084900000, 0x0000000084a00000|  0%| F|  |TAMS 0x0000000084900000, 0x0000000084900000| Untracked 
|   6|0x0000000084a00000, 0x0000000084a00000, 0x0000000084b00000|  0%| F|  |TAMS 0x0000000084a00000, 0x0000000084a00000| Untracked 
|   7|0x0000000084b00000, 0x0000000084b00000, 0x0000000084c00000|  0%| F|  |TAMS 0x0000000084b00000, 0x0000000084b00000| Untracked 
|   8|0x0000000084c00000, 0x0000000084c00000, 0x0000000084d00000|  0%| F|  |TAMS 0x0000000084c00000, 0x0000000084c00000| Untracked 
|   9|0x0000000084d00000, 0x0000000084d00000, 0x0000000084e00000|  0%| F|  |TAMS 0x0000000084d00000, 0x0000000084d00000| Untracked 
|  10|0x0000000084e00000, 0x0000000084e00000, 0x0000000084f00000|  0%| F|  |TAMS 0x0000000084e00000, 0x0000000084e00000| Untracked 
|  11|0x0000000084f00000, 0x0000000084f00000, 0x0000000085000000|  0%| F|  |TAMS 0x0000000084f00000, 0x0000000084f00000| Untracked 
|  12|0x0000000085000000, 0x0000000085000000, 0x0000000085100000|  0%| F|  |TAMS 0x0000000085000000, 0x0000000085000000| Untracked 
|  13|0x0000000085100000, 0x0000000085100000, 0x0000000085200000|  0%| F|  |TAMS 0x0000000085100000, 0x0000000085100000| Untracked 
|  14|0x0000000085200000, 0x0000000085200000, 0x0000000085300000|  0%| F|  |TAMS 0x0000000085200000, 0x0000000085200000| Untracked 
|  15|0x0000000085300000, 0x0000000085300000, 0x0000000085400000|  0%| F|  |TAMS 0x0000000085300000, 0x0000000085300000| Untracked 
|  16|0x0000000085400000, 0x0000000085400000, 0x0000000085500000|  0%| F|  |TAMS 0x0000000085400000, 0x0000000085400000| Untracked 
|  17|0x0000000085500000, 0x0000000085500000, 0x0000000085600000|  0%| F|  |TAMS 0x0000000085500000, 0x0000000085500000| Untracked 
|  18|0x0000000085600000, 0x0000000085600000, 0x0000000085700000|  0%| F|  |TAMS 0x0000000085600000, 0x0000000085600000| Untracked 
|  19|0x0000000085700000, 0x0000000085700000, 0x0000000085800000|  0%| F|  |TAMS 0x0000000085700000, 0x0000000085700000| Untracked 
|  20|0x0000000085800000, 0x0000000085800000, 0x0000000085900000|  0%| F|  |TAMS 0x0000000085800000, 0x0000000085800000| Untracked 
|  21|0x0000000085900000, 0x0000000085900000, 0x0000000085a00000|  0%| F|  |TAMS 0x0000000085900000, 0x0000000085900000| Untracked 
|  22|0x0000000085a00000, 0x0000000085a00000, 0x0000000085b00000|  0%| F|  |TAMS 0x0000000085a00000, 0x0000000085a00000| Untracked 
|  23|0x0000000085b00000, 0x0000000085b00000, 0x0000000085c00000|  0%| F|  |TAMS 0x0000000085b00000, 0x0000000085b00000| Untracked 
|  24|0x0000000085c00000, 0x0000000085c00000, 0x0000000085d00000|  0%| F|  |TAMS 0x0000000085c00000, 0x0000000085c00000| Untracked 
|  25|0x0000000085d00000, 0x0000000085d00000, 0x0000000085e00000|  0%| F|  |TAMS 0x0000000085d00000, 0x0000000085d00000| Untracked 
|  26|0x0000000085e00000, 0x0000000085e00000, 0x0000000085f00000|  0%| F|  |TAMS 0x0000000085e00000, 0x0000000085e00000| Untracked 
|  27|0x0000000085f00000, 0x0000000085f00000, 0x0000000086000000|  0%| F|  |TAMS 0x0000000085f00000, 0x0000000085f00000| Untracked 
|  28|0x0000000086000000, 0x0000000086000000, 0x0000000086100000|  0%| F|  |TAMS 0x0000000086000000, 0x0000000086000000| Untracked 
|  29|0x0000000086100000, 0x0000000086100000, 0x0000000086200000|  0%| F|  |TAMS 0x0000000086100000, 0x0000000086100000| Untracked 
|  30|0x0000000086200000, 0x0000000086200000, 0x0000000086300000|  0%| F|  |TAMS 0x0000000086200000, 0x0000000086200000| Untracked 
|  31|0x0000000086300000, 0x0000000086300000, 0x0000000086400000|  0%| F|  |TAMS 0x0000000086300000, 0x0000000086300000| Untracked 
|  32|0x0000000086400000, 0x0000000086400000, 0x0000000086500000|  0%| F|  |TAMS 0x0000000086400000, 0x0000000086400000| Untracked 
|  33|0x0000000086500000, 0x0000000086500000, 0x0000000086600000|  0%| F|  |TAMS 0x0000000086500000, 0x0000000086500000| Untracked 
|  34|0x0000000086600000, 0x0000000086600000, 0x0000000086700000|  0%| F|  |TAMS 0x0000000086600000, 0x0000000086600000| Untracked 
|  35|0x0000000086700000, 0x0000000086700000, 0x0000000086800000|  0%| F|  |TAMS 0x0000000086700000, 0x0000000086700000| Untracked 
|  36|0x0000000086800000, 0x0000000086800000, 0x0000000086900000|  0%| F|  |TAMS 0x0000000086800000, 0x0000000086800000| Untracked 
|  37|0x0000000086900000, 0x0000000086900000, 0x0000000086a00000|  0%| F|  |TAMS 0x0000000086900000, 0x0000000086900000| Untracked 
|  38|0x0000000086a00000, 0x0000000086a00000, 0x0000000086b00000|  0%| F|  |TAMS 0x0000000086a00000, 0x0000000086a00000| Untracked 
|  39|0x0000000086b00000, 0x0000000086b00000, 0x0000000086c00000|  0%| F|  |TAMS 0x0000000086b00000, 0x0000000086b00000| Untracked 
|  40|0x0000000086c00000, 0x0000000086c00000, 0x0000000086d00000|  0%| F|  |TAMS 0x0000000086c00000, 0x0000000086c00000| Untracked 
|  41|0x0000000086d00000, 0x0000000086d00000, 0x0000000086e00000|  0%| F|  |TAMS 0x0000000086d00000, 0x0000000086d00000| Untracked 
|  42|0x0000000086e00000, 0x0000000086e00000, 0x0000000086f00000|  0%| F|  |TAMS 0x0000000086e00000, 0x0000000086e00000| Untracked 
|  43|0x0000000086f00000, 0x0000000086f00000, 0x0000000087000000|  0%| F|  |TAMS 0x0000000086f00000, 0x0000000086f00000| Untracked 
|  44|0x0000000087000000, 0x0000000087000000, 0x0000000087100000|  0%| F|  |TAMS 0x0000000087000000, 0x0000000087000000| Untracked 
|  45|0x0000000087100000, 0x0000000087100000, 0x0000000087200000|  0%| F|  |TAMS 0x0000000087100000, 0x0000000087100000| Untracked 
|  46|0x0000000087200000, 0x0000000087200000, 0x0000000087300000|  0%| F|  |TAMS 0x0000000087200000, 0x0000000087200000| Untracked 
|  47|0x0000000087300000, 0x0000000087300000, 0x0000000087400000|  0%| F|  |TAMS 0x0000000087300000, 0x0000000087300000| Untracked 
|  48|0x0000000087400000, 0x0000000087400000, 0x0000000087500000|  0%| F|  |TAMS 0x0000000087400000, 0x0000000087400000| Untracked 
|  49|0x0000000087500000, 0x0000000087500000, 0x0000000087600000|  0%| F|  |TAMS 0x0000000087500000, 0x0000000087500000| Untracked 
|  50|0x0000000087600000, 0x0000000087600000, 0x0000000087700000|  0%| F|  |TAMS 0x0000000087600000, 0x0000000087600000| Untracked 
|  51|0x0000000087700000, 0x0000000087700000, 0x0000000087800000|  0%| F|  |TAMS 0x0000000087700000, 0x0000000087700000| Untracked 
|  52|0x0000000087800000, 0x0000000087800000, 0x0000000087900000|  0%| F|  |TAMS 0x0000000087800000, 0x0000000087800000| Untracked 
|  53|0x0000000087900000, 0x0000000087900000, 0x0000000087a00000|  0%| F|  |TAMS 0x0000000087900000, 0x0000000087900000| Untracked 
|  54|0x0000000087a00000, 0x0000000087a00000, 0x0000000087b00000|  0%| F|  |TAMS 0x0000000087a00000, 0x0000000087a00000| Untracked 
|  55|0x0000000087b00000, 0x0000000087b00000, 0x0000000087c00000|  0%| F|  |TAMS 0x0000000087b00000, 0x0000000087b00000| Untracked 
|  56|0x0000000087c00000, 0x0000000087c00000, 0x0000000087d00000|  0%| F|  |TAMS 0x0000000087c00000, 0x0000000087c00000| Untracked 
|  57|0x0000000087d00000, 0x0000000087d00000, 0x0000000087e00000|  0%| F|  |TAMS 0x0000000087d00000, 0x0000000087d00000| Untracked 
|  58|0x0000000087e00000, 0x0000000087e00000, 0x0000000087f00000|  0%| F|  |TAMS 0x0000000087e00000, 0x0000000087e00000| Untracked 
|  59|0x0000000087f00000, 0x0000000087f00000, 0x0000000088000000|  0%| F|  |TAMS 0x0000000087f00000, 0x0000000087f00000| Untracked 
|  60|0x0000000088000000, 0x0000000088000000, 0x0000000088100000|  0%| F|  |TAMS 0x0000000088000000, 0x0000000088000000| Untracked 
|  61|0x0000000088100000, 0x0000000088100000, 0x0000000088200000|  0%| F|  |TAMS 0x0000000088100000, 0x0000000088100000| Untracked 
|  62|0x0000000088200000, 0x0000000088200000, 0x0000000088300000|  0%| F|  |TAMS 0x0000000088200000, 0x0000000088200000| Untracked 
|  63|0x0000000088300000, 0x0000000088300000, 0x0000000088400000|  0%| F|  |TAMS 0x0000000088300000, 0x0000000088300000| Untracked 
|  64|0x0000000088400000, 0x0000000088400000, 0x0000000088500000|  0%| F|  |TAMS 0x0000000088400000, 0x0000000088400000| Untracked 
|  65|0x0000000088500000, 0x0000000088500000, 0x0000000088600000|  0%| F|  |TAMS 0x0000000088500000, 0x0000000088500000| Untracked 
|  66|0x0000000088600000, 0x0000000088600000, 0x0000000088700000|  0%| F|  |TAMS 0x0000000088600000, 0x0000000088600000| Untracked 
|  67|0x0000000088700000, 0x0000000088700000, 0x0000000088800000|  0%| F|  |TAMS 0x0000000088700000, 0x0000000088700000| Untracked 
|  68|0x0000000088800000, 0x0000000088800000, 0x0000000088900000|  0%| F|  |TAMS 0x0000000088800000, 0x0000000088800000| Untracked 
|  69|0x0000000088900000, 0x0000000088900000, 0x0000000088a00000|  0%| F|  |TAMS 0x0000000088900000, 0x0000000088900000| Untracked 
|  70|0x0000000088a00000, 0x0000000088a00000, 0x0000000088b00000|  0%| F|  |TAMS 0x0000000088a00000, 0x0000000088a00000| Untracked 
|  71|0x0000000088b00000, 0x0000000088b00000, 0x0000000088c00000|  0%| F|  |TAMS 0x0000000088b00000, 0x0000000088b00000| Untracked 
|  72|0x0000000088c00000, 0x0000000088c00000, 0x0000000088d00000|  0%| F|  |TAMS 0x0000000088c00000, 0x0000000088c00000| Untracked 
|  73|0x0000000088d00000, 0x0000000088d00000, 0x0000000088e00000|  0%| F|  |TAMS 0x0000000088d00000, 0x0000000088d00000| Untracked 
|  74|0x0000000088e00000, 0x0000000088e00000, 0x0000000088f00000|  0%| F|  |TAMS 0x0000000088e00000, 0x0000000088e00000| Untracked 
|  75|0x0000000088f00000, 0x0000000088f00000, 0x0000000089000000|  0%| F|  |TAMS 0x0000000088f00000, 0x0000000088f00000| Untracked 
|  76|0x0000000089000000, 0x0000000089000000, 0x0000000089100000|  0%| F|  |TAMS 0x0000000089000000, 0x0000000089000000| Untracked 
|  77|0x0000000089100000, 0x0000000089100000, 0x0000000089200000|  0%| F|  |TAMS 0x0000000089100000, 0x0000000089100000| Untracked 
|  78|0x0000000089200000, 0x0000000089200000, 0x0000000089300000|  0%| F|  |TAMS 0x0000000089200000, 0x0000000089200000| Untracked 
|  79|0x0000000089300000, 0x0000000089300000, 0x0000000089400000|  0%| F|  |TAMS 0x0000000089300000, 0x0000000089300000| Untracked 
|  80|0x0000000089400000, 0x0000000089400000, 0x0000000089500000|  0%| F|  |TAMS 0x0000000089400000, 0x0000000089400000| Untracked 
|  81|0x0000000089500000, 0x0000000089500000, 0x0000000089600000|  0%| F|  |TAMS 0x0000000089500000, 0x0000000089500000| Untracked 
|  82|0x0000000089600000, 0x0000000089600000, 0x0000000089700000|  0%| F|  |TAMS 0x0000000089600000, 0x0000000089600000| Untracked 
|  83|0x0000000089700000, 0x0000000089700000, 0x0000000089800000|  0%| F|  |TAMS 0x0000000089700000, 0x0000000089700000| Untracked 
|  84|0x0000000089800000, 0x0000000089800000, 0x0000000089900000|  0%| F|  |TAMS 0x0000000089800000, 0x0000000089800000| Untracked 
|  85|0x0000000089900000, 0x0000000089900000, 0x0000000089a00000|  0%| F|  |TAMS 0x0000000089900000, 0x0000000089900000| Untracked 
|  86|0x0000000089a00000, 0x0000000089a00000, 0x0000000089b00000|  0%| F|  |TAMS 0x0000000089a00000, 0x0000000089a00000| Untracked 
|  87|0x0000000089b00000, 0x0000000089b00000, 0x0000000089c00000|  0%| F|  |TAMS 0x0000000089b00000, 0x0000000089b00000| Untracked 
|  88|0x0000000089c00000, 0x0000000089c00000, 0x0000000089d00000|  0%| F|  |TAMS 0x0000000089c00000, 0x0000000089c00000| Untracked 
|  89|0x0000000089d00000, 0x0000000089d00000, 0x0000000089e00000|  0%| F|  |TAMS 0x0000000089d00000, 0x0000000089d00000| Untracked 
|  90|0x0000000089e00000, 0x0000000089e00000, 0x0000000089f00000|  0%| F|  |TAMS 0x0000000089e00000, 0x0000000089e00000| Untracked 
|  91|0x0000000089f00000, 0x0000000089f00000, 0x000000008a000000|  0%| F|  |TAMS 0x0000000089f00000, 0x0000000089f00000| Untracked 
|  92|0x000000008a000000, 0x000000008a000000, 0x000000008a100000|  0%| F|  |TAMS 0x000000008a000000, 0x000000008a000000| Untracked 
|  93|0x000000008a100000, 0x000000008a100000, 0x000000008a200000|  0%| F|  |TAMS 0x000000008a100000, 0x000000008a100000| Untracked 
|  94|0x000000008a200000, 0x000000008a200000, 0x000000008a300000|  0%| F|  |TAMS 0x000000008a200000, 0x000000008a200000| Untracked 
|  95|0x000000008a300000, 0x000000008a300000, 0x000000008a400000|  0%| F|  |TAMS 0x000000008a300000, 0x000000008a300000| Untracked 
|  96|0x000000008a400000, 0x000000008a400000, 0x000000008a500000|  0%| F|  |TAMS 0x000000008a400000, 0x000000008a400000| Untracked 
|  97|0x000000008a500000, 0x000000008a500000, 0x000000008a600000|  0%| F|  |TAMS 0x000000008a500000, 0x000000008a500000| Untracked 
|  98|0x000000008a600000, 0x000000008a600000, 0x000000008a700000|  0%| F|  |TAMS 0x000000008a600000, 0x000000008a600000| Untracked 
|  99|0x000000008a700000, 0x000000008a700000, 0x000000008a800000|  0%| F|  |TAMS 0x000000008a700000, 0x000000008a700000| Untracked 
| 100|0x000000008a800000, 0x000000008a800000, 0x000000008a900000|  0%| F|  |TAMS 0x000000008a800000, 0x000000008a800000| Untracked 
| 101|0x000000008a900000, 0x000000008a900000, 0x000000008aa00000|  0%| F|  |TAMS 0x000000008a900000, 0x000000008a900000| Untracked 
| 102|0x000000008aa00000, 0x000000008aa00000, 0x000000008ab00000|  0%| F|  |TAMS 0x000000008aa00000, 0x000000008aa00000| Untracked 
| 103|0x000000008ab00000, 0x000000008ab00000, 0x000000008ac00000|  0%| F|  |TAMS 0x000000008ab00000, 0x000000008ab00000| Untracked 
| 104|0x000000008ac00000, 0x000000008ac00000, 0x000000008ad00000|  0%| F|  |TAMS 0x000000008ac00000, 0x000000008ac00000| Untracked 
| 105|0x000000008ad00000, 0x000000008ad00000, 0x000000008ae00000|  0%| F|  |TAMS 0x000000008ad00000, 0x000000008ad00000| Untracked 
| 106|0x000000008ae00000, 0x000000008ae00000, 0x000000008af00000|  0%| F|  |TAMS 0x000000008ae00000, 0x000000008ae00000| Untracked 
| 107|0x000000008af00000, 0x000000008af00000, 0x000000008b000000|  0%| F|  |TAMS 0x000000008af00000, 0x000000008af00000| Untracked 
| 108|0x000000008b000000, 0x000000008b0b5378, 0x000000008b100000| 70%| S|CS|TAMS 0x000000008b000000, 0x000000008b000000| Complete 
| 109|0x000000008b100000, 0x000000008b200000, 0x000000008b200000|100%| S|CS|TAMS 0x000000008b100000, 0x000000008b100000| Complete 
| 110|0x000000008b200000, 0x000000008b25caa0, 0x000000008b300000| 36%| E|  |TAMS 0x000000008b200000, 0x000000008b200000| Complete 
| 111|0x000000008b300000, 0x000000008b400000, 0x000000008b400000|100%| E|CS|TAMS 0x000000008b300000, 0x000000008b300000| Complete 
| 112|0x000000008b400000, 0x000000008b500000, 0x000000008b500000|100%| E|CS|TAMS 0x000000008b400000, 0x000000008b400000| Complete 
| 113|0x000000008b500000, 0x000000008b600000, 0x000000008b600000|100%| E|CS|TAMS 0x000000008b500000, 0x000000008b500000| Complete 
| 114|0x000000008b600000, 0x000000008b700000, 0x000000008b700000|100%| E|CS|TAMS 0x000000008b600000, 0x000000008b600000| Complete 
| 115|0x000000008b700000, 0x000000008b800000, 0x000000008b800000|100%| E|CS|TAMS 0x000000008b700000, 0x000000008b700000| Complete 
| 116|0x000000008b800000, 0x000000008b900000, 0x000000008b900000|100%| E|CS|TAMS 0x000000008b800000, 0x000000008b800000| Complete 
| 117|0x000000008b900000, 0x000000008ba00000, 0x000000008ba00000|100%| E|CS|TAMS 0x000000008b900000, 0x000000008b900000| Complete 
| 118|0x000000008ba00000, 0x000000008bb00000, 0x000000008bb00000|100%| E|CS|TAMS 0x000000008ba00000, 0x000000008ba00000| Complete 
| 119|0x000000008bb00000, 0x000000008bc00000, 0x000000008bc00000|100%| E|CS|TAMS 0x000000008bb00000, 0x000000008bb00000| Complete 
| 120|0x000000008bc00000, 0x000000008bd00000, 0x000000008bd00000|100%| E|CS|TAMS 0x000000008bc00000, 0x000000008bc00000| Complete 
| 121|0x000000008bd00000, 0x000000008be00000, 0x000000008be00000|100%| E|CS|TAMS 0x000000008bd00000, 0x000000008bd00000| Complete 
| 122|0x000000008be00000, 0x000000008bf00000, 0x000000008bf00000|100%| E|CS|TAMS 0x000000008be00000, 0x000000008be00000| Complete 
| 123|0x000000008bf00000, 0x000000008c000000, 0x000000008c000000|100%| E|CS|TAMS 0x000000008bf00000, 0x000000008bf00000| Complete 
|1978|0x00000000ffe00000, 0x00000000ffe48000, 0x00000000fff00000| 28%|OA|  |TAMS 0x00000000ffe00000, 0x00000000ffe00000| Untracked 
|1979|0x00000000fff00000, 0x00000000fff6c000, 0x0000000100000000| 42%|CA|  |TAMS 0x00000000fff00000, 0x00000000fff00000| Untracked 

Card table byte_map: [0x00007fad386e1000,0x00007fad38abf000] _byte_map_base: 0x00007fad382bf000

Marking Bits (Prev, Next): (CMBitMap*) 0x00007fad340567f8, (CMBitMap*) 0x00007fad34056830
 Prev Bits: [0x00007fad16110000, 0x00007fad18000000)
 Next Bits: [0x00007fad14220000, 0x00007fad16110000)

Polling page: 0x00007fad395ae000

Metaspace:

Usage:
  Non-class:     10.88 MB capacity,    10.69 MB ( 98%) used,   166.74 KB (  1%) free+waste,    28.81 KB ( <1%) overhead. 
      Class:      1.07 MB capacity,   949.88 KB ( 87%) used,   129.24 KB ( 12%) free+waste,    13.88 KB (  1%) overhead. 
       Both:     11.95 MB capacity,    11.62 MB ( 97%) used,   295.98 KB (  2%) free+waste,    42.69 KB ( <1%) overhead. 

Virtual space:
  Non-class space:       12.00 MB reserved,      11.25 MB ( 94%) committed 
      Class space:        1.00 GB reserved,       1.12 MB ( <1%) committed 
             Both:        1.01 GB reserved,      12.38 MB (  1%) committed 

Chunk freelists:
   Non-Class:  239.00 KB
       Class:  27.00 KB
        Both:  266.00 KB

MaxMetaspaceSize: unlimited
CompressedClassSpaceSize: 1.00 GB
Initial GC threshold: 20.80 MB
Current GC threshold: 20.80 MB
CDS: on

CodeHeap 'non-profiled nmethods': size=120032Kb used=499Kb max_used=499Kb free=119532Kb
 bounds [0x00007fad242b9000, 0x00007fad24529000, 0x00007fad2b7f1000]
CodeHeap 'profiled nmethods': size=120032Kb used=2553Kb max_used=2553Kb free=117478Kb
 bounds [0x00007fad1cd81000, 0x00007fad1d001000, 0x00007fad242b9000]
CodeHeap 'non-nmethods': size=5696Kb used=1606Kb max_used=1618Kb free=4089Kb
 bounds [0x00007fad1c7f1000, 0x00007fad1ca61000, 0x00007fad1cd81000]
 total_blobs=2324 nmethods=1322 adapters=915
 compilation: enabled
              stopped_count=0, restarted_count=0
 full_count=0

Compilation events (20 events):
Event: 9.453 Thread 0x00007fad3411f800 1310       3       java.nio.DirectByteBuffer::asDoubleBuffer (163 bytes)
Event: 9.453 Thread 0x00007fad3411f800 nmethod 1310 0x00007fad1cff6a90 code [0x00007fad1cff6ca0, 0x00007fad1cff7290]
Event: 9.453 Thread 0x00007fad3411f800 1311       3       jogamp.opengl.gl4.GL4bcImpl::glClearColor (50 bytes)
Event: 9.454 Thread 0x00007fad3411f800 nmethod 1311 0x00007fad1cff7490 code [0x00007fad1cff7720, 0x00007fad1cff8310]
Event: 9.454 Thread 0x00007fad3411f800 1314       3       pong.Cena::drawGame (419 bytes)
Event: 9.455 Thread 0x00007fad3411f800 nmethod 1314 0x00007fad1cff8710 code [0x00007fad1cff8b60, 0x00007fad1cffa170]
Event: 9.455 Thread 0x00007fad3411f800 1316       3       com.jogamp.opengl.util.gl2.GLUT::glutSolidSphere (50 bytes)
Event: 9.456 Thread 0x00007fad3411f800 nmethod 1316 0x00007fad1cffa710 code [0x00007fad1cffa9e0, 0x00007fad1cffb860]
Event: 9.456 Thread 0x00007fad3411f800 1317       3       com.jogamp.opengl.util.gl2.GLUT::quadObjInit (33 bytes)
Event: 9.456 Thread 0x00007fad3411f800 nmethod 1317 0x00007fad1cffbd90 code [0x00007fad1cffbf80, 0x00007fad1cffc310]
Event: 9.456 Thread 0x00007fad3411f800 1318       3       com.jogamp.opengl.glu.GLU::gluNewQuadric (8 bytes)
Event: 9.456 Thread 0x00007fad3411f800 nmethod 1318 0x00007fad1cffc490 code [0x00007fad1cffc640, 0x00007fad1cffc7a0]
Event: 9.456 Thread 0x00007fad3411f800 1319       3       com.jogamp.opengl.glu.GLU::gluNewQuadric (63 bytes)
Event: 9.457 Thread 0x00007fad3411f800 nmethod 1319 0x00007fad1cffc890 code [0x00007fad1cffcba0, 0x00007fad1cffdce0]
Event: 9.457 Thread 0x00007fad3411f800 1320       3       jogamp.opengl.x11.glx.GLX::glXSwapBuffers (45 bytes)
Event: 9.457 Thread 0x00007fad3411f800 nmethod 1320 0x00007fad1cffe210 code [0x00007fad1cffe4c0, 0x00007fad1cfff090]
Event: 9.531 Thread 0x00007fad3411d800 1322       4       java.nio.Buffer::<init> (99 bytes)
Event: 9.532 Thread 0x00007fad3411d800 nmethod 1322 0x00007fad24335610 code [0x00007fad243357a0, 0x00007fad24335898]
Event: 11.077 Thread 0x00007fad3411d800 1323   !   4       jogamp.common.util.locks.RecursiveLockImpl01Unfairish::validateLocked (147 bytes)
Event: 11.079 Thread 0x00007fad3411d800 nmethod 1323 0x00007fad24335990 code [0x00007fad24335b20, 0x00007fad24335e18]

GC Heap History (2 events):
Event: 0.509 GC heap before
{Heap before GC invocations=0 (full 0):
 garbage-first heap   total 129024K, used 15056K [0x0000000084400000, 0x0000000100000000)
  region size 1024K, 14 young (14336K), 0 survivors (0K)
 Metaspace       used 9385K, capacity 9654K, committed 10112K, reserved 1058816K
  class space    used 729K, capacity 849K, committed 896K, reserved 1048576K
}
Event: 0.518 GC heap after
{Heap after GC invocations=1 (full 0):
 garbage-first heap   total 129024K, used 2468K [0x0000000084400000, 0x0000000100000000)
  region size 1024K, 2 young (2048K), 2 survivors (2048K)
 Metaspace       used 9385K, capacity 9654K, committed 10112K, reserved 1058816K
  class space    used 729K, capacity 849K, committed 896K, reserved 1048576K
}

Deoptimization events (20 events):
Event: 0.143 Thread 0x00007fad34016800 DEOPT PACKING pc=0x00007fad242bee9c sp=0x00007fad396f6870
Event: 0.143 Thread 0x00007fad34016800 DEOPT UNPACKING pc=0x00007fad1c83aea5 sp=0x00007fad396f67d0 mode 2
Event: 0.184 Thread 0x00007fad34016800 DEOPT PACKING pc=0x00007fad1cda3108 sp=0x00007fad396f59f0
Event: 0.184 Thread 0x00007fad34016800 DEOPT UNPACKING pc=0x00007fad1c83b64a sp=0x00007fad396f4e88 mode 0
Event: 0.189 Thread 0x00007fad34016800 DEOPT PACKING pc=0x00007fad1cda3108 sp=0x00007fad396f5300
Event: 0.189 Thread 0x00007fad34016800 DEOPT UNPACKING pc=0x00007fad1c83b64a sp=0x00007fad396f4770 mode 0
Event: 0.357 Thread 0x00007fad34016800 DEOPT PACKING pc=0x00007fad1cdb1024 sp=0x00007fad396f6780
Event: 0.357 Thread 0x00007fad34016800 DEOPT UNPACKING pc=0x00007fad1c83b64a sp=0x00007fad396f5bf8 mode 0
Event: 0.962 Thread 0x00007fad34016800 DEOPT PACKING pc=0x00007fad1cddfdc2 sp=0x00007fad396f6300
Event: 0.962 Thread 0x00007fad34016800 DEOPT UNPACKING pc=0x00007fad1c83b64a sp=0x00007fad396f5788 mode 0
Event: 0.975 Thread 0x00007fad34016800 Uncommon trap: trap_request=0xffffff4d fr.pc=0x00007fad24309834 relative=0x0000000000000094
Event: 0.975 Thread 0x00007fad34016800 Uncommon trap: reason=unstable_if action=reinterpret pc=0x00007fad24309834 method=java.lang.reflect.AccessibleObject.checkCanSetAccessible(Ljava/lang/Class;Ljava/lang/Class;Z)Z @ 30 c2
Event: 0.975 Thread 0x00007fad34016800 DEOPT PACKING pc=0x00007fad24309834 sp=0x00007fad396f7e40
Event: 0.975 Thread 0x00007fad34016800 DEOPT UNPACKING pc=0x00007fad1c83aea5 sp=0x00007fad396f7dc0 mode 2
Event: 0.989 Thread 0x00007fad34016800 DEOPT PACKING pc=0x00007fad1cda70cf sp=0x00007fad396f8be0
Event: 0.989 Thread 0x00007fad34016800 DEOPT UNPACKING pc=0x00007fad1c83b64a sp=0x00007fad396f8088 mode 0
Event: 1.726 Thread 0x00007fad344b7000 DEOPT PACKING pc=0x00007fad1cf78459 sp=0x00007fac8a92efd0
Event: 1.726 Thread 0x00007fad344b7000 DEOPT UNPACKING pc=0x00007fad1c83b64a sp=0x00007fac8a92e5f0 mode 0
Event: 1.774 Thread 0x00007fad344b7000 DEOPT PACKING pc=0x00007fad1cf78459 sp=0x00007fac8a92efd0
Event: 1.774 Thread 0x00007fad344b7000 DEOPT UNPACKING pc=0x00007fad1c83b64a sp=0x00007fac8a92e5f0 mode 0

Classes redefined (0 events):
No events

Internal exceptions (19 events):
Event: 0.078 Thread 0x00007fad34016800 Exception <a 'java/lang/NoSuchMethodError'{0x000000008beaca88}: 'int java.lang.invoke.DirectMethodHandle$Holder.invokeSpecialIFC(java.lang.Object, java.lang.Object, int)'> (0x000000008beaca88) thrown at [src/hotspot/share/interpreter/linkResolver.cpp, line 772]
Event: 0.129 Thread 0x00007fad34016800 Exception <a 'java/lang/NoSuchMethodError'{0x000000008bde12b0}: 'java.lang.Object java.lang.invoke.DirectMethodHandle$Holder.invokeStaticInit(java.lang.Object, java.lang.Object, long, java.lang.Object)'> (0x000000008bde12b0) thrown at [src/hotspot/share/interpreter/linkResolver.cpp, line 772]
Event: 0.130 Thread 0x00007fad34016800 Exception <a 'java/lang/NoSuchMethodError'{0x000000008bded410}: 'java.lang.Object java.lang.invoke.Invokers$Holder.linkToTargetMethod(java.lang.Object, long, java.lang.Object)'> (0x000000008bded410) thrown at [src/hotspot/share/interpreter/linkResolver.cpp, line 772]
Event: 0.132 Thread 0x00007fad34016800 Exception <a 'java/lang/NoSuchMethodError'{0x000000008bdf7438}: 'java.lang.Object java.lang.invoke.DirectMethodHandle$Holder.invokeStatic(java.lang.Object, java.lang.Object, java.lang.Object, int)'> (0x000000008bdf7438) thrown at [src/hotspot/share/interpreter/linkResolver.cpp, line 772]
Event: 0.133 Thread 0x00007fad34016800 Exception <a 'java/lang/NoSuchMethodError'{0x000000008bdfdf10}: 'java.lang.Object java.lang.invoke.Invokers$Holder.linkToTargetMethod(java.lang.Object, java.lang.Object, int, java.lang.Object)'> (0x000000008bdfdf10) thrown at [src/hotspot/share/interpreter/linkResolver.cpp, line 772]
Event: 0.190 Thread 0x00007fad34016800 Exception <a 'java/lang/ClassNotFoundException'{0x000000008ba01c88}: sun/awt/resources/spi/awtProvider> (0x000000008ba01c88) thrown at [src/hotspot/share/classfile/systemDictionary.cpp, line 230]
Event: 0.214 Thread 0x00007fad34016800 Exception <a 'java/io/FileNotFoundException'{0x000000008ba86430}> (0x000000008ba86430) thrown at [src/hotspot/share/prims/jni.cpp, line 617]
Event: 0.222 Thread 0x00007fad34016800 Exception <a 'java/lang/NoSuchMethodError'{0x000000008bae1740}: 'java.lang.Object java.lang.invoke.DirectMethodHandle$Holder.invokeStatic(java.lang.Object, java.lang.Object, java.lang.Object, java.lang.Object, java.lang.Object, java.lang.Object, java.lang.Object, java.lang.Object, java.lang.Object, java.lang.Object, java.lang.Object, java.lang.Object, java.lang.Object, java.lang.Object, java.lang.Object)'> (0x000000008bae1740) thrown at [src/hotspot/share/interpreter/linkResolver.cpp, line 772]
Event: 0.224 Thread 0x00007fad34016800 Exception <a 'java/lang/NoSuchMethodError'{0x000000008baef2f0}: 'java.lang.Object java.lang.invoke.DirectMethodHandle$Holder.invokeStatic(java.lang.Object, java.lang.Object, java.lang.Object, java.lang.Object, java.lang.Object, java.lang.Object, java.lang.Object, java.lang.Object, java.lang.Object, java.lang.Object, java.lang.Object, java.lang.Object, java.lang.Object, java.lang.Object, java.lang.Object, java.lang.Object)'> (0x000000008baef2f0) thrown at [src/hotspot/share/interpreter/linkResolver.cpp, lin
Event: 0.225 Thread 0x00007fad34016800 Exception <a 'java/lang/NoSuchMethodError'{0x000000008bafcf60}: 'java.lang.Object java.lang.invoke.DirectMethodHandle$Holder.invokeSpecial(java.lang.Object, java.lang.Object, int, int, java.lang.Object, java.lang.Object, java.lang.Object)'> (0x000000008bafcf60) thrown at [src/hotspot/share/interpreter/linkResolver.cpp, line 772]
Event: 0.230 Thread 0x00007fad34016800 Exception <a 'java/lang/NoSuchMethodError'{0x000000008b900ab0}: 'java.lang.Object java.lang.invoke.DelegatingMethodHandle$Holder.reinvoke_L(java.lang.Object, int, int, java.lang.Object, java.lang.Object, java.lang.Object)'> (0x000000008b900ab0) thrown at [src/hotspot/share/interpreter/linkResolver.cpp, line 772]
Event: 0.230 Thread 0x00007fad34016800 Exception <a 'java/lang/NoSuchMethodError'{0x000000008b9049d8}: 'java.lang.Object java.lang.invoke.DirectMethodHandle$Holder.invokeStatic(java.lang.Object, java.lang.Object, java.lang.Object, java.lang.Object, int)'> (0x000000008b9049d8) thrown at [src/hotspot/share/interpreter/linkResolver.cpp, line 772]
Event: 0.296 Thread 0x00007fad34016800 Exception <a 'java/lang/NoSuchMethodError'{0x000000008b856958}: 'java.lang.Object java.lang.invoke.DirectMethodHandle$Holder.invokeStatic(java.lang.Object, java.lang.Object, java.lang.Object, java.lang.Object, java.lang.Object, java.lang.Object, java.lang.Object, java.lang.Object, int)'> (0x000000008b856958) thrown at [src/hotspot/share/interpreter/linkResolver.cpp, line 772]
Event: 0.298 Thread 0x00007fad34016800 Exception <a 'java/lang/NoSuchMethodError'{0x000000008b870a38}: 'java.lang.Object java.lang.invoke.DirectMethodHandle$Holder.invokeStatic(java.lang.Object, java.lang.Object, java.lang.Object, java.lang.Object, java.lang.Object, java.lang.Object, java.lang.Object, java.lang.Object, int, int)'> (0x000000008b870a38) thrown at [src/hotspot/share/interpreter/linkResolver.cpp, line 772]
Event: 0.299 Thread 0x00007fad34016800 Exception <a 'java/lang/NoSuchMethodError'{0x000000008b87cbc0}: 'void java.lang.invoke.DirectMethodHandle$Holder.invokeSpecial(java.lang.Object, java.lang.Object)'> (0x000000008b87cbc0) thrown at [src/hotspot/share/interpreter/linkResolver.cpp, line 772]
Event: 0.307 Thread 0x00007fad34016800 Exception <a 'java/lang/NoSuchMethodError'{0x000000008b8bf238}: 'java.lang.Object java.lang.invoke.DirectMethodHandle$Holder.invokeSpecial(java.lang.Object, java.lang.Object, long)'> (0x000000008b8bf238) thrown at [src/hotspot/share/interpreter/linkResolver.cpp, line 772]
Event: 0.353 Thread 0x00007fad343d4800 Exception <a 'java/lang/NoSuchMethodError'{0x000000008b7dcf30}: 'java.lang.Object java.lang.invoke.Invokers$Holder.linkToTargetMethod(java.lang.Object, int, java.lang.Object)'> (0x000000008b7dcf30) thrown at [src/hotspot/share/interpreter/linkResolver.cpp, line 772]
Event: 1.102 Thread 0x00007fad344b7000 Exception <a 'java/lang/NoSuchMethodError'{0x000000008b509b98}: 'java.lang.Object java.lang.invoke.DirectMethodHandle$Holder.invokeStatic(java.lang.Object, java.lang.Object, java.lang.Object, java.lang.Object, java.lang.Object, java.lang.Object, java.lang.Object, java.lang.Object, java.lang.Object, java.lang.Object, java.lang.Object, java.lang.Object, java.lang.Object, int)'> (0x000000008b509b98) thrown at [src/hotspot/share/interpreter/linkResolver.cpp, line 772]
Event: 1.103 Thread 0x00007fad344b7000 Exception <a 'java/lang/NoSuchMethodError'{0x000000008b516120}: 'java.lang.Object java.lang.invoke.DirectMethodHandle$Holder.invokeStatic(java.lang.Object, java.lang.Object, java.lang.Object, java.lang.Object, java.lang.Object, java.lang.Object, java.lang.Object, java.lang.Object, java.lang.Object, java.lang.Object, java.lang.Object, java.lang.Object, java.lang.Object, int, int)'> (0x000000008b516120) thrown at [src/hotspot/share/interpreter/linkResolver.cpp, line 772]

Events (20 events):
Event: 11.299 loading class java/nio/channels/ClosedChannelException
Event: 11.299 loading class java/nio/channels/ClosedChannelException done
Event: 11.299 loading class jogamp/newt/DisplayImpl$6
Event: 11.299 loading class jogamp/newt/DisplayImpl$6 done
Event: 11.299 Thread 0x00007faca4543800 Thread exited: 0x00007faca4543800
Event: 11.299 Thread 0x00007faca45c5800 Thread exited: 0x00007faca45c5800
Event: 11.299 Executing VM operation: RevokeBias
Event: 11.299 Executing VM operation: RevokeBias done
Event: 11.319 Executing VM operation: RevokeBias
Event: 11.320 Executing VM operation: RevokeBias done
Event: 11.325 Executing VM operation: RevokeBias
Event: 11.325 Executing VM operation: RevokeBias done
Event: 11.325 Executing VM operation: RevokeBias
Event: 11.325 Executing VM operation: RevokeBias done
Event: 11.325 Thread 0x00007fad3443a000 Thread exited: 0x00007fad3443a000
Event: 11.326 Thread 0x00007fad3445c000 Thread exited: 0x00007fad3445c000
Event: 11.326 Executing VM operation: RevokeBias
Event: 11.326 Executing VM operation: RevokeBias done
Event: 11.327 Thread 0x00007faca45ba000 Thread exited: 0x00007faca45ba000
Event: 11.327 Executing VM operation: Exit


Dynamic libraries:
84400000-8c000000 rw-p 00000000 00:00 0 
8c000000-ffe00000 ---p 00000000 00:00 0 
ffe00000-ffe48000 rw-p 00b13000 08:20 55858                              /usr/lib/jvm/java-11-openjdk-amd64/lib/server/classes.jsa
ffe48000-fff00000 rw-p 00000000 00:00 0 
fff00000-fff6c000 rw-p 00aa7000 08:20 55858                              /usr/lib/jvm/java-11-openjdk-amd64/lib/server/classes.jsa
fff6c000-100000000 rw-p 00000000 00:00 0 
800000000-800002000 rwxp 00001000 08:20 55858                            /usr/lib/jvm/java-11-openjdk-amd64/lib/server/classes.jsa
800002000-8003ce000 rw-p 00003000 08:20 55858                            /usr/lib/jvm/java-11-openjdk-amd64/lib/server/classes.jsa
8003ce000-800aa5000 r--p 003cf000 08:20 55858                            /usr/lib/jvm/java-11-openjdk-amd64/lib/server/classes.jsa
800aa5000-800aa6000 rw-p 00aa6000 08:20 55858                            /usr/lib/jvm/java-11-openjdk-amd64/lib/server/classes.jsa
840000000-840120000 rw-p 00000000 00:00 0 
840120000-880000000 ---p 00000000 00:00 0 
564367bbb000-564367bbc000 r--p 00000000 08:20 55358                      /usr/lib/jvm/java-11-openjdk-amd64/bin/java
564367bbc000-564367bbd000 r-xp 00001000 08:20 55358                      /usr/lib/jvm/java-11-openjdk-amd64/bin/java
564367bbd000-564367bbe000 r--p 00002000 08:20 55358                      /usr/lib/jvm/java-11-openjdk-amd64/bin/java
564367bbe000-564367bbf000 r--p 00002000 08:20 55358                      /usr/lib/jvm/java-11-openjdk-amd64/bin/java
564367bbf000-564367bc0000 rw-p 00003000 08:20 55358                      /usr/lib/jvm/java-11-openjdk-amd64/bin/java
564367fb0000-564367fd1000 rw-p 00000000 00:00 0                          [heap]
7fac84000000-7fac84021000 rw-p 00000000 00:00 0 
7fac84021000-7fac88000000 ---p 00000000 00:00 0 
7fac88c0d000-7fac88c11000 ---p 00000000 00:00 0 
7fac88c11000-7fac88d0e000 rw-p 00000000 00:00 0 
7fac89634000-7fac89a3c000 rw-s 00000000 00:01 131129                     /SYSV00000000 (deleted)
7fac8a830000-7fac8a834000 ---p 00000000 00:00 0 
7fac8a834000-7fac8a931000 rw-p 00000000 00:00 0 
7fac8a931000-7fac8a935000 ---p 00000000 00:00 0 
7fac8a935000-7fac8ab72000 rw-p 00000000 00:00 0 
7fac8ab72000-7fac8ac32000 ---p 00000000 00:00 0 
7fac8ac32000-7fac8ac43000 r-xp 00000000 08:20 89603                      /tmp/jogamp_0000/file_cache/jln12140938706830127949/jln9092741853247314514/natives/linux-amd64/libnewt.so
7fac8ac43000-7fac8ae42000 ---p 00011000 08:20 89603                      /tmp/jogamp_0000/file_cache/jln12140938706830127949/jln9092741853247314514/natives/linux-amd64/libnewt.so
7fac8ae42000-7fac8ae43000 rw-p 00010000 08:20 89603                      /tmp/jogamp_0000/file_cache/jln12140938706830127949/jln9092741853247314514/natives/linux-amd64/libnewt.so
7fac8ae83000-7fac8ae87000 rw-s 00000000 00:01 131128                     /SYSV00000000 (deleted)
7fac8bc57000-7fac8bc70000 r--p 00000000 08:20 7475                       /usr/lib/x86_64-linux-gnu/libGLX_mesa.so.0.0.0
7fac8bc70000-7fac8bcb4000 r-xp 00019000 08:20 7475                       /usr/lib/x86_64-linux-gnu/libGLX_mesa.so.0.0.0
7fac8bcb4000-7fac8bccb000 r--p 0005d000 08:20 7475                       /usr/lib/x86_64-linux-gnu/libGLX_mesa.so.0.0.0
7fac8bccb000-7fac8bcce000 r--p 00073000 08:20 7475                       /usr/lib/x86_64-linux-gnu/libGLX_mesa.so.0.0.0
7fac8bcce000-7fac8bccf000 rw-p 00076000 08:20 7475                       /usr/lib/x86_64-linux-gnu/libGLX_mesa.so.0.0.0
7fac8bccf000-7fac8bcd0000 rw-p 00000000 00:00 0 
7fac8c000000-7fac8c02a000 rw-p 00000000 00:00 0 
7fac8c02a000-7fac90000000 ---p 00000000 00:00 0 
7fac9001c000-7fac9001d000 rwxp 00000000 00:00 0 
7fac9002d000-7fac9002e000 r--p 00000000 08:20 12746                      /usr/lib/x86_64-linux-gnu/libxcb-shm.so.0.0.0
7fac9002e000-7fac9002f000 r-xp 00001000 08:20 12746                      /usr/lib/x86_64-linux-gnu/libxcb-shm.so.0.0.0
7fac9002f000-7fac90030000 r--p 00002000 08:20 12746                      /usr/lib/x86_64-linux-gnu/libxcb-shm.so.0.0.0
7fac90030000-7fac90031000 r--p 00002000 08:20 12746                      /usr/lib/x86_64-linux-gnu/libxcb-shm.so.0.0.0
7fac90031000-7fac90032000 rw-p 00003000 08:20 12746                      /usr/lib/x86_64-linux-gnu/libxcb-shm.so.0.0.0
7fac90032000-7fac9003d000 r--p 00000000 08:20 12738                      /usr/lib/x86_64-linux-gnu/libxcb-glx.so.0.0.0
7fac9003d000-7fac90046000 r-xp 0000b000 08:20 12738                      /usr/lib/x86_64-linux-gnu/libxcb-glx.so.0.0.0
7fac90046000-7fac9004b000 r--p 00014000 08:20 12738                      /usr/lib/x86_64-linux-gnu/libxcb-glx.so.0.0.0
7fac9004b000-7fac9004c000 ---p 00019000 08:20 12738                      /usr/lib/x86_64-linux-gnu/libxcb-glx.so.0.0.0
7fac9004c000-7fac9004e000 r--p 00019000 08:20 12738                      /usr/lib/x86_64-linux-gnu/libxcb-glx.so.0.0.0
7fac9004e000-7fac9004f000 rw-p 0001b000 08:20 12738                      /usr/lib/x86_64-linux-gnu/libxcb-glx.so.0.0.0
7fac9004f000-7fac90050000 r--p 00000000 08:20 12130                      /usr/lib/x86_64-linux-gnu/libXinerama.so.1.0.0
7fac90050000-7fac90051000 r-xp 00001000 08:20 12130                      /usr/lib/x86_64-linux-gnu/libXinerama.so.1.0.0
7fac90051000-7fac90052000 r--p 00002000 08:20 12130                      /usr/lib/x86_64-linux-gnu/libXinerama.so.1.0.0
7fac90052000-7fac90053000 r--p 00002000 08:20 12130                      /usr/lib/x86_64-linux-gnu/libXinerama.so.1.0.0
7fac90053000-7fac90054000 rw-p 00003000 08:20 12130                      /usr/lib/x86_64-linux-gnu/libXinerama.so.1.0.0
7fac90e51000-7fac90e52000 ---p 00000000 00:00 0 
7fac90e52000-7fac91652000 rw-p 00000000 00:00 0 
7fac91652000-7fac91653000 ---p 00000000 00:00 0 
7fac91653000-7fac91e53000 rw-p 00000000 00:00 0 
7fac91e53000-7fac91e54000 ---p 00000000 00:00 0 
7fac91e54000-7fac92654000 rw-p 00000000 00:00 0 
7fac92654000-7fac92655000 ---p 00000000 00:00 0 
7fac92655000-7fac92e55000 rw-p 00000000 00:00 0 
7fac933e5000-7fac933e6000 ---p 00000000 00:00 0 
7fac933e6000-7fac93be6000 rw-p 00000000 00:00 0 
7fac93d06000-7fac950f6000 r--p 00000000 00:1c 13792273858927023          /usr/lib/wsl/drivers/nv_dispi.inf_amd64_d3828c822366e497/libnvwgf2umx.so
7fac950f6000-7fac96d3b000 r-xp 013f0000 00:1c 13792273858927023          /usr/lib/wsl/drivers/nv_dispi.inf_amd64_d3828c822366e497/libnvwgf2umx.so
7fac96d3b000-7fac96e45000 r--p 03035000 00:1c 13792273858927023          /usr/lib/wsl/drivers/nv_dispi.inf_amd64_d3828c822366e497/libnvwgf2umx.so
7fac96e45000-7fac98c6e000 rw-p 0313f000 00:1c 13792273858927023          /usr/lib/wsl/drivers/nv_dispi.inf_amd64_d3828c822366e497/libnvwgf2umx.so
7fac98c6e000-7fac98cbf000 rw-p 00000000 00:00 0 
7fac98cbf000-7fac9dee0000 r-xp 00000000 08:20 7651                       /usr/lib/x86_64-linux-gnu/libLLVM-12.so.1
7fac9dee0000-7fac9e3f9000 r--p 05220000 08:20 7651                       /usr/lib/x86_64-linux-gnu/libLLVM-12.so.1
7fac9e3f9000-7fac9e400000 rw-p 05739000 08:20 7651                       /usr/lib/x86_64-linux-gnu/libLLVM-12.so.1
7fac9e400000-7fac9e475000 rw-p 00000000 00:00 0 
7fac9e475000-7fac9e60b000 r--p 00000000 08:20 7530                       /usr/lib/x86_64-linux-gnu/dri/swrast_dri.so
7fac9e60b000-7fac9f6b6000 r-xp 00196000 08:20 7530                       /usr/lib/x86_64-linux-gnu/dri/swrast_dri.so
7fac9f6b6000-7fac9fb7c000 r--p 01241000 08:20 7530                       /usr/lib/x86_64-linux-gnu/dri/swrast_dri.so
7fac9fb7c000-7fac9fcaa000 r--p 01706000 08:20 7530                       /usr/lib/x86_64-linux-gnu/dri/swrast_dri.so
7fac9fcaa000-7fac9fde2000 rw-p 01834000 08:20 7530                       /usr/lib/x86_64-linux-gnu/dri/swrast_dri.so
7fac9fde2000-7faca0000000 rw-p 00000000 00:00 0 
7faca0000000-7faca02f5000 rw-p 00000000 00:00 0 
7faca02f5000-7faca4000000 ---p 00000000 00:00 0 
7faca4000000-7faca4623000 rw-p 00000000 00:00 0 
7faca4623000-7faca8000000 ---p 00000000 00:00 0 
7faca8000000-7faca8021000 rw-p 00000000 00:00 0 
7faca8021000-7facac000000 ---p 00000000 00:00 0 
7facac000000-7facac021000 rw-p 00000000 00:00 0 
7facac021000-7facb0000000 ---p 00000000 00:00 0 
7facb0000000-7facb002e000 rw-p 00000000 00:00 0 
7facb002e000-7facb4000000 ---p 00000000 00:00 0 
7facb4000000-7facb434b000 rw-p 00000000 00:00 0 
7facb434b000-7facb8000000 ---p 00000000 00:00 0 
7facb8000000-7facb8021000 rw-p 00000000 00:00 0 
7facb8021000-7facbc000000 ---p 00000000 00:00 0 
7facbc000000-7facbc021000 rw-p 00000000 00:00 0 
7facbc021000-7facc0000000 ---p 00000000 00:00 0 
7facc0000000-7facc0021000 rw-p 00000000 00:00 0 
7facc0021000-7facc4000000 ---p 00000000 00:00 0 
7facc4000000-7facc4021000 rw-p 00000000 00:00 0 
7facc4021000-7facc8000000 ---p 00000000 00:00 0 
7facc8000000-7facc8021000 rw-p 00000000 00:00 0 
7facc8021000-7faccc000000 ---p 00000000 00:00 0 
7faccc000000-7faccc021000 rw-p 00000000 00:00 0 
7faccc021000-7facd0000000 ---p 00000000 00:00 0 
7facd0706000-7facd074a000 r--p 00000000 00:1e 844424930163017            /usr/lib/wsl/lib/libd3d12.so
7facd074a000-7facd07c3000 r-xp 00043000 00:1e 844424930163017            /usr/lib/wsl/lib/libd3d12.so
7facd07c3000-7facd07cb000 r--p 000bb000 00:1e 844424930163017            /usr/lib/wsl/lib/libd3d12.so
7facd07cb000-7facd07cd000 rw-p 000c2000 00:1e 844424930163017            /usr/lib/wsl/lib/libd3d12.so
7facd07cd000-7facd07d0000 rw-p 00000000 00:00 0 
7facd07d0000-7facd0813000 r--p 00000000 00:1e 562949953452363            /usr/lib/wsl/lib/libdxcore.so
7facd0813000-7facd0894000 r-xp 00042000 00:1e 562949953452363            /usr/lib/wsl/lib/libdxcore.so
7facd0894000-7facd089c000 r--p 000c2000 00:1e 562949953452363            /usr/lib/wsl/lib/libdxcore.so
7facd089c000-7facd089e000 rw-p 000c9000 00:1e 562949953452363            /usr/lib/wsl/lib/libdxcore.so
7facd089e000-7facd08a1000 rw-p 00000000 00:00 0 
7facd08a1000-7facd08af000 r--p 00000000 08:20 29017                      /usr/lib/x86_64-linux-gnu/libtinfo.so.6.2
7facd08af000-7facd08be000 r-xp 0000e000 08:20 29017                      /usr/lib/x86_64-linux-gnu/libtinfo.so.6.2
7facd08be000-7facd08cc000 r--p 0001d000 08:20 29017                      /usr/lib/x86_64-linux-gnu/libtinfo.so.6.2
7facd08cc000-7facd08d0000 r--p 0002a000 08:20 29017                      /usr/lib/x86_64-linux-gnu/libtinfo.so.6.2
7facd08d0000-7facd08d1000 rw-p 0002e000 08:20 29017                      /usr/lib/x86_64-linux-gnu/libtinfo.so.6.2
7facd08d1000-7facd08d9000 r--p 00000000 08:20 12278                      /usr/lib/x86_64-linux-gnu/libedit.so.2.0.63
7facd08d9000-7facd08f4000 r-xp 00008000 08:20 12278                      /usr/lib/x86_64-linux-gnu/libedit.so.2.0.63
7facd08f4000-7facd0902000 r--p 00023000 08:20 12278                      /usr/lib/x86_64-linux-gnu/libedit.so.2.0.63
7facd0902000-7facd0904000 r--p 00030000 08:20 12278                      /usr/lib/x86_64-linux-gnu/libedit.so.2.0.63
7facd0904000-7facd0905000 rw-p 00032000 08:20 12278                      /usr/lib/x86_64-linux-gnu/libedit.so.2.0.63
7facd0905000-7facd0909000 rw-p 00000000 00:00 0 
7facd0909000-7facd0918000 r--p 00000000 08:20 12723                      /usr/lib/x86_64-linux-gnu/libvulkan.so.1.2.131
7facd0918000-7facd094a000 r-xp 0000f000 08:20 12723                      /usr/lib/x86_64-linux-gnu/libvulkan.so.1.2.131
7facd094a000-7facd095d000 r--p 00041000 08:20 12723                      /usr/lib/x86_64-linux-gnu/libvulkan.so.1.2.131
7facd095d000-7facd095e000 r--p 00053000 08:20 12723                      /usr/lib/x86_64-linux-gnu/libvulkan.so.1.2.131
7facd095e000-7facd095f000 rw-p 00054000 08:20 12723                      /usr/lib/x86_64-linux-gnu/libvulkan.so.1.2.131
7facd095f000-7facd0961000 r--p 00000000 08:20 5188                       /usr/lib/x86_64-linux-gnu/libdrm_nouveau.so.2.0.0
7facd0961000-7facd0966000 r-xp 00002000 08:20 5188                       /usr/lib/x86_64-linux-gnu/libdrm_nouveau.so.2.0.0
7facd0966000-7facd0968000 r--p 00007000 08:20 5188                       /usr/lib/x86_64-linux-gnu/libdrm_nouveau.so.2.0.0
7facd0968000-7facd0969000 r--p 00008000 08:20 5188                       /usr/lib/x86_64-linux-gnu/libdrm_nouveau.so.2.0.0
7facd0969000-7facd096a000 rw-p 00009000 08:20 5188                       /usr/lib/x86_64-linux-gnu/libdrm_nouveau.so.2.0.0
7facd096a000-7facd096d000 r--p 00000000 08:20 5158                       /usr/lib/x86_64-linux-gnu/libdrm_amdgpu.so.1.0.0
7facd096d000-7facd0972000 r-xp 00003000 08:20 5158                       /usr/lib/x86_64-linux-gnu/libdrm_amdgpu.so.1.0.0
7facd0972000-7facd0974000 r--p 00008000 08:20 5158                       /usr/lib/x86_64-linux-gnu/libdrm_amdgpu.so.1.0.0
7facd0974000-7facd0975000 r--p 00009000 08:20 5158                       /usr/lib/x86_64-linux-gnu/libdrm_amdgpu.so.1.0.0
7facd0975000-7facd0976000 rw-p 0000a000 08:20 5158                       /usr/lib/x86_64-linux-gnu/libdrm_amdgpu.so.1.0.0
7facd0976000-7facd0979000 r--p 00000000 08:20 12283                      /usr/lib/x86_64-linux-gnu/libelf-0.176.so
7facd0979000-7facd098b000 r-xp 00003000 08:20 12283                      /usr/lib/x86_64-linux-gnu/libelf-0.176.so
7facd098b000-7facd0990000 r--p 00015000 08:20 12283                      /usr/lib/x86_64-linux-gnu/libelf-0.176.so
7facd0990000-7facd0991000 r--p 00019000 08:20 12283                      /usr/lib/x86_64-linux-gnu/libelf-0.176.so
7facd0991000-7facd0992000 rw-p 0001a000 08:20 12283                      /usr/lib/x86_64-linux-gnu/libelf-0.176.so
7facd0992000-7facd0994000 r--p 00000000 08:20 5210                       /usr/lib/x86_64-linux-gnu/libdrm_radeon.so.1.0.1
7facd0994000-7facd099b000 r-xp 00002000 08:20 5210                       /usr/lib/x86_64-linux-gnu/libdrm_radeon.so.1.0.1
7facd099b000-7facd099f000 r--p 00009000 08:20 5210                       /usr/lib/x86_64-linux-gnu/libdrm_radeon.so.1.0.1
7facd099f000-7facd09a0000 r--p 0000c000 08:20 5210                       /usr/lib/x86_64-linux-gnu/libdrm_radeon.so.1.0.1
7facd09a0000-7facd09a1000 rw-p 0000d000 08:20 5210                       /usr/lib/x86_64-linux-gnu/libdrm_radeon.so.1.0.1
7facd09a1000-7facd09a4000 r--p 00000000 08:20 7682                       /usr/lib/x86_64-linux-gnu/libsensors.so.5.0.0
7facd09a4000-7facd09ab000 r-xp 00003000 08:20 7682                       /usr/lib/x86_64-linux-gnu/libsensors.so.5.0.0
7facd09ab000-7facd09b0000 r--p 0000a000 08:20 7682                       /usr/lib/x86_64-linux-gnu/libsensors.so.5.0.0
7facd09b0000-7facd09b1000 r--p 0000e000 08:20 7682                       /usr/lib/x86_64-linux-gnu/libsensors.so.5.0.0
7facd09b1000-7facd09b2000 rw-p 0000f000 08:20 7682                       /usr/lib/x86_64-linux-gnu/libsensors.so.5.0.0
7facd09b2000-7facd09b6000 r--p 00000000 08:20 12774                      /usr/lib/x86_64-linux-gnu/libzstd.so.1.4.4
7facd09b6000-7facd0a48000 r-xp 00004000 08:20 12774                      /usr/lib/x86_64-linux-gnu/libzstd.so.1.4.4
7facd0a48000-7facd0a59000 r--p 00096000 08:20 12774                      /usr/lib/x86_64-linux-gnu/libzstd.so.1.4.4
7facd0a59000-7facd0a5a000 r--p 000a6000 08:20 12774                      /usr/lib/x86_64-linux-gnu/libzstd.so.1.4.4
7facd0a5a000-7facd0a5b000 rw-p 000a7000 08:20 12774                      /usr/lib/x86_64-linux-gnu/libzstd.so.1.4.4
7facd0a5b000-7facd0a5f000 ---p 00000000 00:00 0 
7facd0a5f000-7facd0b5c000 rw-p 00000000 00:00 0 
7facd0b5c000-7facd0b5d000 ---p 00000000 00:00 0 
7facd0b5d000-7facd0c5e000 rw-p 00000000 00:00 0 
7facd0c5e000-7facd0c5f000 ---p 00000000 00:00 0 
7facd0c5f000-7facd0d60000 rw-p 00000000 00:00 0 
7facd0d60000-7facd0d61000 ---p 00000000 00:00 0 
7facd0d61000-7facd0e62000 rw-p 00000000 00:00 0 
7facd0e62000-7facd0e63000 r-xp 00000000 08:20 12764                      /usr/lib/x86_64-linux-gnu/libxshmfence.so.1.0.0
7facd0e63000-7facd1062000 ---p 00001000 08:20 12764                      /usr/lib/x86_64-linux-gnu/libxshmfence.so.1.0.0
7facd1062000-7facd1063000 r--p 00000000 08:20 12764                      /usr/lib/x86_64-linux-gnu/libxshmfence.so.1.0.0
7facd1063000-7facd1064000 rw-p 00001000 08:20 12764                      /usr/lib/x86_64-linux-gnu/libxshmfence.so.1.0.0
7facd1064000-7facd1067000 r--p 00000000 08:20 12748                      /usr/lib/x86_64-linux-gnu/libxcb-sync.so.1.0.0
7facd1067000-7facd106a000 r-xp 00003000 08:20 12748                      /usr/lib/x86_64-linux-gnu/libxcb-sync.so.1.0.0
7facd106a000-7facd106b000 r--p 00006000 08:20 12748                      /usr/lib/x86_64-linux-gnu/libxcb-sync.so.1.0.0
7facd106b000-7facd106c000 ---p 00007000 08:20 12748                      /usr/lib/x86_64-linux-gnu/libxcb-sync.so.1.0.0
7facd106c000-7facd106d000 r--p 00007000 08:20 12748                      /usr/lib/x86_64-linux-gnu/libxcb-sync.so.1.0.0
7facd106d000-7facd106e000 rw-p 00008000 08:20 12748                      /usr/lib/x86_64-linux-gnu/libxcb-sync.so.1.0.0
7facd106e000-7facd106f000 r--p 00000000 08:20 12740                      /usr/lib/x86_64-linux-gnu/libxcb-present.so.0.0.0
7facd106f000-7facd1070000 r-xp 00001000 08:20 12740                      /usr/lib/x86_64-linux-gnu/libxcb-present.so.0.0.0
7facd1070000-7facd1071000 r--p 00002000 08:20 12740                      /usr/lib/x86_64-linux-gnu/libxcb-present.so.0.0.0
7facd1071000-7facd1072000 r--p 00002000 08:20 12740                      /usr/lib/x86_64-linux-gnu/libxcb-present.so.0.0.0
7facd1072000-7facd1073000 rw-p 00003000 08:20 12740                      /usr/lib/x86_64-linux-gnu/libxcb-present.so.0.0.0
7facd1073000-7facd1075000 r--p 00000000 08:20 12736                      /usr/lib/x86_64-linux-gnu/libxcb-dri3.so.0.0.0
7facd1075000-7facd1076000 r-xp 00002000 08:20 12736                      /usr/lib/x86_64-linux-gnu/libxcb-dri3.so.0.0.0
7facd1076000-7facd1077000 r--p 00003000 08:20 12736                      /usr/lib/x86_64-linux-gnu/libxcb-dri3.so.0.0.0
7facd1077000-7facd1078000 r--p 00003000 08:20 12736                      /usr/lib/x86_64-linux-gnu/libxcb-dri3.so.0.0.0
7facd1078000-7facd1079000 rw-p 00004000 08:20 12736                      /usr/lib/x86_64-linux-gnu/libxcb-dri3.so.0.0.0
7facd1079000-7facd107f000 r--p 00000000 08:20 56846                      /usr/lib/x86_64-linux-gnu/libwayland-server.so.0.1.0
7facd107f000-7facd1087000 r-xp 00006000 08:20 56846                      /usr/lib/x86_64-linux-gnu/libwayland-server.so.0.1.0
7facd1087000-7facd108b000 r--p 0000e000 08:20 56846                      /usr/lib/x86_64-linux-gnu/libwayland-server.so.0.1.0
7facd108b000-7facd108c000 ---p 00012000 08:20 56846                      /usr/lib/x86_64-linux-gnu/libwayland-server.so.0.1.0
7facd108c000-7facd108e000 r--p 00012000 08:20 56846                      /usr/lib/x86_64-linux-gnu/libwayland-server.so.0.1.0
7facd108e000-7facd108f000 rw-p 00014000 08:20 56846                      /usr/lib/x86_64-linux-gnu/libwayland-server.so.0.1.0
7facd108f000-7facd1094000 r--p 00000000 08:20 8001                       /usr/lib/x86_64-linux-gnu/libwayland-client.so.0.3.0
7facd1094000-7facd109a000 r-xp 00005000 08:20 8001                       /usr/lib/x86_64-linux-gnu/libwayland-client.so.0.3.0
7facd109a000-7facd109d000 r--p 0000b000 08:20 8001                       /usr/lib/x86_64-linux-gnu/libwayland-client.so.0.3.0
7facd109d000-7facd109f000 r--p 0000d000 08:20 8001                       /usr/lib/x86_64-linux-gnu/libwayland-client.so.0.3.0
7facd109f000-7facd10a0000 rw-p 0000f000 08:20 8001                       /usr/lib/x86_64-linux-gnu/libwayland-client.so.0.3.0
7facd10a0000-7facd10a5000 r--p 00000000 08:20 22655                      /usr/lib/x86_64-linux-gnu/libdrm.so.2.4.0
7facd10a5000-7facd10b0000 r-xp 00005000 08:20 22655                      /usr/lib/x86_64-linux-gnu/libdrm.so.2.4.0
7facd10b0000-7facd10b4000 r--p 00010000 08:20 22655                      /usr/lib/x86_64-linux-gnu/libdrm.so.2.4.0
7facd10b4000-7facd10b5000 r--p 00013000 08:20 22655                      /usr/lib/x86_64-linux-gnu/libdrm.so.2.4.0
7facd10b5000-7facd10b6000 rw-p 00014000 08:20 22655                      /usr/lib/x86_64-linux-gnu/libdrm.so.2.4.0
7facd10b6000-7facd10b9000 r--p 00000000 08:20 12750                      /usr/lib/x86_64-linux-gnu/libxcb-xfixes.so.0.0.0
7facd10b9000-7facd10bc000 r-xp 00003000 08:20 12750                      /usr/lib/x86_64-linux-gnu/libxcb-xfixes.so.0.0.0
7facd10bc000-7facd10bd000 r--p 00006000 08:20 12750                      /usr/lib/x86_64-linux-gnu/libxcb-xfixes.so.0.0.0
7facd10bd000-7facd10be000 ---p 00007000 08:20 12750                      /usr/lib/x86_64-linux-gnu/libxcb-xfixes.so.0.0.0
7facd10be000-7facd10bf000 r--p 00007000 08:20 12750                      /usr/lib/x86_64-linux-gnu/libxcb-xfixes.so.0.0.0
7facd10bf000-7facd10c0000 rw-p 00008000 08:20 12750                      /usr/lib/x86_64-linux-gnu/libxcb-xfixes.so.0.0.0
7facd10c0000-7facd10c2000 r--p 00000000 08:20 12734                      /usr/lib/x86_64-linux-gnu/libxcb-dri2.so.0.0.0
7facd10c2000-7facd10c4000 r-xp 00002000 08:20 12734                      /usr/lib/x86_64-linux-gnu/libxcb-dri2.so.0.0.0
7facd10c4000-7facd10c5000 r--p 00004000 08:20 12734                      /usr/lib/x86_64-linux-gnu/libxcb-dri2.so.0.0.0
7facd10c5000-7facd10c6000 r--p 00004000 08:20 12734                      /usr/lib/x86_64-linux-gnu/libxcb-dri2.so.0.0.0
7facd10c6000-7facd10c7000 rw-p 00005000 08:20 12734                      /usr/lib/x86_64-linux-gnu/libxcb-dri2.so.0.0.0
7facd10c7000-7facd10cb000 r--p 00000000 08:20 14810                      /usr/lib/x86_64-linux-gnu/libexpat.so.1.6.11
7facd10cb000-7facd10e7000 r-xp 00004000 08:20 14810                      /usr/lib/x86_64-linux-gnu/libexpat.so.1.6.11
7facd10e7000-7facd10f1000 r--p 00020000 08:20 14810                      /usr/lib/x86_64-linux-gnu/libexpat.so.1.6.11
7facd10f1000-7facd10f2000 ---p 0002a000 08:20 14810                      /usr/lib/x86_64-linux-gnu/libexpat.so.1.6.11
7facd10f2000-7facd10f4000 r--p 0002a000 08:20 14810                      /usr/lib/x86_64-linux-gnu/libexpat.so.1.6.11
7facd10f4000-7facd10f5000 rw-p 0002c000 08:20 14810                      /usr/lib/x86_64-linux-gnu/libexpat.so.1.6.11
7facd10f5000-7facd1102000 r--p 00000000 08:20 7556                       /usr/lib/x86_64-linux-gnu/libglapi.so.0.0.0
7facd1102000-7facd1110000 r-xp 0000d000 08:20 7556                       /usr/lib/x86_64-linux-gnu/libglapi.so.0.0.0
7facd1110000-7facd1129000 r--p 0001b000 08:20 7556                       /usr/lib/x86_64-linux-gnu/libglapi.so.0.0.0
7facd1129000-7facd112a000 ---p 00034000 08:20 7556                       /usr/lib/x86_64-linux-gnu/libglapi.so.0.0.0
7facd112a000-7facd112e000 r--p 00034000 08:20 7556                       /usr/lib/x86_64-linux-gnu/libglapi.so.0.0.0
7facd112e000-7facd112f000 rw-p 00038000 08:20 7556                       /usr/lib/x86_64-linux-gnu/libglapi.so.0.0.0
7facd112f000-7facd1130000 rw-p 00000000 00:00 0 
7facd1130000-7facd1133000 r--p 00000000 08:20 56859                      /usr/lib/x86_64-linux-gnu/libgbm.so.1.0.0
7facd1133000-7facd113b000 r-xp 00003000 08:20 56859                      /usr/lib/x86_64-linux-gnu/libgbm.so.1.0.0
7facd113b000-7facd113f000 r--p 0000b000 08:20 56859                      /usr/lib/x86_64-linux-gnu/libgbm.so.1.0.0
7facd113f000-7facd1140000 r--p 0000e000 08:20 56859                      /usr/lib/x86_64-linux-gnu/libgbm.so.1.0.0
7facd1140000-7facd1141000 rw-p 0000f000 08:20 56859                      /usr/lib/x86_64-linux-gnu/libgbm.so.1.0.0
7facd1141000-7facd114a000 r--p 00000000 08:20 56876                      /usr/lib/x86_64-linux-gnu/libEGL_mesa.so.0.0.0
7facd114a000-7facd1170000 r-xp 00009000 08:20 56876                      /usr/lib/x86_64-linux-gnu/libEGL_mesa.so.0.0.0
7facd1170000-7facd117f000 r--p 0002f000 08:20 56876                      /usr/lib/x86_64-linux-gnu/libEGL_mesa.so.0.0.0
7facd117f000-7facd1182000 r--p 0003d000 08:20 56876                      /usr/lib/x86_64-linux-gnu/libEGL_mesa.so.0.0.0
7facd1182000-7facd1183000 rw-p 00040000 08:20 56876                      /usr/lib/x86_64-linux-gnu/libEGL_mesa.so.0.0.0
7facd1183000-7facd11df000 r-xp 00000000 08:20 60401                      /tmp/jogamp_0000/file_cache/jln12140938706830127949/jln9092741853247314514/natives/linux-amd64/libjogl_mobile.so
7facd11df000-7facd13df000 ---p 0005c000 08:20 60401                      /tmp/jogamp_0000/file_cache/jln12140938706830127949/jln9092741853247314514/natives/linux-amd64/libjogl_mobile.so
7facd13df000-7facd13e0000 rw-p 0005c000 08:20 60401                      /tmp/jogamp_0000/file_cache/jln12140938706830127949/jln9092741853247314514/natives/linux-amd64/libjogl_mobile.so
7facd13e0000-7facd13e3000 r--p 00000000 08:20 56897                      /usr/lib/x86_64-linux-gnu/libEGL.so.1.1.0
7facd13e3000-7facd13ee000 r-xp 00003000 08:20 56897                      /usr/lib/x86_64-linux-gnu/libEGL.so.1.1.0
7facd13ee000-7facd13f3000 r--p 0000e000 08:20 56897                      /usr/lib/x86_64-linux-gnu/libEGL.so.1.1.0
7facd13f3000-7facd13f4000 r--p 00012000 08:20 56897                      /usr/lib/x86_64-linux-gnu/libEGL.so.1.1.0
7facd13f4000-7facd13f5000 rw-p 00013000 08:20 56897                      /usr/lib/x86_64-linux-gnu/libEGL.so.1.1.0
7facd13f5000-7facd13fd000 r--p 00000000 08:20 56944                      /usr/lib/x86_64-linux-gnu/libGLESv2.so.2.1.0
7facd13fd000-7facd1402000 r-xp 00008000 08:20 56944                      /usr/lib/x86_64-linux-gnu/libGLESv2.so.2.1.0
7facd1402000-7facd1404000 r--p 0000d000 08:20 56944                      /usr/lib/x86_64-linux-gnu/libGLESv2.so.2.1.0
7facd1404000-7facd1405000 ---p 0000f000 08:20 56944                      /usr/lib/x86_64-linux-gnu/libGLESv2.so.2.1.0
7facd1405000-7facd1407000 r--p 0000f000 08:20 56944                      /usr/lib/x86_64-linux-gnu/libGLESv2.so.2.1.0
7facd1407000-7facd1408000 rw-p 00011000 08:20 56944                      /usr/lib/x86_64-linux-gnu/libGLESv2.so.2.1.0
7facd1408000-7facd140c000 ---p 00000000 00:00 0 
7facd140c000-7facd1509000 rw-p 00000000 00:00 0 
7facd1509000-7facd15c1000 r-xp 00000000 08:20 60396                      /tmp/jogamp_0000/file_cache/jln12140938706830127949/jln9092741853247314514/natives/linux-amd64/libjogl_desktop.so
7facd15c1000-7facd17c1000 ---p 000b8000 08:20 60396                      /tmp/jogamp_0000/file_cache/jln12140938706830127949/jln9092741853247314514/natives/linux-amd64/libjogl_desktop.so
7facd17c1000-7facd17c2000 rw-p 000b8000 08:20 60396                      /tmp/jogamp_0000/file_cache/jln12140938706830127949/jln9092741853247314514/natives/linux-amd64/libjogl_desktop.so
7facd17c2000-7facd17c5000 r--p 00000000 08:20 3880                       /usr/lib/x86_64-linux-gnu/libGLX.so.0.0.0
7facd17c5000-7facd17e0000 r-xp 00003000 08:20 3880                       /usr/lib/x86_64-linux-gnu/libGLX.so.0.0.0
7facd17e0000-7facd17e4000 r--p 0001e000 08:20 3880                       /usr/lib/x86_64-linux-gnu/libGLX.so.0.0.0
7facd17e4000-7facd17e5000 r--p 00021000 08:20 3880                       /usr/lib/x86_64-linux-gnu/libGLX.so.0.0.0
7facd17e5000-7facd17e6000 rw-p 00022000 08:20 3880                       /usr/lib/x86_64-linux-gnu/libGLX.so.0.0.0
7facd17e6000-7facd17f6000 rw-p 00000000 00:00 0 
7facd17f6000-7facd1836000 r--p 00000000 08:20 3896                       /usr/lib/x86_64-linux-gnu/libGLdispatch.so.0.0.0
7facd1836000-7facd1875000 r-xp 00040000 08:20 3896                       /usr/lib/x86_64-linux-gnu/libGLdispatch.so.0.0.0
7facd1875000-7facd1889000 r--p 0007f000 08:20 3896                       /usr/lib/x86_64-linux-gnu/libGLdispatch.so.0.0.0
7facd1889000-7facd18a5000 r--p 00092000 08:20 3896                       /usr/lib/x86_64-linux-gnu/libGLdispatch.so.0.0.0
7facd18a5000-7facd18a6000 rw-p 000ae000 08:20 3896                       /usr/lib/x86_64-linux-gnu/libGLdispatch.so.0.0.0
7facd18a6000-7facd18ae000 rw-p 00000000 00:00 0 
7facd18ae000-7facd18f1000 r--p 00000000 08:20 3799                       /usr/lib/x86_64-linux-gnu/libGL.so.1.7.0
7facd18f1000-7facd1911000 r-xp 00043000 08:20 3799                       /usr/lib/x86_64-linux-gnu/libGL.so.1.7.0
7facd1911000-7facd1926000 r--p 00063000 08:20 3799                       /usr/lib/x86_64-linux-gnu/libGL.so.1.7.0
7facd1926000-7facd1934000 r--p 00077000 08:20 3799                       /usr/lib/x86_64-linux-gnu/libGL.so.1.7.0
7facd1934000-7facd1935000 rw-p 00085000 08:20 3799                       /usr/lib/x86_64-linux-gnu/libGL.so.1.7.0
7facd1935000-7facd1b36000 rw-p 00000000 00:00 0 
7facd1b36000-7facd1b3d000 r-xp 00000000 08:20 60596                      /tmp/jogamp_0000/file_cache/jln12140938706830127949/jln9092741853247314514/natives/linux-amd64/libnativewindow_x11.so
7facd1b3d000-7facd1d3c000 ---p 00007000 08:20 60596                      /tmp/jogamp_0000/file_cache/jln12140938706830127949/jln9092741853247314514/natives/linux-amd64/libnativewindow_x11.so
7facd1d3c000-7facd1d3d000 rw-p 00006000 08:20 60596                      /tmp/jogamp_0000/file_cache/jln12140938706830127949/jln9092741853247314514/natives/linux-amd64/libnativewindow_x11.so
7facd1d3d000-7facd1d41000 ---p 00000000 00:00 0 
7facd1d41000-7facd1e3e000 rw-p 00000000 00:00 0 
7facd1e3e000-7facd1e42000 ---p 00000000 00:00 0 
7facd1e42000-7facd1f3f000 rw-p 00000000 00:00 0 
7facd1f3f000-7facd1f40000 r--p 00000000 08:20 12150                      /usr/lib/x86_64-linux-gnu/libXxf86vm.so.1.0.0
7facd1f40000-7facd1f43000 r-xp 00001000 08:20 12150                      /usr/lib/x86_64-linux-gnu/libXxf86vm.so.1.0.0
7facd1f43000-7facd1f44000 r--p 00004000 08:20 12150                      /usr/lib/x86_64-linux-gnu/libXxf86vm.so.1.0.0
7facd1f44000-7facd1f45000 r--p 00004000 08:20 12150                      /usr/lib/x86_64-linux-gnu/libXxf86vm.so.1.0.0
7facd1f45000-7facd1f46000 rw-p 00005000 08:20 12150                      /usr/lib/x86_64-linux-gnu/libXxf86vm.so.1.0.0
7facd1f50000-7facd1f52000 r-xp 00000000 08:20 60593                      /tmp/jogamp_0000/file_cache/jln12140938706830127949/jln9092741853247314514/natives/linux-amd64/libnativewindow_awt.so
7facd1f52000-7facd2151000 ---p 00002000 08:20 60593                      /tmp/jogamp_0000/file_cache/jln12140938706830127949/jln9092741853247314514/natives/linux-amd64/libnativewindow_awt.so
7facd2151000-7facd2152000 rw-p 00001000 08:20 60593                      /tmp/jogamp_0000/file_cache/jln12140938706830127949/jln9092741853247314514/natives/linux-amd64/libnativewindow_awt.so
7facd2152000-7facd2156000 ---p 00000000 00:00 0 
7facd2156000-7facd2253000 rw-p 00000000 00:00 0 
7facd2253000-7facd2255000 r--p 00000000